<?xml version="1.0" encoding="UTF-8" standalone="no"?>
<!DOCTYPE log SYSTEM "logger.dtd">
<log>
<record>
  <date>2023-08-22T17:38:06.124-0300</date>
  <logger>ERIK DINIZ BESERRA</logger>
  <level>FINE</level>
  <message>File 122110747-ERIK DINIZ BESERRA.zip was received. It was sent by ERIK DINIZ BESERRA from IP 192.168.0.5 at 22-08-2023 17*38*06</message>
</record>
</log>
<?xml version="1.0" encoding="UTF-8" standalone="no"?>
<!DOCTYPE log SYSTEM "logger.dtd">
<log>
<record>
  <date>2023-08-24T23:09:21.970-0300</date>
  <logger>ERIK DINIZ BESERRA</logger>
  <level>FINE</level>
  <message>File 122110747-ERIK DINIZ BESERRA.zip was received. It was sent by ERIK DINIZ BESERRA from IP 192.168.0.5 at 24-08-2023 23*09*21</message>
</record>
</log>
<?xml version="1.0" encoding="UTF-8" standalone="no"?>
<!DOCTYPE log SYSTEM "logger.dtd">
<log>
<record>
  <date>2023-08-25T03:27:27.510-0300</date>
  <logger>ERIK DINIZ BESERRA</logger>
  <level>FINE</level>
  <message>File 122110747-ERIK DINIZ BESERRA.zip was received. It was sent by ERIK DINIZ BESERRA from IP 192.168.0.5 at 25-08-2023 03*27*27</message>
</record>
