<?xml version="1.0" encoding="UTF-8" standalone="no"?>
<!DOCTYPE log SYSTEM "logger.dtd">
<log>
<record>
  <date>2023-08-17T11:21:08.942-0300</date>
  <logger>ERIK DINIZ BESERRA</logger>
  <level>FINE</level>
  <message>File 122110747-ERIK DINIZ BESERRA.zip was received. It was sent by ERIK DINIZ BESERRA from IP 192.168.0.5 at 17-08-2023 11*21*08</message>
</record>
</log>
<?xml version="1.0" encoding="UTF-8" standalone="no"?>
<!DOCTYPE log SYSTEM "logger.dtd">
<log>
<record>
  <date>2023-08-17T14:37:28.664-0300</date>
  <logger>ERIK DINIZ BESERRA</logger>
  <level>FINE</level>
  <message>File 122110747-ERIK DINIZ BESERRA.zip was received. It was sent by ERIK DINIZ BESERRA from IP 192.168.0.5 at 17-08-2023 14*37*28</message>
</record>
</log>
<?xml version="1.0" encoding="UTF-8" standalone="no"?>
<!DOCTYPE log SYSTEM "logger.dtd">
<log>
<record>
  <date>2023-08-17T16:35:28.944-0300</date>
  <logger>ERIK DINIZ BESERRA</logger>
  <level>FINE</level>
  <message>File 122110747-ERIK DINIZ BESERRA.zip was received. It was sent by ERIK DINIZ BESERRA from IP 192.168.0.5 at 17-08-2023 16*35*28</message>
</record>
</log>
<?xml version="1.0" encoding="UTF-8" standalone="no"?>
<!DOCTYPE log SYSTEM "logger.dtd">
<log>
<record>
  <date>2023-08-18T05:02:38.706-0300</date>
  <logger>ERIK DINIZ BESERRA</logger>
  <level>FINE</level>
  <message>File 122110747-ERIK DINIZ BESERRA.zip was received. It was sent by ERIK DINIZ BESERRA from IP 192.168.0.5 at 18-08-2023 05*02*38</message>
</record>
</log>
<?xml version="1.0" encoding="UTF-8" standalone="no"?>
<!DOCTYPE log SYSTEM "logger.dtd">
<log>
<record>
  <date>2023-08-18T05:13:31.878-0300</date>
  <logger>ERIK DINIZ BESERRA</logger>
  <level>FINE</level>
  <message>File 122110747-ERIK DINIZ BESERRA.zip was received. It was sent by ERIK DINIZ BESERRA from IP 192.168.0.5 at 18-08-2023 05*13*31</message>
</record>
