<?xml version="1.0" encoding="UTF-8" standalone="no"?>
<!DOCTYPE log SYSTEM "logger.dtd">
<log>
<record>
  <date>2023-10-05T19:50:01.879-0300</date>
  <logger>ERIK DINIZ BESERRA</logger>
  <level>FINE</level>
  <message>File 122110747-ERIK DINIZ BESERRA.zip was received. It was sent by ERIK DINIZ BESERRA from IP 192.168.0.5 at 05-10-2023 19*50*01</message>
</record>
</log>
<?xml version="1.0" encoding="UTF-8" standalone="no"?>
<!DOCTYPE log SYSTEM "logger.dtd">
<log>
<record>
  <date>2023-10-06T10:30:49.843-0300</date>
  <logger>ERIK DINIZ BESERRA</logger>
  <level>FINE</level>
  <message>File 122110747-ERIK DINIZ BESERRA.zip was received. It was sent by ERIK DINIZ BESERRA from IP 150.165.42.121 at 06-10-2023 10*30*49</message>
</record>
</log>
<?xml version="1.0" encoding="UTF-8" standalone="no"?>
<!DOCTYPE log SYSTEM "logger.dtd">
<log>
<record>
  <date>2023-10-06T10:47:17.899-0300</date>
  <logger>ERIK DINIZ BESERRA</logger>
  <level>FINE</level>
  <message>File 122110747-ERIK DINIZ BESERRA.zip was received. It was sent by ERIK DINIZ BESERRA from IP 150.165.42.121 at 06-10-2023 10*47*17</message>
</record>
