#
# A fatal error has been detected by the Java Runtime Environment:
#
#  SIGSEGV (0xb) at pc=0x00007f03c7c3791d, pid=7925, tid=7989
#
# JRE version: OpenJDK Runtime Environment Temurin-17.0.7+7 (17.0.7+7) (build 17.0.7+7)
# Java VM: OpenJDK 64-Bit Server VM Temurin-17.0.7+7 (17.0.7+7, mixed mode, tiered, compressed oops, compressed class ptrs, parallel gc, linux-amd64)
# Problematic frame:
# V  [libjvm.so+0xc8791d]  ParallelCompactData::calc_new_pointer(HeapWordImpl**, ParCompactionManager*) const+0x2d
#
# Core dump will be written. Default location: Core dumps may be processed with "/lib/systemd/systemd-coredump %P %u %g %s %t 9223372036854775808 %h" (or dumping to /home/erik.diniz.beserra/Downloads/Roteiros-LEDA-main/R10-02-Rot-TabelaHash-environment/core.7925)
#
# If you would like to submit a bug report, please visit:
#   https://github.com/adoptium/adoptium-support/issues
#

---------------  S U M M A R Y ------------

Command Line: --add-modules=ALL-SYSTEM --add-opens=java.base/java.util=ALL-UNNAMED --add-opens=java.base/java.lang=ALL-UNNAMED --add-opens=java.base/sun.nio.fs=ALL-UNNAMED -Declipse.application=org.eclipse.jdt.ls.core.id1 -Dosgi.bundles.defaultStartLevel=4 -Declipse.product=org.eclipse.jdt.ls.core.product -Djava.import.generatesMetadataFilesAtProjectRoot=false -Dfile.encoding=utf8 -XX:+UseParallelGC -XX:GCTimeRatio=4 -XX:AdaptiveSizePolicyWeight=90 -Dsun.zip.disableMemoryMapping=true -Xmx1G -Xms100m -Xlog:disable -javaagent:/usr/share/code/resources/app/extensions/redhat.java-1.21.0-linux-x64/lombok/lombok-1.18.28.jar -XX:+HeapDumpOnOutOfMemoryError -XX:HeapDumpPath=/home/erik.diniz.beserra/.config/Code/User/workspaceStorage/744e26f223d76c117024e576e025b18d/redhat.java -Daether.dependencyCollector.impl=bf /usr/share/code/resources/app/extensions/redhat.java-1.21.0-linux-x64/server/plugins/org.eclipse.equinox.launcher_1.6.500.v20230717-2134.jar -configuration /home/erik.diniz.beserra/.config/Code/User/globalStorage/redhat.java/1.21.0/config_linux -data /home/erik.diniz.beserra/.config/Code/User/workspaceStorage/744e26f223d76c117024e576e025b18d/redhat.java/jdt_ws

Host: AMD PRO A10-8770E R7, 10 COMPUTE CORES 4C+6G, 4 cores, 7G, Linux Mint 20.3 Una
Time: Fri Oct  6 10:11:45 2023 -03 elapsed time: 29.020538 seconds (0d 0h 0m 29s)

---------------  T H R E A D  ---------------

Current thread (0x00007f03a0002840):  GCTaskThread "GC Thread#2" [stack: 0x00007f03a4273000,0x00007f03a4373000] [id=7989]

Stack: [0x00007f03a4273000,0x00007f03a4373000],  sp=0x00007f03a4371b40,  free space=1018k
Native frames: (J=compiled Java code, j=interpreted, Vv=VM code, C=native code)
V  [libjvm.so+0xc8791d]  ParallelCompactData::calc_new_pointer(HeapWordImpl**, ParCompactionManager*) const+0x2d
V  [libjvm.so+0xc7af0f]  void OopOopIterateDispatch<PCAdjustPointerClosure>::Table::oop_oop_iterate<ObjArrayKlass, narrowOop>(PCAdjustPointerClosure*, oopDesc*, Klass*)+0x7f
V  [libjvm.so+0xc84069]  UpdateOnlyClosure::do_addr(HeapWordImpl**, unsigned long)+0x79
V  [libjvm.so+0xc366c3]  ParMarkBitMap::iterate(ParMarkBitMapClosure*, ParMarkBitMapClosure*, unsigned long, unsigned long, unsigned long) const+0x1c3
V  [libjvm.so+0xc86b91]  PSParallelCompact::update_and_deadwood_in_dense_prefix(ParCompactionManager*, PSParallelCompact::SpaceId, unsigned long, unsigned long)+0x291
V  [libjvm.so+0xc8bbe1]  UpdateDensePrefixAndCompactionTask::work(unsigned int)+0x3f1
V  [libjvm.so+0xf14b7f]  GangWorker::loop()+0x5f
V  [libjvm.so+0xf14bdf]
V  [libjvm.so+0xe65c10]  Thread::call_run()+0xc0
V  [libjvm.so+0xc1aa21]  thread_native_entry(Thread*)+0xe1


siginfo: si_signo: 11 (SIGSEGV), si_code: 128 (SI_KERNEL), si_addr: 0x0000000000000000

Register to memory mapping:

RAX=0x00007f03c404c000 points into unknown readable memory: 0x00000000c0000000 | 00 00 00 c0 00 00 00 00
RBX=0x0000000001000000 is an unknown value
RCX=0x0 is NULL
RDX=0x00009fffffff88a0 is an unknown value
RSP=0x00007f03a4371b40 points into unknown readable memory: 0x00007f03a4371bc0 | c0 1b 37 a4 03 7f 00 00
RBP=0x00007f03a4371b70 points into unknown readable memory: 0x00007f03a4371bb0 | b0 1b 37 a4 03 7f 00 00
RSI=0x0000000001000000 is an unknown value
RDI=0x00007f03c82ceac0: <offset 0x000000000131eac0> in /usr/share/code/resources/app/extensions/redhat.java-1.21.0-linux-x64/jre/17.0.7-linux-x86_64/lib/server/libjvm.so at 0x00007f03c6fb0000
R8 =0x0000000000000011 is an unknown value
R9 =0x0000000000000067 is an unknown value
R10=0x0000000000705279 is an unknown value
R11=0x00007f03c82ceb00: <offset 0x000000000131eb00> in /usr/share/code/resources/app/extensions/redhat.java-1.21.0-linux-x64/jre/17.0.7-linux-x86_64/lib/server/libjvm.so at 0x00007f03c6fb0000
R12=0x0000000001000000 is an unknown value
R13=0x00000000c246bce4 is pointing into object: [[C 
{0x00000000c246bc58} - klass: {type array char}[]
 - length: 31
R14=0x00057f03c4010500 is an unknown value
R15=0x00007f03c010b880 points into unknown readable memory: 0x0000000000000000 | 00 00 00 00 00 00 00 00


Registers:
RAX=0x00007f03c404c000, RBX=0x0000000001000000, RCX=0x0000000000000000, RDX=0x00009fffffff88a0
RSP=0x00007f03a4371b40, RBP=0x00007f03a4371b70, RSI=0x0000000001000000, RDI=0x00007f03c82ceac0
R8 =0x0000000000000011, R9 =0x0000000000000067, R10=0x0000000000705279, R11=0x00007f03c82ceb00
R12=0x0000000001000000, R13=0x00000000c246bce4, R14=0x00057f03c4010500, R15=0x00007f03c010b880
RIP=0x00007f03c7c3791d, EFLAGS=0x0000000000010212, CSGSFS=0x002b000000000033, ERR=0x0000000000000000
  TRAPNO=0x000000000000000d

Top of Stack: (sp=0x00007f03a4371b40)
0x00007f03a4371b40:   00007f03a4371bc0 0000000001000000
0x00007f03a4371b50:   00000000c246bc74 00000000c246bce4
0x00007f03a4371b60:   00007f03a4371bc0 00007f03c826c330
0x00007f03a4371b70:   00007f03a4371bb0 00007f03c7c2af0f 

Instructions: (pc=0x00007f03c7c3791d)
0x00007f03c7c3781d:   48 8d 51 01 49 01 c1 49 01 c9 4c 39 da 73 3f 4c
0x00007f03c7c3782d:   8b 2d dd 72 69 00 48 89 d0 48 89 d1 48 c1 e8 06
0x00007f03c7c3783d:   83 e1 3f 4d 8b 74 c5 00 49 d3 ee 41 f6 c6 01 75
0x00007f03c7c3784d:   44 4d 85 f6 74 0f eb 2b 0f 1f 00 49 8b 54 c5 00
0x00007f03c7c3785d:   48 85 d2 75 6e 48 83 c0 01 48 39 c6 77 ed 48 83
0x00007f03c7c3786d:   c4 10 5b 41 5c 41 5d 41 5e 5d c3 0f 1f 84 00 00
0x00007f03c7c3787d:   00 00 00 31 c9 f3 49 0f bc ce 48 63 c9 48 01 ca
0x00007f03c7c3788d:   49 39 d3 76 d9 48 89 f8 e9 06 ff ff ff 66 0f 1f
0x00007f03c7c3789d:   44 00 00 31 c0 f3 49 0f bc c6 48 98 48 8d 0c 10
0x00007f03c7c378ad:   e9 60 ff ff ff 66 0f 1f 44 00 00 f3 48 0f bc c9
0x00007f03c7c378bd:   48 c1 e0 06 48 63 c9 48 01 c1 e9 46 ff ff ff 0f
0x00007f03c7c378cd:   1f 40 00 f3 48 0f bc d2 48 c1 e0 06 48 63 d2 48
0x00007f03c7c378dd:   01 c2 eb ac 0f 1f 80 00 00 00 00 c3 90 66 0f 1f
0x00007f03c7c378ed:   44 00 00 55 48 89 f0 48 89 e5 41 57 49 89 d7 41
0x00007f03c7c378fd:   56 41 55 41 54 49 89 f4 53 48 83 ec 08 48 2b 07
0x00007f03c7c3790d:   48 c1 e8 13 48 8d 14 80 48 8b 47 18 4c 8d 34 d0
0x00007f03c7c3791d:   41 8b 46 1c 41 8b 56 18 4d 8b 2e 25 ff ff ff 07
0x00007f03c7c3792d:   48 01 d0 48 3d 00 00 01 00 74 78 41 0f b6 46 20
0x00007f03c7c3793d:   48 89 fb 84 c0 74 4c 48 8b 53 30 4c 89 e0 48 2b
0x00007f03c7c3794d:   03 4c 89 e1 48 c1 e8 0a 4c 89 fe 48 8d 3d a1 71
0x00007f03c7c3795d:   69 00 0f b7 1c 42 4c 89 e2 48 81 e2 00 fc ff ff
0x00007f03c7c3796d:   e8 1e e8 fa ff 48 83 c4 08 48 01 c3 49 8d 44 dd
0x00007f03c7c3797d:   00 5b 41 5c 41 5d 41 5e 41 5f 5d c3 0f 1f 80 00
0x00007f03c7c3798d:   00 00 00 48 89 f7 48 2b 3b 48 c1 ef 13 e8 61 fd
0x00007f03c7c3799d:   ff ff 41 c6 46 20 01 eb 9e 66 2e 0f 1f 84 00 00
0x00007f03c7c379ad:   00 00 00 48 83 c4 08 41 81 e4 f8 ff 07 00 5b 4b
0x00007f03c7c379bd:   8d 44 25 00 41 5c 41 5d 41 5e 41 5f 5d c3 90 0f
0x00007f03c7c379cd:   1f 40 00 55 48 89 e5 53 48 89 fb 48 83 ec 08 48
0x00007f03c7c379dd:   8b 47 28 48 8b 57 38 48 8b 77 20 48 8d 3c d0 48
0x00007f03c7c379ed:   39 fe 74 19 48 8b 43 18 48 8d 14 c5 00 00 00 00
0x00007f03c7c379fd:   e8 4e a7 5c ff 48 8b 7b 20 48 8b 43 28 48 8b 53
0x00007f03c7c37a0d:   18 48 c7 43 18 00 00 00 00 48 c1 e2 03 48 01 d0 


Stack slot to memory mapping:
stack at sp + 0 slots: 0x00007f03a4371bc0 points into unknown readable memory: 0x00007f03c81c41e8 | e8 41 1c c8 03 7f 00 00
stack at sp + 1 slots: 0x0000000001000000 is an unknown value
stack at sp + 2 slots: 0x00000000c246bc74 is pointing into object: [[C 
{0x00000000c246bc58} - klass: {type array char}[]
 - length: 31
stack at sp + 3 slots: 0x00000000c246bce4 is pointing into object: [[C 
{0x00000000c246bc58} - klass: {type array char}[]
 - length: 31
stack at sp + 4 slots: 0x00007f03a4371bc0 points into unknown readable memory: 0x00007f03c81c41e8 | e8 41 1c c8 03 7f 00 00
stack at sp + 5 slots: 0x00007f03c826c330: <offset 0x00000000012bc330> in /usr/share/code/resources/app/extensions/redhat.java-1.21.0-linux-x64/jre/17.0.7-linux-x86_64/lib/server/libjvm.so at 0x00007f03c6fb0000
stack at sp + 6 slots: 0x00007f03a4371bb0 points into unknown readable memory: 0x00007f03a4371be0 | e0 1b 37 a4 03 7f 00 00
stack at sp + 7 slots: 0x00007f03c7c2af0f: <offset 0x0000000000c7af0f> in /usr/share/code/resources/app/extensions/redhat.java-1.21.0-linux-x64/jre/17.0.7-linux-x86_64/lib/server/libjvm.so at 0x00007f03c6fb0000


---------------  P R O C E S S  ---------------

Threads class SMR info:
_java_thread_list=0x00007f0360015240, length=28, elements={
0x00007f03c0027580, 0x00007f03c0160f00, 0x00007f03c0162470, 0x00007f03c01898a0,
0x00007f03c018d190, 0x00007f03c018e100, 0x00007f03c018f750, 0x00007f03c0190c00,
0x00007f03c0192040, 0x00007f03c0248870, 0x00007f03c0330570, 0x00007f03c0431520,
0x00007f03c0523a70, 0x00007f03c057b1a0, 0x00007f03c057e090, 0x00007f034c033950,
0x00007f034c277080, 0x00007f034c397670, 0x00007f034c3ac990, 0x00007f034c6f2a40,
0x00007f033c001a20, 0x00007f0338000e70, 0x00007f0338002d70, 0x00007f0330000e70,
0x00007f03c05abf30, 0x00007f03c05e0750, 0x00007f03c05d9ce0, 0x00007f03807fcc60
}

Java Threads: ( => current thread )
  0x00007f03c0027580 JavaThread "main" [_thread_blocked, id=7926, stack(0x00007f03c6d47000,0x00007f03c6e48000)]
  0x00007f03c0160f00 JavaThread "Reference Handler" daemon [_thread_blocked, id=7941, stack(0x00007f03a54f4000,0x00007f03a55f5000)]
  0x00007f03c0162470 JavaThread "Finalizer" daemon [_thread_blocked, id=7942, stack(0x00007f03a53f3000,0x00007f03a54f4000)]
  0x00007f03c01898a0 JavaThread "Signal Dispatcher" daemon [_thread_blocked, id=7944, stack(0x00007f03a4d7f000,0x00007f03a4e80000)]
  0x00007f03c018d190 JavaThread "Service Thread" daemon [_thread_blocked, id=7945, stack(0x00007f03a4c7e000,0x00007f03a4d7f000)]
  0x00007f03c018e100 JavaThread "Monitor Deflation Thread" daemon [_thread_blocked, id=7946, stack(0x00007f03a4b7d000,0x00007f03a4c7e000)]
  0x00007f03c018f750 JavaThread "C2 CompilerThread0" daemon [_thread_blocked, id=7947, stack(0x00007f03a4a7c000,0x00007f03a4b7d000)]
  0x00007f03c0190c00 JavaThread "C1 CompilerThread0" daemon [_thread_blocked, id=7948, stack(0x00007f03a497b000,0x00007f03a4a7c000)]
  0x00007f03c0192040 JavaThread "Sweeper thread" daemon [_thread_blocked, id=7949, stack(0x00007f03a487a000,0x00007f03a497b000)]
  0x00007f03c0248870 JavaThread "Common-Cleaner" daemon [_thread_blocked, id=7957, stack(0x00007f03a4779000,0x00007f03a487a000)]
  0x00007f03c0330570 JavaThread "Notification Thread" daemon [_thread_blocked, id=7971, stack(0x00007f03a4678000,0x00007f03a4779000)]
  0x00007f03c0431520 JavaThread "process reaper" daemon [_thread_blocked, id=7980, stack(0x00007f03b004e000,0x00007f03b0070000)]
  0x00007f03c0523a70 JavaThread "Active Thread: Equinox Container: 33ac69cc-7b71-4e52-a8a3-fe05e9536fec" [_thread_blocked, id=7995, stack(0x00007f03a4475000,0x00007f03a4576000)]
  0x00007f03c057b1a0 JavaThread "Framework Event Dispatcher: Equinox Container: 33ac69cc-7b71-4e52-a8a3-fe05e9536fec" daemon [_thread_blocked, id=7999, stack(0x00007f035feff000,0x00007f0360000000)]
  0x00007f03c057e090 JavaThread "Start Level: Equinox Container: 33ac69cc-7b71-4e52-a8a3-fe05e9536fec" daemon [_thread_blocked, id=8000, stack(0x00007f035fdfe000,0x00007f035feff000)]
  0x00007f034c033950 JavaThread "SCR Component Actor" daemon [_thread_blocked, id=8002, stack(0x00007f035fae7000,0x00007f035fbe8000)]
  0x00007f034c277080 JavaThread "Worker-JM" [_thread_blocked, id=8008, stack(0x00007f035f9e6000,0x00007f035fae7000)]
  0x00007f034c397670 JavaThread "Worker-0" [_thread_blocked, id=8019, stack(0x00007f035f8e5000,0x00007f035f9e6000)]
  0x00007f034c3ac990 JavaThread "Worker-1: Initialize Workspace" [_thread_blocked, id=8022, stack(0x00007f035f7e4000,0x00007f035f8e5000)]
  0x00007f034c6f2a40 JavaThread "Java indexing" daemon [_thread_blocked, id=8033, stack(0x00007f035f5e2000,0x00007f035f6e3000)]
  0x00007f033c001a20 JavaThread "Worker-2" [_thread_blocked, id=8034, stack(0x00007f035f4e1000,0x00007f035f5e2000)]
  0x00007f0338000e70 JavaThread "Worker-3: Java indexing... " [_thread_blocked, id=8035, stack(0x00007f035f3e0000,0x00007f035f4e1000)]
  0x00007f0338002d70 JavaThread "Worker-4" [_thread_blocked, id=8040, stack(0x00007f035f2df000,0x00007f035f3e0000)]
  0x00007f0330000e70 JavaThread "Worker-5" [_thread_blocked, id=8041, stack(0x00007f035f1de000,0x00007f035f2df000)]
  0x00007f03c05abf30 JavaThread "pool-2-thread-1" [_thread_blocked, id=8042, stack(0x00007f035f0dd000,0x00007f035f1de000)]
  0x00007f03c05e0750 JavaThread "WorkspaceEventsHandler" [_thread_blocked, id=8055, stack(0x00007f035f6e3000,0x00007f035f7e4000)]
  0x00007f03c05d9ce0 JavaThread "pool-1-thread-1" [_thread_blocked, id=8056, stack(0x00007f035efdc000,0x00007f035f0dd000)]
  0x00007f03807fcc60 JavaThread "C2 CompilerThread1" daemon [_thread_blocked, id=8072, stack(0x00007f035eedb000,0x00007f035efdc000)]

Other Threads:
  0x00007f03c0150d80 VMThread "VM Thread" [stack: 0x00007f03a55f7000,0x00007f03a56f7000] [id=7939]
  0x00007f03c0070310 WatcherThread [stack: 0x00007f03a4578000,0x00007f03a4678000] [id=7972]
  0x00007f03c003dd80 GCTaskThread "GC Thread#0" [stack: 0x00007f03b0b29000,0x00007f03b0c29000] [id=7930]
  0x00007f03a00010d0 GCTaskThread "GC Thread#1" [stack: 0x00007f03a4375000,0x00007f03a4475000] [id=7988]
=>0x00007f03a0002840 GCTaskThread "GC Thread#2" [stack: 0x00007f03a4273000,0x00007f03a4373000] [id=7989]
  0x00007f03a0003080 GCTaskThread "GC Thread#3" [stack: 0x00007f03a4171000,0x00007f03a4271000] [id=7990]

Threads with active compile tasks:
C2 CompilerThread0    29034 7541   !   4       org.eclipse.jdt.internal.core.search.indexing.BinaryIndexer::indexDocument (1150 bytes)
C2 CompilerThread1    29034 7519   !   4       org.eclipse.jdt.internal.compiler.classfmt.ClassFileReader::<init> (2113 bytes)

VM state: at safepoint (normal execution)

VM Mutex/Monitor currently owned by a thread:  ([mutex/lock_event])
[0x00007f03c0024410] Threads_lock - owner thread: 0x00007f03c0150d80
[0x00007f03c0024bc0] Heap_lock - owner thread: 0x00007f034c6f2a40

Heap address: 0x00000000c0000000, size: 1024 MB, Compressed Oops mode: 32-bit

CDS archive(s) not mapped
Compressed class space mapped at: 0x0000000100000000-0x0000000140000000, reserved size: 1073741824
Narrow klass base: 0x0000000000000000, Narrow klass shift: 3, Narrow klass range: 0x140000000

GC Precious Log:
 CPUs: 4 total, 4 available
 Memory: 7372M
 Large Page Support: Disabled
 NUMA Support: Disabled
 Compressed Oops: Enabled (32-bit)
 Alignments: Space 512K, Generation 512K, Heap 2M
 Heap Min Capacity: 100M
 Heap Initial Capacity: 100M
 Heap Max Capacity: 1G
 Pre-touch: Disabled
 Parallel Workers: 4

Heap:
 PSYoungGen      total 7680K, used 1395K [0x00000000eab00000, 0x00000000eb500000, 0x0000000100000000)
  eden space 6144K, 0% used [0x00000000eab00000,0x00000000eab00000,0x00000000eb100000)
  from space 1536K, 90% used [0x00000000eb380000,0x00000000eb4dce78,0x00000000eb500000)
  to   space 1536K, 0% used [0x00000000eb100000,0x00000000eb100000,0x00000000eb280000)
 ParOldGen       total 91136K, used 90592K [0x00000000c0000000, 0x00000000c5900000, 0x00000000eab00000)
  object space 91136K, 99% used [0x00000000c0000000,0x00000000c58783e0,0x00000000c5900000)
 Metaspace       used 58988K, committed 60032K, reserved 1114112K
  class space    used 6553K, committed 7040K, reserved 1048576K

Card table byte_map: [0x00007f03b0c29000,0x00007f03b0e2a000] _byte_map_base: 0x00007f03b0629000

Marking Bits: (ParMarkBitMap*) 0x00007f03c82ceb00
 Begin Bits: [0x00007f03aa000000, 0x00007f03ab000000)
 End Bits:   [0x00007f03ab000000, 0x00007f03ac000000)

Polling page: 0x00007f03c85a0000

Metaspace:

Usage:
  Non-class:     51,21 MB used.
      Class:      6,40 MB used.
       Both:     57,61 MB used.

Virtual space:
  Non-class space:       64,00 MB reserved,      51,75 MB ( 81%) committed,  1 nodes.
      Class space:        1,00 GB reserved,       6,88 MB ( <1%) committed,  1 nodes.
             Both:        1,06 GB reserved,      58,62 MB (  5%) committed. 

Chunk freelists:
   Non-Class:  12,11 MB
       Class:  9,05 MB
        Both:  21,16 MB

MaxMetaspaceSize: unlimited
CompressedClassSpaceSize: 1,00 GB
Initial GC threshold: 21,00 MB
Current GC threshold: 95,31 MB
CDS: off
MetaspaceReclaimPolicy: balanced
 - commit_granule_bytes: 65536.
 - commit_granule_words: 8192.
 - virtual_space_node_default_size: 8388608.
 - enlarge_chunks_in_place: 1.
 - new_chunks_are_fully_committed: 0.
 - uncommit_free_chunks: 1.
 - use_allocation_guard: 0.
 - handle_deallocations: 1.


Internal statistics:

num_allocs_failed_limit: 6.
num_arena_births: 650.
num_arena_deaths: 16.
num_vsnodes_births: 2.
num_vsnodes_deaths: 0.
num_space_committed: 938.
num_space_uncommitted: 0.
num_chunks_returned_to_freelist: 22.
num_chunks_taken_from_freelist: 2820.
num_chunk_merges: 10.
num_chunk_splits: 1740.
num_chunks_enlarged: 998.
num_inconsistent_stats: 0.

CodeHeap 'non-profiled nmethods': size=120032Kb used=3195Kb max_used=3195Kb free=116836Kb
 bounds [0x00007f03b8ac8000, 0x00007f03b8de8000, 0x00007f03c0000000]
CodeHeap 'profiled nmethods': size=120028Kb used=12475Kb max_used=12475Kb free=107553Kb
 bounds [0x00007f03b1000000, 0x00007f03b1c30000, 0x00007f03b8537000]
CodeHeap 'non-nmethods': size=5700Kb used=1332Kb max_used=1392Kb free=4367Kb
 bounds [0x00007f03b8537000, 0x00007f03b87a7000, 0x00007f03b8ac8000]
 total_blobs=7236 nmethods=6564 adapters=586
 compilation: enabled
              stopped_count=0, restarted_count=0
 full_count=0

Compilation events (20 events):
Event: 28,680 Thread 0x00007f03c0190c00 7629       2       java.io.IOException::<init> (6 bytes)
Event: 28,681 Thread 0x00007f03c0190c00 nmethod 7629 0x00007f03b1c2b410 code [0x00007f03b1c2b5c0, 0x00007f03b1c2b6e0]
Event: 28,694 Thread 0x00007f03c0190c00 7630   !   2       sun.nio.fs.UnixNativeDispatcher::lstat (28 bytes)
Event: 28,694 Thread 0x00007f03c0190c00 nmethod 7630 0x00007f03b1c2b790 code [0x00007f03b1c2b960, 0x00007f03b1c2bb10]
Event: 28,697 Thread 0x00007f03c0190c00 7631       2       org.eclipse.core.internal.jobs.DeadlockDetector::indexOf (43 bytes)
Event: 28,698 Thread 0x00007f03c0190c00 nmethod 7631 0x00007f03b1c2bd10 code [0x00007f03b1c2bee0, 0x00007f03b1c2c190]
Event: 28,699 Thread 0x00007f03c0190c00 7632       2       org.eclipse.core.internal.jobs.DeadlockDetector::indexOf (43 bytes)
Event: 28,700 Thread 0x00007f03c0190c00 nmethod 7632 0x00007f03b1c2c410 code [0x00007f03b1c2c5e0, 0x00007f03b1c2c890]
Event: 28,701 Thread 0x00007f03c0190c00 7633       2       java.nio.ByteBuffer::clear (7 bytes)
Event: 28,701 Thread 0x00007f03c0190c00 nmethod 7633 0x00007f03b1c2cb10 code [0x00007f03b1c2cca0, 0x00007f03b1c2cdb0]
Event: 28,703 Thread 0x00007f03c0190c00 7634       2       java.nio.Buffer::clear (20 bytes)
Event: 28,703 Thread 0x00007f03c0190c00 nmethod 7634 0x00007f03b1c2ce90 code [0x00007f03b1c2d020, 0x00007f03b1c2d130]
Event: 28,715 Thread 0x00007f03c0190c00 7635       2       org.eclipse.core.runtime.SubMonitor::isCanceled (20 bytes)
Event: 28,715 Thread 0x00007f03c0190c00 nmethod 7635 0x00007f03b1c2d190 code [0x00007f03b1c2d340, 0x00007f03b1c2d4a0]
Event: 28,716 Thread 0x00007f03c0190c00 7636       2       org.eclipse.core.runtime.SubMonitor$RootInfo::isCanceled (10 bytes)
Event: 28,716 Thread 0x00007f03c0190c00 nmethod 7636 0x00007f03b1c2d590 code [0x00007f03b1c2d740, 0x00007f03b1c2d860]
Event: 28,719 Thread 0x00007f03c0190c00 7637       2       org.eclipse.core.internal.localstore.FileStoreRoot::localLocation (100 bytes)
Event: 28,720 Thread 0x00007f03c0190c00 nmethod 7637 0x00007f03b1c2d910 code [0x00007f03b1c2db40, 0x00007f03b1c2e130]
Event: 28,720 Thread 0x00007f03c0190c00 7638       2       org.eclipse.core.internal.resources.ProjectPathVariableManager::resolvePath (55 bytes)
Event: 28,721 Thread 0x00007f03c0190c00 nmethod 7638 0x00007f03b1c2e590 code [0x00007f03b1c2e760, 0x00007f03b1c2ea00]

GC Heap History (20 events):
Event: 27,731 GC heap after
{Heap after GC invocations=47 (full 3):
 PSYoungGen      total 9216K, used 1518K [0x00000000eab00000, 0x00000000eb780000, 0x0000000100000000)
  eden space 7680K, 0% used [0x00000000eab00000,0x00000000eab00000,0x00000000eb280000)
  from space 1536K, 98% used [0x00000000eb280000,0x00000000eb3fb890,0x00000000eb400000)
  to   space 2560K, 0% used [0x00000000eb500000,0x00000000eb500000,0x00000000eb780000)
 ParOldGen       total 91136K, used 77313K [0x00000000c0000000, 0x00000000c5900000, 0x00000000eab00000)
  object space 91136K, 84% used [0x00000000c0000000,0x00000000c4b806b0,0x00000000c5900000)
 Metaspace       used 58584K, committed 59648K, reserved 1114112K
  class space    used 6514K, committed 6976K, reserved 1048576K
}
Event: 27,853 GC heap before
{Heap before GC invocations=48 (full 3):
 PSYoungGen      total 9216K, used 9198K [0x00000000eab00000, 0x00000000eb780000, 0x0000000100000000)
  eden space 7680K, 100% used [0x00000000eab00000,0x00000000eb280000,0x00000000eb280000)
  from space 1536K, 98% used [0x00000000eb280000,0x00000000eb3fb890,0x00000000eb400000)
  to   space 2560K, 0% used [0x00000000eb500000,0x00000000eb500000,0x00000000eb780000)
 ParOldGen       total 91136K, used 77313K [0x00000000c0000000, 0x00000000c5900000, 0x00000000eab00000)
  object space 91136K, 84% used [0x00000000c0000000,0x00000000c4b806b0,0x00000000c5900000)
 Metaspace       used 58626K, committed 59648K, reserved 1114112K
  class space    used 6515K, committed 6976K, reserved 1048576K
}
Event: 27,865 GC heap after
{Heap after GC invocations=48 (full 3):
 PSYoungGen      total 9216K, used 1392K [0x00000000eab00000, 0x00000000eb680000, 0x0000000100000000)
  eden space 7680K, 0% used [0x00000000eab00000,0x00000000eab00000,0x00000000eb280000)
  from space 1536K, 90% used [0x00000000eb500000,0x00000000eb65c1f0,0x00000000eb680000)
  to   space 2048K, 0% used [0x00000000eb280000,0x00000000eb280000,0x00000000eb480000)
 ParOldGen       total 91136K, used 78757K [0x00000000c0000000, 0x00000000c5900000, 0x00000000eab00000)
  object space 91136K, 86% used [0x00000000c0000000,0x00000000c4ce9590,0x00000000c5900000)
 Metaspace       used 58626K, committed 59648K, reserved 1114112K
  class space    used 6515K, committed 6976K, reserved 1048576K
}
Event: 27,951 GC heap before
{Heap before GC invocations=49 (full 3):
 PSYoungGen      total 9216K, used 9072K [0x00000000eab00000, 0x00000000eb680000, 0x0000000100000000)
  eden space 7680K, 100% used [0x00000000eab00000,0x00000000eb280000,0x00000000eb280000)
  from space 1536K, 90% used [0x00000000eb500000,0x00000000eb65c1f0,0x00000000eb680000)
  to   space 2048K, 0% used [0x00000000eb280000,0x00000000eb280000,0x00000000eb480000)
 ParOldGen       total 91136K, used 78757K [0x00000000c0000000, 0x00000000c5900000, 0x00000000eab00000)
  object space 91136K, 86% used [0x00000000c0000000,0x00000000c4ce9590,0x00000000c5900000)
 Metaspace       used 58640K, committed 59648K, reserved 1114112K
  class space    used 6515K, committed 6976K, reserved 1048576K
}
Event: 27,958 GC heap after
{Heap after GC invocations=49 (full 3):
 PSYoungGen      total 9216K, used 1235K [0x00000000eab00000, 0x00000000eb580000, 0x0000000100000000)
  eden space 7680K, 0% used [0x00000000eab00000,0x00000000eab00000,0x00000000eb280000)
  from space 1536K, 80% used [0x00000000eb280000,0x00000000eb3b4fa8,0x00000000eb400000)
  to   space 1536K, 0% used [0x00000000eb400000,0x00000000eb400000,0x00000000eb580000)
 ParOldGen       total 91136K, used 79954K [0x00000000c0000000, 0x00000000c5900000, 0x00000000eab00000)
  object space 91136K, 87% used [0x00000000c0000000,0x00000000c4e14b58,0x00000000c5900000)
 Metaspace       used 58640K, committed 59648K, reserved 1114112K
  class space    used 6515K, committed 6976K, reserved 1048576K
}
Event: 28,050 GC heap before
{Heap before GC invocations=50 (full 3):
 PSYoungGen      total 9216K, used 8915K [0x00000000eab00000, 0x00000000eb580000, 0x0000000100000000)
  eden space 7680K, 100% used [0x00000000eab00000,0x00000000eb280000,0x00000000eb280000)
  from space 1536K, 80% used [0x00000000eb280000,0x00000000eb3b4fa8,0x00000000eb400000)
  to   space 1536K, 0% used [0x00000000eb400000,0x00000000eb400000,0x00000000eb580000)
 ParOldGen       total 91136K, used 79954K [0x00000000c0000000, 0x00000000c5900000, 0x00000000eab00000)
  object space 91136K, 87% used [0x00000000c0000000,0x00000000c4e14b58,0x00000000c5900000)
 Metaspace       used 58681K, committed 59712K, reserved 1114112K
  class space    used 6520K, committed 6976K, reserved 1048576K
}
Event: 28,056 GC heap after
{Heap after GC invocations=50 (full 3):
 PSYoungGen      total 9216K, used 1438K [0x00000000eab00000, 0x00000000eb580000, 0x0000000100000000)
  eden space 7680K, 0% used [0x00000000eab00000,0x00000000eab00000,0x00000000eb280000)
  from space 1536K, 93% used [0x00000000eb400000,0x00000000eb567bd0,0x00000000eb580000)
  to   space 1536K, 0% used [0x00000000eb280000,0x00000000eb280000,0x00000000eb400000)
 ParOldGen       total 91136K, used 81118K [0x00000000c0000000, 0x00000000c5900000, 0x00000000eab00000)
  object space 91136K, 89% used [0x00000000c0000000,0x00000000c4f37bf8,0x00000000c5900000)
 Metaspace       used 58681K, committed 59712K, reserved 1114112K
  class space    used 6520K, committed 6976K, reserved 1048576K
}
Event: 28,137 GC heap before
{Heap before GC invocations=51 (full 3):
 PSYoungGen      total 9216K, used 9118K [0x00000000eab00000, 0x00000000eb580000, 0x0000000100000000)
  eden space 7680K, 100% used [0x00000000eab00000,0x00000000eb280000,0x00000000eb280000)
  from space 1536K, 93% used [0x00000000eb400000,0x00000000eb567bd0,0x00000000eb580000)
  to   space 1536K, 0% used [0x00000000eb280000,0x00000000eb280000,0x00000000eb400000)
 ParOldGen       total 91136K, used 81118K [0x00000000c0000000, 0x00000000c5900000, 0x00000000eab00000)
  object space 91136K, 89% used [0x00000000c0000000,0x00000000c4f37bf8,0x00000000c5900000)
 Metaspace       used 58686K, committed 59712K, reserved 1114112K
  class space    used 6520K, committed 6976K, reserved 1048576K
}
Event: 28,147 GC heap after
{Heap after GC invocations=51 (full 3):
 PSYoungGen      total 9216K, used 1524K [0x00000000eab00000, 0x00000000eb980000, 0x0000000100000000)
  eden space 7680K, 0% used [0x00000000eab00000,0x00000000eab00000,0x00000000eb280000)
  from space 1536K, 99% used [0x00000000eb280000,0x00000000eb3fd2c0,0x00000000eb400000)
  to   space 3584K, 0% used [0x00000000eb600000,0x00000000eb600000,0x00000000eb980000)
 ParOldGen       total 91136K, used 82841K [0x00000000c0000000, 0x00000000c5900000, 0x00000000eab00000)
  object space 91136K, 90% used [0x00000000c0000000,0x00000000c50e66c8,0x00000000c5900000)
 Metaspace       used 58686K, committed 59712K, reserved 1114112K
  class space    used 6520K, committed 6976K, reserved 1048576K
}
Event: 28,227 GC heap before
{Heap before GC invocations=52 (full 3):
 PSYoungGen      total 9216K, used 9204K [0x00000000eab00000, 0x00000000eb980000, 0x0000000100000000)
  eden space 7680K, 100% used [0x00000000eab00000,0x00000000eb280000,0x00000000eb280000)
  from space 1536K, 99% used [0x00000000eb280000,0x00000000eb3fd2c0,0x00000000eb400000)
  to   space 3584K, 0% used [0x00000000eb600000,0x00000000eb600000,0x00000000eb980000)
 ParOldGen       total 91136K, used 82841K [0x00000000c0000000, 0x00000000c5900000, 0x00000000eab00000)
  object space 91136K, 90% used [0x00000000c0000000,0x00000000c50e66c8,0x00000000c5900000)
 Metaspace       used 58735K, committed 59776K, reserved 1114112K
  class space    used 6524K, committed 6976K, reserved 1048576K
}
Event: 28,237 GC heap after
{Heap after GC invocations=52 (full 3):
 PSYoungGen      total 9728K, used 1644K [0x00000000eab00000, 0x00000000eb800000, 0x0000000100000000)
  eden space 7680K, 0% used [0x00000000eab00000,0x00000000eab00000,0x00000000eb280000)
  from space 2048K, 80% used [0x00000000eb600000,0x00000000eb79b180,0x00000000eb800000)
  to   space 2560K, 0% used [0x00000000eb300000,0x00000000eb300000,0x00000000eb580000)
 ParOldGen       total 91136K, used 84321K [0x00000000c0000000, 0x00000000c5900000, 0x00000000eab00000)
  object space 91136K, 92% used [0x00000000c0000000,0x00000000c5258500,0x00000000c5900000)
 Metaspace       used 58735K, committed 59776K, reserved 1114112K
  class space    used 6524K, committed 6976K, reserved 1048576K
}
Event: 28,328 GC heap before
{Heap before GC invocations=53 (full 3):
 PSYoungGen      total 9728K, used 9324K [0x00000000eab00000, 0x00000000eb800000, 0x0000000100000000)
  eden space 7680K, 100% used [0x00000000eab00000,0x00000000eb280000,0x00000000eb280000)
  from space 2048K, 80% used [0x00000000eb600000,0x00000000eb79b180,0x00000000eb800000)
  to   space 2560K, 0% used [0x00000000eb300000,0x00000000eb300000,0x00000000eb580000)
 ParOldGen       total 91136K, used 84321K [0x00000000c0000000, 0x00000000c5900000, 0x00000000eab00000)
  object space 91136K, 92% used [0x00000000c0000000,0x00000000c5258500,0x00000000c5900000)
 Metaspace       used 58796K, committed 59776K, reserved 1114112K
  class space    used 6531K, committed 6976K, reserved 1048576K
}
Event: 28,333 GC heap after
{Heap after GC invocations=53 (full 3):
 PSYoungGen      total 9728K, used 1797K [0x00000000eab00000, 0x00000000eb680000, 0x0000000100000000)
  eden space 7680K, 0% used [0x00000000eab00000,0x00000000eab00000,0x00000000eb280000)
  from space 2048K, 87% used [0x00000000eb300000,0x00000000eb4c15e0,0x00000000eb500000)
  to   space 1536K, 0% used [0x00000000eb500000,0x00000000eb500000,0x00000000eb680000)
 ParOldGen       total 91136K, used 85865K [0x00000000c0000000, 0x00000000c5900000, 0x00000000eab00000)
  object space 91136K, 94% used [0x00000000c0000000,0x00000000c53da6c0,0x00000000c5900000)
 Metaspace       used 58796K, committed 59776K, reserved 1114112K
  class space    used 6531K, committed 6976K, reserved 1048576K
}
Event: 28,509 GC heap before
{Heap before GC invocations=54 (full 3):
 PSYoungGen      total 9728K, used 9477K [0x00000000eab00000, 0x00000000eb680000, 0x0000000100000000)
  eden space 7680K, 100% used [0x00000000eab00000,0x00000000eb280000,0x00000000eb280000)
  from space 2048K, 87% used [0x00000000eb300000,0x00000000eb4c15e0,0x00000000eb500000)
  to   space 1536K, 0% used [0x00000000eb500000,0x00000000eb500000,0x00000000eb680000)
 ParOldGen       total 91136K, used 85865K [0x00000000c0000000, 0x00000000c5900000, 0x00000000eab00000)
  object space 91136K, 94% used [0x00000000c0000000,0x00000000c53da6c0,0x00000000c5900000)
 Metaspace       used 58885K, committed 59904K, reserved 1114112K
  class space    used 6543K, committed 6976K, reserved 1048576K
}
Event: 28,517 GC heap after
{Heap after GC invocations=54 (full 3):
 PSYoungGen      total 7680K, used 1532K [0x00000000eab00000, 0x00000000eba80000, 0x0000000100000000)
  eden space 6144K, 0% used [0x00000000eab00000,0x00000000eab00000,0x00000000eb100000)
  from space 1536K, 99% used [0x00000000eb500000,0x00000000eb67f0e8,0x00000000eb680000)
  to   space 4096K, 0% used [0x00000000eb100000,0x00000000eb100000,0x00000000eb500000)
 ParOldGen       total 91136K, used 87739K [0x00000000c0000000, 0x00000000c5900000, 0x00000000eab00000)
  object space 91136K, 96% used [0x00000000c0000000,0x00000000c55aed10,0x00000000c5900000)
 Metaspace       used 58885K, committed 59904K, reserved 1114112K
  class space    used 6543K, committed 6976K, reserved 1048576K
}
Event: 28,654 GC heap before
{Heap before GC invocations=55 (full 3):
 PSYoungGen      total 7680K, used 7667K [0x00000000eab00000, 0x00000000eba80000, 0x0000000100000000)
  eden space 6144K, 99% used [0x00000000eab00000,0x00000000eb0fdef0,0x00000000eb100000)
  from space 1536K, 99% used [0x00000000eb500000,0x00000000eb67f0e8,0x00000000eb680000)
  to   space 4096K, 0% used [0x00000000eb100000,0x00000000eb100000,0x00000000eb500000)
 ParOldGen       total 91136K, used 87739K [0x00000000c0000000, 0x00000000c5900000, 0x00000000eab00000)
  object space 91136K, 96% used [0x00000000c0000000,0x00000000c55aed10,0x00000000c5900000)
 Metaspace       used 58942K, committed 59904K, reserved 1114112K
  class space    used 6547K, committed 6976K, reserved 1048576K
}
Event: 28,665 GC heap after
{Heap after GC invocations=55 (full 3):
 PSYoungGen      total 7680K, used 1387K [0x00000000eab00000, 0x00000000eb600000, 0x0000000100000000)
  eden space 6144K, 0% used [0x00000000eab00000,0x00000000eab00000,0x00000000eb100000)
  from space 1536K, 90% used [0x00000000eb100000,0x00000000eb25ac68,0x00000000eb280000)
  to   space 2560K, 0% used [0x00000000eb380000,0x00000000eb380000,0x00000000eb600000)
 ParOldGen       total 91136K, used 89286K [0x00000000c0000000, 0x00000000c5900000, 0x00000000eab00000)
  object space 91136K, 97% used [0x00000000c0000000,0x00000000c5731be8,0x00000000c5900000)
 Metaspace       used 58942K, committed 59904K, reserved 1114112K
  class space    used 6547K, committed 6976K, reserved 1048576K
}
Event: 28,733 GC heap before
{Heap before GC invocations=56 (full 3):
 PSYoungGen      total 7680K, used 7531K [0x00000000eab00000, 0x00000000eb600000, 0x0000000100000000)
  eden space 6144K, 100% used [0x00000000eab00000,0x00000000eb100000,0x00000000eb100000)
  from space 1536K, 90% used [0x00000000eb100000,0x00000000eb25ac68,0x00000000eb280000)
  to   space 2560K, 0% used [0x00000000eb380000,0x00000000eb380000,0x00000000eb600000)
 ParOldGen       total 91136K, used 89286K [0x00000000c0000000, 0x00000000c5900000, 0x00000000eab00000)
  object space 91136K, 97% used [0x00000000c0000000,0x00000000c5731be8,0x00000000c5900000)
 Metaspace       used 58988K, committed 60032K, reserved 1114112K
  class space    used 6553K, committed 7040K, reserved 1048576K
}
Event: 28,754 GC heap after
{Heap after GC invocations=56 (full 3):
 PSYoungGen      total 7680K, used 1395K [0x00000000eab00000, 0x00000000eb500000, 0x0000000100000000)
  eden space 6144K, 0% used [0x00000000eab00000,0x00000000eab00000,0x00000000eb100000)
  from space 1536K, 90% used [0x00000000eb380000,0x00000000eb4dce78,0x00000000eb500000)
  to   space 1536K, 0% used [0x00000000eb100000,0x00000000eb100000,0x00000000eb280000)
 ParOldGen       total 91136K, used 90592K [0x00000000c0000000, 0x00000000c5900000, 0x00000000eab00000)
  object space 91136K, 99% used [0x00000000c0000000,0x00000000c58783e0,0x00000000c5900000)
 Metaspace       used 58988K, committed 60032K, reserved 1114112K
  class space    used 6553K, committed 7040K, reserved 1048576K
}
Event: 28,754 GC heap before
{Heap before GC invocations=57 (full 4):
 PSYoungGen      total 7680K, used 1395K [0x00000000eab00000, 0x00000000eb500000, 0x0000000100000000)
  eden space 6144K, 0% used [0x00000000eab00000,0x00000000eab00000,0x00000000eb100000)
  from space 1536K, 90% used [0x00000000eb380000,0x00000000eb4dce78,0x00000000eb500000)
  to   space 1536K, 0% used [0x00000000eb100000,0x00000000eb100000,0x00000000eb280000)
 ParOldGen       total 91136K, used 90592K [0x00000000c0000000, 0x00000000c5900000, 0x00000000eab00000)
  object space 91136K, 99% used [0x00000000c0000000,0x00000000c58783e0,0x00000000c5900000)
 Metaspace       used 58988K, committed 60032K, reserved 1114112K
  class space    used 6553K, committed 7040K, reserved 1048576K
}

Dll operation events (12 events):
Event: 0,288 Loaded shared library /usr/share/code/resources/app/extensions/redhat.java-1.21.0-linux-x64/jre/17.0.7-linux-x86_64/lib/libjava.so
Event: 1,031 Loaded shared library /usr/share/code/resources/app/extensions/redhat.java-1.21.0-linux-x64/jre/17.0.7-linux-x86_64/lib/libzip.so
Event: 1,084 Loaded shared library /usr/share/code/resources/app/extensions/redhat.java-1.21.0-linux-x64/jre/17.0.7-linux-x86_64/lib/libinstrument.so
Event: 1,129 Loaded shared library /usr/share/code/resources/app/extensions/redhat.java-1.21.0-linux-x64/jre/17.0.7-linux-x86_64/lib/libnio.so
Event: 1,158 Loaded shared library /usr/share/code/resources/app/extensions/redhat.java-1.21.0-linux-x64/jre/17.0.7-linux-x86_64/lib/libzip.so
Event: 1,196 Loaded shared library /usr/share/code/resources/app/extensions/redhat.java-1.21.0-linux-x64/jre/17.0.7-linux-x86_64/lib/libjimage.so
Event: 1,355 Loaded shared library /usr/share/code/resources/app/extensions/redhat.java-1.21.0-linux-x64/jre/17.0.7-linux-x86_64/lib/libverify.so
Event: 3,735 Loaded shared library /usr/share/code/resources/app/extensions/redhat.java-1.21.0-linux-x64/jre/17.0.7-linux-x86_64/lib/libnet.so
Event: 4,711 Loaded shared library /home/erik.diniz.beserra/.config/Code/User/globalStorage/redhat.java/1.21.0/config_linux/org.eclipse.equinox.launcher/org.eclipse.equinox.launcher.gtk.linux.x86_64_1.2.700.v20221108-1024/eclipse_11801.so
Event: 6,458 Loaded shared library /usr/share/code/resources/app/extensions/redhat.java-1.21.0-linux-x64/jre/17.0.7-linux-x86_64/lib/libmanagement.so
Event: 6,489 Loaded shared library /usr/share/code/resources/app/extensions/redhat.java-1.21.0-linux-x64/jre/17.0.7-linux-x86_64/lib/libmanagement_ext.so
Event: 15,431 Loaded shared library /usr/share/code/resources/app/extensions/redhat.java-1.21.0-linux-x64/jre/17.0.7-linux-x86_64/lib/libextnet.so

Deoptimization events (20 events):
Event: 28,323 Thread 0x00007f034c6f2a40 DEOPT PACKING pc=0x00007f03b1bb29dd sp=0x00007f035f6e0e70
Event: 28,323 Thread 0x00007f034c6f2a40 DEOPT UNPACKING pc=0x00007f03b858db2f sp=0x00007f035f6e03b8 mode 0
Event: 28,390 Thread 0x00007f034c6f2a40 DEOPT PACKING pc=0x00007f03b1bb29dd sp=0x00007f035f6e0e70
Event: 28,398 Thread 0x00007f034c6f2a40 DEOPT UNPACKING pc=0x00007f03b858db2f sp=0x00007f035f6e03b8 mode 0
Event: 28,431 Thread 0x00007f034c6f2a40 DEOPT PACKING pc=0x00007f03b1bb29dd sp=0x00007f035f6e0e70
Event: 28,431 Thread 0x00007f034c6f2a40 DEOPT UNPACKING pc=0x00007f03b858db2f sp=0x00007f035f6e03b8 mode 0
Event: 28,459 Thread 0x00007f034c6f2a40 DEOPT PACKING pc=0x00007f03b1bb29dd sp=0x00007f035f6e0e70
Event: 28,459 Thread 0x00007f034c6f2a40 DEOPT UNPACKING pc=0x00007f03b858db2f sp=0x00007f035f6e03b8 mode 0
Event: 28,501 Thread 0x00007f034c6f2a40 DEOPT PACKING pc=0x00007f03b1bb29dd sp=0x00007f035f6e0e70
Event: 28,501 Thread 0x00007f034c6f2a40 DEOPT UNPACKING pc=0x00007f03b858db2f sp=0x00007f035f6e03b8 mode 0
Event: 28,549 Thread 0x00007f034c6f2a40 DEOPT PACKING pc=0x00007f03b1bb29dd sp=0x00007f035f6e0e70
Event: 28,550 Thread 0x00007f034c6f2a40 DEOPT UNPACKING pc=0x00007f03b858db2f sp=0x00007f035f6e03b8 mode 0
Event: 28,618 Thread 0x00007f034c6f2a40 DEOPT PACKING pc=0x00007f03b1bb29dd sp=0x00007f035f6e0e70
Event: 28,618 Thread 0x00007f034c6f2a40 DEOPT UNPACKING pc=0x00007f03b858db2f sp=0x00007f035f6e03b8 mode 0
Event: 28,651 Thread 0x00007f034c6f2a40 DEOPT PACKING pc=0x00007f03b1bb29dd sp=0x00007f035f6e0e70
Event: 28,651 Thread 0x00007f034c6f2a40 DEOPT UNPACKING pc=0x00007f03b858db2f sp=0x00007f035f6e03b8 mode 0
Event: 28,679 Thread 0x00007f034c6f2a40 DEOPT PACKING pc=0x00007f03b1bb29dd sp=0x00007f035f6e0e70
Event: 28,679 Thread 0x00007f034c6f2a40 DEOPT UNPACKING pc=0x00007f03b858db2f sp=0x00007f035f6e03b8 mode 0
Event: 28,711 Thread 0x00007f034c6f2a40 DEOPT PACKING pc=0x00007f03b1bb29dd sp=0x00007f035f6e0e70
Event: 28,711 Thread 0x00007f034c6f2a40 DEOPT UNPACKING pc=0x00007f03b858db2f sp=0x00007f035f6e03b8 mode 0

Classes unloaded (8 events):
Event: 6,725 Thread 0x00007f03c0150d80 Unloading class 0x0000000100242000 'java/lang/invoke/LambdaForm$MH+0x0000000100242000'
Event: 6,725 Thread 0x00007f03c0150d80 Unloading class 0x0000000100241c00 'java/lang/invoke/LambdaForm$MH+0x0000000100241c00'
Event: 6,725 Thread 0x00007f03c0150d80 Unloading class 0x0000000100241800 'java/lang/invoke/LambdaForm$MH+0x0000000100241800'
Event: 6,725 Thread 0x00007f03c0150d80 Unloading class 0x0000000100241400 'java/lang/invoke/LambdaForm$MH+0x0000000100241400'
Event: 6,725 Thread 0x00007f03c0150d80 Unloading class 0x0000000100241000 'java/lang/invoke/LambdaForm$BMH+0x0000000100241000'
Event: 6,725 Thread 0x00007f03c0150d80 Unloading class 0x0000000100240c00 'java/lang/invoke/LambdaForm$DMH+0x0000000100240c00'
Event: 6,725 Thread 0x00007f03c0150d80 Unloading class 0x000000010023e000 'java/lang/invoke/LambdaForm$DMH+0x000000010023e000'
Event: 25,924 Thread 0x00007f03c0150d80 Unloading class 0x00000001006b9c00 'java/lang/invoke/LambdaForm$DMH+0x00000001006b9c00'

Classes redefined (0 events):
No events

Internal exceptions (20 events):
Event: 23,922 Thread 0x00007f033c1af990 Exception <a 'java/lang/NoSuchMethodError'{0x00000000eae55b38}: 'void java.lang.invoke.DirectMethodHandle$Holder.invokeSpecial(java.lang.Object, java.lang.Object, java.lang.Object, java.lang.Object, java.lang.Object, java.lang.Object, java.lang.Object, java.lang.Object)'> (0x00000000eae55b38) 
thrown [src/hotspot/share/interpreter/linkResolver.cpp, line 758]
Event: 23,922 Thread 0x00007f033c1ae660 Exception <a 'java/lang/NoSuchMethodError'{0x00000000eae676a0}: 'void java.lang.invoke.DirectMethodHandle$Holder.invokeSpecial(java.lang.Object, java.lang.Object, java.lang.Object, java.lang.Object, java.lang.Object, java.lang.Object, java.lang.Object, java.lang.Object)'> (0x00000000eae676a0) 
thrown [src/hotspot/share/interpreter/linkResolver.cpp, line 758]
Event: 26,284 Thread 0x00007f034c3ac990 Exception <a 'java/io/FileNotFoundException'{0x00000000eb065850}> (0x00000000eb065850) 
thrown [src/hotspot/share/prims/jni.cpp, line 516]
Event: 26,550 Thread 0x00007f034c3ac990 Implicit null exception at 0x00007f03b8d1201d to 0x00007f03b8d124a4
Event: 26,596 Thread 0x00007f034c3ac990 Exception <a 'java/lang/NoSuchMethodError'{0x00000000eadd11c8}: 'void java.lang.invoke.DirectMethodHandle$Holder.invokeSpecial(java.lang.Object, java.lang.Object, java.lang.Object, int)'> (0x00000000eadd11c8) 
thrown [src/hotspot/share/interpreter/linkResolver.cpp, line 758]
Event: 26,735 Thread 0x00007f034c3ac990 Exception <a 'java/lang/NoSuchMethodError'{0x00000000eacc6090}: 'void java.lang.invoke.DirectMethodHandle$Holder.invokeSpecial(java.lang.Object, java.lang.Object, java.lang.Object, java.lang.Object, java.lang.Object)'> (0x00000000eacc6090) 
thrown [src/hotspot/share/interpreter/linkResolver.cpp, line 758]
Event: 26,820 Thread 0x00007f034c3ac990 Exception <a 'java/lang/NoSuchMethodError'{0x00000000eae65dd0}: static [Lorg/eclipse/jdt/core/IClasspathEntry;.<clinit>()V> (0x00000000eae65dd0) 
thrown [src/hotspot/share/prims/jni.cpp, line 1107]
Event: 26,829 Thread 0x00007f034c3ac990 Exception <a 'java/lang/NoSuchMethodError'{0x00000000eaf200e8}: static [Lorg/eclipse/jdt/core/IAccessRule;.<clinit>()V> (0x00000000eaf200e8) 
thrown [src/hotspot/share/prims/jni.cpp, line 1107]
Event: 26,830 Thread 0x00007f034c3ac990 Exception <a 'java/lang/NoSuchMethodError'{0x00000000eaf21c98}: static [Lorg/eclipse/jdt/core/IClasspathAttribute;.<clinit>()V> (0x00000000eaf21c98) 
thrown [src/hotspot/share/prims/jni.cpp, line 1107]
Event: 27,270 Thread 0x00007f034c3ac990 Exception <a 'java/io/FileNotFoundException'{0x00000000eb1b8d38}> (0x00000000eb1b8d38) 
thrown [src/hotspot/share/prims/jni.cpp, line 516]
Event: 27,271 Thread 0x00007f034c3ac990 Exception <a 'java/io/FileNotFoundException'{0x00000000eb1ba020}> (0x00000000eb1ba020) 
thrown [src/hotspot/share/prims/jni.cpp, line 516]
Event: 27,596 Thread 0x00007f034c3ac990 Exception <a 'sun/nio/fs/UnixException'{0x00000000eab04a88}> (0x00000000eab04a88) 
thrown [src/hotspot/share/prims/jni.cpp, line 516]
Event: 27,650 Thread 0x00007f034c3ac990 Implicit null exception at 0x00007f03b8da972a to 0x00007f03b8da9ae0
Event: 27,697 Thread 0x00007f034c3ac990 Exception <a 'java/io/FileNotFoundException'{0x00000000eb11ddb0}> (0x00000000eb11ddb0) 
thrown [src/hotspot/share/prims/jni.cpp, line 516]
Event: 27,972 Thread 0x00007f033c001a20 Exception <a 'java/io/FileNotFoundException'{0x00000000eac98648}> (0x00000000eac98648) 
thrown [src/hotspot/share/prims/jni.cpp, line 516]
Event: 28,539 Thread 0x00007f034c3ac990 Exception <a 'java/io/FileNotFoundException'{0x00000000eac2f458}> (0x00000000eac2f458) 
thrown [src/hotspot/share/prims/jni.cpp, line 516]
Event: 28,554 Thread 0x00007f034c3ac990 Exception <a 'sun/nio/fs/UnixException'{0x00000000eacbdf00}> (0x00000000eacbdf00) 
thrown [src/hotspot/share/prims/jni.cpp, line 516]
Event: 28,676 Thread 0x00007f034c3ac990 Exception <a 'sun/nio/fs/UnixException'{0x00000000eaba0218}> (0x00000000eaba0218) 
thrown [src/hotspot/share/prims/jni.cpp, line 516]
Event: 28,679 Thread 0x00007f034c3ac990 Exception <a 'sun/nio/fs/UnixException'{0x00000000eabfc278}> (0x00000000eabfc278) 
thrown [src/hotspot/share/prims/jni.cpp, line 516]
Event: 28,732 Thread 0x00007f034c3ac990 Exception <a 'sun/nio/fs/UnixException'{0x00000000eb0ff1d0}> (0x00000000eb0ff1d0) 
thrown [src/hotspot/share/prims/jni.cpp, line 516]

VM Operations (20 events):
Event: 27,731 Executing VM operation: ParallelGCFailedAllocation done
Event: 27,852 Executing VM operation: ParallelGCFailedAllocation
Event: 27,865 Executing VM operation: ParallelGCFailedAllocation done
Event: 27,927 Executing VM operation: HandshakeAllThreads
Event: 27,931 Executing VM operation: HandshakeAllThreads done
Event: 27,946 Executing VM operation: ParallelGCFailedAllocation
Event: 27,958 Executing VM operation: ParallelGCFailedAllocation done
Event: 28,050 Executing VM operation: ParallelGCFailedAllocation
Event: 28,056 Executing VM operation: ParallelGCFailedAllocation done
Event: 28,137 Executing VM operation: ParallelGCFailedAllocation
Event: 28,147 Executing VM operation: ParallelGCFailedAllocation done
Event: 28,226 Executing VM operation: ParallelGCFailedAllocation
Event: 28,237 Executing VM operation: ParallelGCFailedAllocation done
Event: 28,328 Executing VM operation: ParallelGCFailedAllocation
Event: 28,333 Executing VM operation: ParallelGCFailedAllocation done
Event: 28,502 Executing VM operation: ParallelGCFailedAllocation
Event: 28,517 Executing VM operation: ParallelGCFailedAllocation done
Event: 28,653 Executing VM operation: ParallelGCFailedAllocation
Event: 28,665 Executing VM operation: ParallelGCFailedAllocation done
Event: 28,733 Executing VM operation: ParallelGCFailedAllocation

Events (20 events):
Event: 27,408 loading class sun/security/ssl/Alert$AlertConsumer done
Event: 27,408 loading class sun/security/ssl/Alert$Level
Event: 27,408 loading class sun/security/ssl/Alert$Level done
Event: 27,410 Thread 0x00007f03382610d0 Thread exited: 0x00007f03382610d0
Event: 27,798 Thread 0x00007f033c146120 Thread added: 0x00007f033c146120
Event: 27,798 Protecting memory [0x00007f03a406e000,0x00007f03a4072000] with protection modes 0
Event: 27,801 Thread 0x00007f033c1493e0 Thread added: 0x00007f033c1493e0
Event: 27,802 Protecting memory [0x00007f035edda000,0x00007f035edde000] with protection modes 0
Event: 27,806 Thread 0x00007f033c149ec0 Thread added: 0x00007f033c149ec0
Event: 27,806 Protecting memory [0x00007f035ebd8000,0x00007f035ebdc000] with protection modes 0
Event: 27,809 Thread 0x00007f033c2e4350 Thread added: 0x00007f033c2e4350
Event: 27,816 Protecting memory [0x00007f035e9d6000,0x00007f035e9da000] with protection modes 0
Event: 27,850 Thread 0x00007f033c2e4a50 Thread added: 0x00007f033c2e4a50
Event: 27,852 Protecting memory [0x00007f035ead7000,0x00007f035eadb000] with protection modes 0
Event: 27,984 Thread 0x00007f033c146120 Thread exited: 0x00007f033c146120
Event: 27,985 Thread 0x00007f033c149ec0 Thread exited: 0x00007f033c149ec0
Event: 27,985 Thread 0x00007f033c2e4a50 Thread exited: 0x00007f033c2e4a50
Event: 27,985 Thread 0x00007f033c2e4350 Thread exited: 0x00007f033c2e4350
Event: 27,985 Thread 0x00007f033c1493e0 Thread exited: 0x00007f033c1493e0
Event: 27,991 Thread 0x00007f03c0192040 flushing nmethod 0x00007f03b19bd910


Dynamic libraries:
c0000000-c5900000 rw-p 00000000 00:00 0 
c5900000-eab00000 ---p 00000000 00:00 0 
eab00000-eb500000 rw-p 00000000 00:00 0 
eb500000-100000000 ---p 00000000 00:00 0 
100000000-100020000 rw-p 00000000 00:00 0 
100020000-100040000 rw-p 00000000 00:00 0 
100040000-1000c0000 rw-p 00000000 00:00 0 
1000c0000-1000e0000 rw-p 00000000 00:00 0 
1000e0000-100140000 rw-p 00000000 00:00 0 
100140000-1001c0000 rw-p 00000000 00:00 0 
1001c0000-100200000 rw-p 00000000 00:00 0 
100200000-100340000 rw-p 00000000 00:00 0 
100340000-100380000 rw-p 00000000 00:00 0 
100380000-100540000 rw-p 00000000 00:00 0 
100540000-100580000 rw-p 00000000 00:00 0 
100580000-1005c0000 rw-p 00000000 00:00 0 
1005c0000-100620000 rw-p 00000000 00:00 0 
100620000-100640000 ---p 00000000 00:00 0 
100640000-100700000 rw-p 00000000 00:00 0 
100700000-140000000 ---p 00000000 00:00 0 
564af113f000-564af1140000 r--p 00000000 08:01 1841262                    /usr/share/code/resources/app/extensions/redhat.java-1.21.0-linux-x64/jre/17.0.7-linux-x86_64/bin/java
564af1140000-564af1141000 r-xp 00001000 08:01 1841262                    /usr/share/code/resources/app/extensions/redhat.java-1.21.0-linux-x64/jre/17.0.7-linux-x86_64/bin/java
564af1141000-564af1142000 r--p 00002000 08:01 1841262                    /usr/share/code/resources/app/extensions/redhat.java-1.21.0-linux-x64/jre/17.0.7-linux-x86_64/bin/java
564af1142000-564af1143000 r--p 00002000 08:01 1841262                    /usr/share/code/resources/app/extensions/redhat.java-1.21.0-linux-x64/jre/17.0.7-linux-x86_64/bin/java
564af1143000-564af1144000 rw-p 00003000 08:01 1841262                    /usr/share/code/resources/app/extensions/redhat.java-1.21.0-linux-x64/jre/17.0.7-linux-x86_64/bin/java
564af1145000-564af118d000 rw-p 00000000 00:00 0                          [heap]
7f03245a0000-7f032bffb000 r--s 00000000 08:01 1027                       /usr/lib/jvm/java-17-openjdk-amd64/lib/modules
7f032c000000-7f032c0c5000 rw-p 00000000 00:00 0 
7f032c0c5000-7f0330000000 ---p 00000000 00:00 0 
7f0330000000-7f0330021000 rw-p 00000000 00:00 0 
7f0330021000-7f0334000000 ---p 00000000 00:00 0 
7f0334000000-7f033406a000 rw-p 00000000 00:00 0 
7f033406a000-7f0338000000 ---p 00000000 00:00 0 
7f0338000000-7f0338a0d000 rw-p 00000000 00:00 0 
7f0338a0d000-7f033c000000 ---p 00000000 00:00 0 
7f033c000000-7f033c33e000 rw-p 00000000 00:00 0 
7f033c33e000-7f0340000000 ---p 00000000 00:00 0 
7f0340000000-7f0340eb3000 rw-p 00000000 00:00 0 
7f0340eb3000-7f0344000000 ---p 00000000 00:00 0 
7f0344000000-7f0344021000 rw-p 00000000 00:00 0 
7f0344021000-7f0348000000 ---p 00000000 00:00 0 
7f0348000000-7f03486d5000 rw-p 00000000 00:00 0 
7f03486d5000-7f034c000000 ---p 00000000 00:00 0 
7f034c000000-7f034caf0000 rw-p 00000000 00:00 0 
7f034caf0000-7f0350000000 ---p 00000000 00:00 0 
7f0350000000-7f0350021000 rw-p 00000000 00:00 0 
7f0350021000-7f0354000000 ---p 00000000 00:00 0 
7f0354000000-7f0354021000 rw-p 00000000 00:00 0 
7f0354021000-7f0358000000 ---p 00000000 00:00 0 
7f0358000000-7f0358bf4000 rw-p 00000000 00:00 0 
7f0358bf4000-7f035c000000 ---p 00000000 00:00 0 
7f035e73f000-7f035e9d6000 rw-p 00000000 00:00 0 
7f035e9d6000-7f035e9da000 ---p 00000000 00:00 0 
7f035e9da000-7f035ead7000 rw-p 00000000 00:00 0 
7f035ead7000-7f035eadb000 ---p 00000000 00:00 0 
7f035eadb000-7f035ebd8000 rw-p 00000000 00:00 0 
7f035ebd8000-7f035ebdc000 ---p 00000000 00:00 0 
7f035ebdc000-7f035ecd9000 rw-p 00000000 00:00 0 
7f035ecd9000-7f035ecdd000 ---p 00000000 00:00 0 
7f035ecdd000-7f035edda000 rw-p 00000000 00:00 0 
7f035edda000-7f035edde000 ---p 00000000 00:00 0 
7f035edde000-7f035eedb000 rw-p 00000000 00:00 0 
7f035eedb000-7f035eedf000 ---p 00000000 00:00 0 
7f035eedf000-7f035efdc000 rw-p 00000000 00:00 0 
7f035efdc000-7f035efe0000 ---p 00000000 00:00 0 
7f035efe0000-7f035f0dd000 rw-p 00000000 00:00 0 
7f035f0dd000-7f035f0e1000 ---p 00000000 00:00 0 
7f035f0e1000-7f035f1de000 rw-p 00000000 00:00 0 
7f035f1de000-7f035f1e2000 ---p 00000000 00:00 0 
7f035f1e2000-7f035f2df000 rw-p 00000000 00:00 0 
7f035f2df000-7f035f2e3000 ---p 00000000 00:00 0 
7f035f2e3000-7f035f3e0000 rw-p 00000000 00:00 0 
7f035f3e0000-7f035f3e4000 ---p 00000000 00:00 0 
7f035f3e4000-7f035f4e1000 rw-p 00000000 00:00 0 
7f035f4e1000-7f035f4e5000 ---p 00000000 00:00 0 
7f035f4e5000-7f035f5e2000 rw-p 00000000 00:00 0 
7f035f5e2000-7f035f5e6000 ---p 00000000 00:00 0 
7f035f5e6000-7f035f6e3000 rw-p 00000000 00:00 0 
7f035f6e3000-7f035f6e7000 ---p 00000000 00:00 0 
7f035f6e7000-7f035f7e4000 rw-p 00000000 00:00 0 
7f035f7e4000-7f035f7e8000 ---p 00000000 00:00 0 
7f035f7e8000-7f035f8e5000 rw-p 00000000 00:00 0 
7f035f8e5000-7f035f8e9000 ---p 00000000 00:00 0 
7f035f8e9000-7f035f9e6000 rw-p 00000000 00:00 0 
7f035f9e6000-7f035f9ea000 ---p 00000000 00:00 0 
7f035f9ea000-7f035fae7000 rw-p 00000000 00:00 0 
7f035fae7000-7f035faeb000 ---p 00000000 00:00 0 
7f035faeb000-7f035fbe8000 rw-p 00000000 00:00 0 
7f035fbe8000-7f035fbf8000 r-xp 00000000 00:36 217848126                  /home/erik.diniz.beserra/.config/Code/User/globalStorage/redhat.java/1.21.0/config_linux/org.eclipse.equinox.launcher/org.eclipse.equinox.launcher.gtk.linux.x86_64_1.2.700.v20221108-1024/eclipse_11801.so
7f035fbf8000-7f035fdf7000 ---p 00010000 00:36 217848126                  /home/erik.diniz.beserra/.config/Code/User/globalStorage/redhat.java/1.21.0/config_linux/org.eclipse.equinox.launcher/org.eclipse.equinox.launcher.gtk.linux.x86_64_1.2.700.v20221108-1024/eclipse_11801.so
7f035fdf7000-7f035fdf8000 r--p 0000f000 00:36 217848126                  /home/erik.diniz.beserra/.config/Code/User/globalStorage/redhat.java/1.21.0/config_linux/org.eclipse.equinox.launcher/org.eclipse.equinox.launcher.gtk.linux.x86_64_1.2.700.v20221108-1024/eclipse_11801.so
7f035fdf8000-7f035fdf9000 rw-p 00010000 00:36 217848126                  /home/erik.diniz.beserra/.config/Code/User/globalStorage/redhat.java/1.21.0/config_linux/org.eclipse.equinox.launcher/org.eclipse.equinox.launcher.gtk.linux.x86_64_1.2.700.v20221108-1024/eclipse_11801.so
7f035fdf9000-7f035fdfa000 rw-p 00000000 00:00 0 
7f035fdfe000-7f035fe02000 ---p 00000000 00:00 0 
7f035fe02000-7f035feff000 rw-p 00000000 00:00 0 
7f035feff000-7f035ff03000 ---p 00000000 00:00 0 
7f035ff03000-7f0360000000 rw-p 00000000 00:00 0 
7f0360000000-7f0360021000 rw-p 00000000 00:00 0 
7f0360021000-7f0364000000 ---p 00000000 00:00 0 
7f0364000000-7f036416b000 rw-p 00000000 00:00 0 
7f036416b000-7f0368000000 ---p 00000000 00:00 0 
7f0368000000-7f0368021000 rw-p 00000000 00:00 0 
7f0368021000-7f036c000000 ---p 00000000 00:00 0 
7f036c000000-7f036c16b000 rw-p 00000000 00:00 0 
7f036c16b000-7f0370000000 ---p 00000000 00:00 0 
7f0370000000-7f0370021000 rw-p 00000000 00:00 0 
7f0370021000-7f0374000000 ---p 00000000 00:00 0 
7f0374000000-7f0374389000 rw-p 00000000 00:00 0 
7f0374389000-7f0378000000 ---p 00000000 00:00 0 
7f0378000000-7f0378021000 rw-p 00000000 00:00 0 
7f0378021000-7f037c000000 ---p 00000000 00:00 0 
7f037c000000-7f037c021000 rw-p 00000000 00:00 0 
7f037c021000-7f0380000000 ---p 00000000 00:00 0 
7f0380000000-7f0380a5c000 rw-p 00000000 00:00 0 
7f0380a5c000-7f0384000000 ---p 00000000 00:00 0 
7f0384000000-7f0384021000 rw-p 00000000 00:00 0 
7f0384021000-7f0388000000 ---p 00000000 00:00 0 
7f0388000000-7f0388021000 rw-p 00000000 00:00 0 
7f0388021000-7f038c000000 ---p 00000000 00:00 0 
7f038c000000-7f038d281000 rw-p 00000000 00:00 0 
7f038d281000-7f0390000000 ---p 00000000 00:00 0 
7f0390000000-7f0390021000 rw-p 00000000 00:00 0 
7f0390021000-7f0394000000 ---p 00000000 00:00 0 
7f0394000000-7f0394021000 rw-p 00000000 00:00 0 
7f0394021000-7f0398000000 ---p 00000000 00:00 0 
7f0398000000-7f0398021000 rw-p 00000000 00:00 0 
7f0398021000-7f039c000000 ---p 00000000 00:00 0 
7f039c000000-7f039c021000 rw-p 00000000 00:00 0 
7f039c021000-7f03a0000000 ---p 00000000 00:00 0 
7f03a0000000-7f03a0021000 rw-p 00000000 00:00 0 
7f03a0021000-7f03a4000000 ---p 00000000 00:00 0 
7f03a4038000-7f03a406d000 r--s 00000000 08:01 2099429                    /var/cache/nscd/hosts
7f03a406e000-7f03a4072000 ---p 00000000 00:00 0 
7f03a4072000-7f03a416f000 rw-p 00000000 00:00 0 
7f03a416f000-7f03a4170000 ---p 00000000 00:00 0 
7f03a4170000-7f03a4271000 rw-p 00000000 00:00 0 
7f03a4271000-7f03a4272000 ---p 00000000 00:00 0 
7f03a4272000-7f03a4373000 rw-p 00000000 00:00 0 
7f03a4373000-7f03a4374000 ---p 00000000 00:00 0 
7f03a4374000-7f03a4475000 rw-p 00000000 00:00 0 
7f03a4475000-7f03a4479000 ---p 00000000 00:00 0 
7f03a4479000-7f03a4576000 rw-p 00000000 00:00 0 
7f03a4576000-7f03a4577000 ---p 00000000 00:00 0 
7f03a4577000-7f03a4678000 rw-p 00000000 00:00 0 
7f03a4678000-7f03a467c000 ---p 00000000 00:00 0 
7f03a467c000-7f03a4779000 rw-p 00000000 00:00 0 
7f03a4779000-7f03a477d000 ---p 00000000 00:00 0 
7f03a477d000-7f03a487a000 rw-p 00000000 00:00 0 
7f03a487a000-7f03a487e000 ---p 00000000 00:00 0 
7f03a487e000-7f03a497b000 rw-p 00000000 00:00 0 
7f03a497b000-7f03a497f000 ---p 00000000 00:00 0 
7f03a497f000-7f03a4a7c000 rw-p 00000000 00:00 0 
7f03a4a7c000-7f03a4a80000 ---p 00000000 00:00 0 
7f03a4a80000-7f03a4b7d000 rw-p 00000000 00:00 0 
7f03a4b7d000-7f03a4b81000 ---p 00000000 00:00 0 
7f03a4b81000-7f03a4c7e000 rw-p 00000000 00:00 0 
7f03a4c7e000-7f03a4c82000 ---p 00000000 00:00 0 
7f03a4c82000-7f03a4d7f000 rw-p 00000000 00:00 0 
7f03a4d7f000-7f03a4d83000 ---p 00000000 00:00 0 
7f03a4d83000-7f03a4e80000 rw-p 00000000 00:00 0 
7f03a4e80000-7f03a53f2000 r--p 00000000 08:01 4982134                    /usr/lib/locale/locale-archive
7f03a53f3000-7f03a53f7000 ---p 00000000 00:00 0 
7f03a53f7000-7f03a54f4000 rw-p 00000000 00:00 0 
7f03a54f4000-7f03a54f8000 ---p 00000000 00:00 0 
7f03a54f8000-7f03a55f5000 rw-p 00000000 00:00 0 
7f03a55f5000-7f03a55f6000 ---p 00000000 00:00 0 
7f03a55f6000-7f03a6400000 rw-p 00000000 00:00 0 
7f03a6400000-7f03a6480000 rw-p 00000000 00:00 0 
7f03a6480000-7f03a6500000 rw-p 00000000 00:00 0 
7f03a6500000-7f03a6800000 rw-p 00000000 00:00 0 
7f03a6800000-7f03a68c0000 rw-p 00000000 00:00 0 
7f03a68c0000-7f03a6900000 rw-p 00000000 00:00 0 
7f03a6900000-7f03a6b00000 rw-p 00000000 00:00 0 
7f03a6b00000-7f03a6c00000 rw-p 00000000 00:00 0 
7f03a6c00000-7f03a6e00000 rw-p 00000000 00:00 0 
7f03a6e00000-7f03a6f80000 rw-p 00000000 00:00 0 
7f03a6f80000-7f03a7000000 rw-p 00000000 00:00 0 
7f03a7000000-7f03a7100000 rw-p 00000000 00:00 0 
7f03a7100000-7f03a7200000 rw-p 00000000 00:00 0 
7f03a7200000-7f03a73c0000 rw-p 00000000 00:00 0 
7f03a73c0000-7f03a7400000 rw-p 00000000 00:00 0 
7f03a7400000-7f03a7500000 rw-p 00000000 00:00 0 
7f03a7500000-7f03a7600000 rw-p 00000000 00:00 0 
7f03a7600000-7f03a7d00000 rw-p 00000000 00:00 0 
7f03a7d00000-7f03a7e00000 rw-p 00000000 00:00 0 
7f03a7e00000-7f03a81e0000 rw-p 00000000 00:00 0 
7f03a81e0000-7f03a8200000 rw-p 00000000 00:00 0 
7f03a8200000-7f03a8380000 rw-p 00000000 00:00 0 
7f03a8380000-7f03a8400000 rw-p 00000000 00:00 0 
7f03a8400000-7f03a8900000 rw-p 00000000 00:00 0 
7f03a8900000-7f03a8b00000 rw-p 00000000 00:00 0 
7f03a8b00000-7f03a8c00000 rw-p 00000000 00:00 0 
7f03a8c00000-7f03a8d00000 rw-p 00000000 00:00 0 
7f03a8d00000-7f03a8ed0000 rw-p 00000000 00:00 0 
7f03a8ed0000-7f03a8f00000 ---p 00000000 00:00 0 
7f03a8f00000-7f03a93f0000 rw-p 00000000 00:00 0 
7f03a93f0000-7f03aa000000 ---p 00000000 00:00 0 
7f03aa000000-7f03ac000000 rw-p 00000000 00:00 0 
7f03ac000000-7f03ac021000 rw-p 00000000 00:00 0 
7f03ac021000-7f03b0000000 ---p 00000000 00:00 0 
7f03b0028000-7f03b0029000 r--p 00000000 08:01 1840871                    /usr/share/code/resources/app/extensions/redhat.java-1.21.0-linux-x64/jre/17.0.7-linux-x86_64/lib/libextnet.so
7f03b0029000-7f03b002a000 r-xp 00001000 08:01 1840871                    /usr/share/code/resources/app/extensions/redhat.java-1.21.0-linux-x64/jre/17.0.7-linux-x86_64/lib/libextnet.so
7f03b002a000-7f03b002b000 r--p 00002000 08:01 1840871                    /usr/share/code/resources/app/extensions/redhat.java-1.21.0-linux-x64/jre/17.0.7-linux-x86_64/lib/libextnet.so
7f03b002b000-7f03b002c000 r--p 00002000 08:01 1840871                    /usr/share/code/resources/app/extensions/redhat.java-1.21.0-linux-x64/jre/17.0.7-linux-x86_64/lib/libextnet.so
7f03b002c000-7f03b002d000 rw-p 00003000 08:01 1840871                    /usr/share/code/resources/app/extensions/redhat.java-1.21.0-linux-x64/jre/17.0.7-linux-x86_64/lib/libextnet.so
7f03b0030000-7f03b0032000 r--p 00000000 08:01 1840867                    /usr/share/code/resources/app/extensions/redhat.java-1.21.0-linux-x64/jre/17.0.7-linux-x86_64/lib/libmanagement_ext.so
7f03b0032000-7f03b0035000 r-xp 00002000 08:01 1840867                    /usr/share/code/resources/app/extensions/redhat.java-1.21.0-linux-x64/jre/17.0.7-linux-x86_64/lib/libmanagement_ext.so
7f03b0035000-7f03b0036000 r--p 00005000 08:01 1840867                    /usr/share/code/resources/app/extensions/redhat.java-1.21.0-linux-x64/jre/17.0.7-linux-x86_64/lib/libmanagement_ext.so
7f03b0036000-7f03b0037000 ---p 00006000 08:01 1840867                    /usr/share/code/resources/app/extensions/redhat.java-1.21.0-linux-x64/jre/17.0.7-linux-x86_64/lib/libmanagement_ext.so
7f03b0037000-7f03b0038000 r--p 00006000 08:01 1840867                    /usr/share/code/resources/app/extensions/redhat.java-1.21.0-linux-x64/jre/17.0.7-linux-x86_64/lib/libmanagement_ext.so
7f03b0038000-7f03b0039000 rw-p 00007000 08:01 1840867                    /usr/share/code/resources/app/extensions/redhat.java-1.21.0-linux-x64/jre/17.0.7-linux-x86_64/lib/libmanagement_ext.so
7f03b0040000-7f03b0043000 r--p 00000000 08:01 1840876                    /usr/share/code/resources/app/extensions/redhat.java-1.21.0-linux-x64/jre/17.0.7-linux-x86_64/lib/libmanagement.so
7f03b0043000-7f03b0044000 r-xp 00003000 08:01 1840876                    /usr/share/code/resources/app/extensions/redhat.java-1.21.0-linux-x64/jre/17.0.7-linux-x86_64/lib/libmanagement.so
7f03b0044000-7f03b0045000 r--p 00004000 08:01 1840876                    /usr/share/code/resources/app/extensions/redhat.java-1.21.0-linux-x64/jre/17.0.7-linux-x86_64/lib/libmanagement.so
7f03b0045000-7f03b0046000 r--p 00004000 08:01 1840876                    /usr/share/code/resources/app/extensions/redhat.java-1.21.0-linux-x64/jre/17.0.7-linux-x86_64/lib/libmanagement.so
7f03b0046000-7f03b0047000 rw-p 00005000 08:01 1840876                    /usr/share/code/resources/app/extensions/redhat.java-1.21.0-linux-x64/jre/17.0.7-linux-x86_64/lib/libmanagement.so
7f03b004e000-7f03b0052000 ---p 00000000 00:00 0 
7f03b0052000-7f03b0070000 rw-p 00000000 00:00 0 
7f03b0070000-7f03b0077000 r--s 00000000 08:01 278010                     /usr/lib/x86_64-linux-gnu/gconv/gconv-modules.cache
7f03b0078000-7f03b009e000 r--p 00000000 08:01 527693                     /usr/share/locale-langpack/pt_BR/LC_MESSAGES/libc.mo
7f03b00a0000-7f03b00a4000 r--p 00000000 08:01 1840873                    /usr/share/code/resources/app/extensions/redhat.java-1.21.0-linux-x64/jre/17.0.7-linux-x86_64/lib/libverify.so
7f03b00a4000-7f03b00ab000 r-xp 00004000 08:01 1840873                    /usr/share/code/resources/app/extensions/redhat.java-1.21.0-linux-x64/jre/17.0.7-linux-x86_64/lib/libverify.so
7f03b00ab000-7f03b00ad000 r--p 0000b000 08:01 1840873                    /usr/share/code/resources/app/extensions/redhat.java-1.21.0-linux-x64/jre/17.0.7-linux-x86_64/lib/libverify.so
7f03b00ad000-7f03b00af000 r--p 0000c000 08:01 1840873                    /usr/share/code/resources/app/extensions/redhat.java-1.21.0-linux-x64/jre/17.0.7-linux-x86_64/lib/libverify.so
7f03b00af000-7f03b00b0000 rw-p 0000e000 08:01 1840873                    /usr/share/code/resources/app/extensions/redhat.java-1.21.0-linux-x64/jre/17.0.7-linux-x86_64/lib/libverify.so
7f03b00b0000-7f03b00b4000 r--p 00000000 08:01 1840866                    /usr/share/code/resources/app/extensions/redhat.java-1.21.0-linux-x64/jre/17.0.7-linux-x86_64/lib/libnet.so
7f03b00b4000-7f03b00c2000 r-xp 00004000 08:01 1840866                    /usr/share/code/resources/app/extensions/redhat.java-1.21.0-linux-x64/jre/17.0.7-linux-x86_64/lib/libnet.so
7f03b00c2000-7f03b00c6000 r--p 00012000 08:01 1840866                    /usr/share/code/resources/app/extensions/redhat.java-1.21.0-linux-x64/jre/17.0.7-linux-x86_64/lib/libnet.so
7f03b00c6000-7f03b00c7000 r--p 00015000 08:01 1840866                    /usr/share/code/resources/app/extensions/redhat.java-1.21.0-linux-x64/jre/17.0.7-linux-x86_64/lib/libnet.so
7f03b00c7000-7f03b00c8000 rw-p 00016000 08:01 1840866                    /usr/share/code/resources/app/extensions/redhat.java-1.21.0-linux-x64/jre/17.0.7-linux-x86_64/lib/libnet.so
7f03b00c8000-7f03b00cf000 r--p 00000000 08:01 1840845                    /usr/share/code/resources/app/extensions/redhat.java-1.21.0-linux-x64/jre/17.0.7-linux-x86_64/lib/libnio.so
7f03b00cf000-7f03b00d8000 r-xp 00007000 08:01 1840845                    /usr/share/code/resources/app/extensions/redhat.java-1.21.0-linux-x64/jre/17.0.7-linux-x86_64/lib/libnio.so
7f03b00d8000-7f03b00dc000 r--p 00010000 08:01 1840845                    /usr/share/code/resources/app/extensions/redhat.java-1.21.0-linux-x64/jre/17.0.7-linux-x86_64/lib/libnio.so
7f03b00dc000-7f03b00dd000 ---p 00014000 08:01 1840845                    /usr/share/code/resources/app/extensions/redhat.java-1.21.0-linux-x64/jre/17.0.7-linux-x86_64/lib/libnio.so
7f03b00dd000-7f03b00de000 r--p 00014000 08:01 1840845                    /usr/share/code/resources/app/extensions/redhat.java-1.21.0-linux-x64/jre/17.0.7-linux-x86_64/lib/libnio.so
7f03b00de000-7f03b00df000 rw-p 00015000 08:01 1840845                    /usr/share/code/resources/app/extensions/redhat.java-1.21.0-linux-x64/jre/17.0.7-linux-x86_64/lib/libnio.so
7f03b00e2000-7f03b06e8000 rw-p 00000000 00:00 0 
7f03b06e8000-7f03b06ea000 r--p 00000000 08:01 1840860                    /usr/share/code/resources/app/extensions/redhat.java-1.21.0-linux-x64/jre/17.0.7-linux-x86_64/lib/libzip.so
7f03b06ea000-7f03b06ee000 r-xp 00002000 08:01 1840860                    /usr/share/code/resources/app/extensions/redhat.java-1.21.0-linux-x64/jre/17.0.7-linux-x86_64/lib/libzip.so
7f03b06ee000-7f03b06f0000 r--p 00006000 08:01 1840860                    /usr/share/code/resources/app/extensions/redhat.java-1.21.0-linux-x64/jre/17.0.7-linux-x86_64/lib/libzip.so
7f03b06f0000-7f03b06f1000 r--p 00007000 08:01 1840860                    /usr/share/code/resources/app/extensions/redhat.java-1.21.0-linux-x64/jre/17.0.7-linux-x86_64/lib/libzip.so
7f03b06f1000-7f03b06f2000 rw-p 00008000 08:01 1840860                    /usr/share/code/resources/app/extensions/redhat.java-1.21.0-linux-x64/jre/17.0.7-linux-x86_64/lib/libzip.so
7f03b06f5000-7f03b09fe000 rw-p 00000000 00:00 0 
7f03b09fe000-7f03b0b27000 ---p 00000000 00:00 0 
7f03b0b27000-7f03b0b28000 ---p 00000000 00:00 0 
7f03b0b28000-7f03b0c56000 rw-p 00000000 00:00 0 
7f03b0c56000-7f03b0d7e000 ---p 00000000 00:00 0 
7f03b0d7e000-7f03b0d84000 rw-p 00000000 00:00 0 
7f03b0d84000-7f03b0e29000 ---p 00000000 00:00 0 
7f03b0e29000-7f03b0e31000 rw-p 00000000 00:00 0 
7f03b0e31000-7f03b0f15000 ---p 00000000 00:00 0 
7f03b0f15000-7f03b0f2e000 rw-p 00000000 00:00 0 
7f03b0f2e000-7f03b1000000 ---p 00000000 00:00 0 
7f03b1000000-7f03b1c30000 rwxp 00000000 00:00 0 
7f03b1c30000-7f03b8537000 ---p 00000000 00:00 0 
7f03b8537000-7f03b87a7000 rwxp 00000000 00:00 0 
7f03b87a7000-7f03b8ac8000 ---p 00000000 00:00 0 
7f03b8ac8000-7f03b8de8000 rwxp 00000000 00:00 0 
7f03b8de8000-7f03c0000000 ---p 00000000 00:00 0 
7f03c0000000-7f03c0664000 rw-p 00000000 00:00 0 
7f03c0664000-7f03c4000000 ---p 00000000 00:00 0 
7f03c400b000-7f03c4060000 rw-p 00000000 00:00 0 
7f03c4060000-7f03c4068000 rw-s 00000000 08:04 4849666                    /tmp/hsperfdata_erik.diniz.beserra/7925
7f03c4068000-7f03c40d4000 r--s 00000000 08:01 2099427                    /var/cache/nscd/passwd
7f03c40d8000-7f03c40e5000 r--p 00000000 08:01 1840855                    /usr/share/code/resources/app/extensions/redhat.java-1.21.0-linux-x64/jre/17.0.7-linux-x86_64/lib/libjava.so
7f03c40e5000-7f03c40f7000 r-xp 0000d000 08:01 1840855                    /usr/share/code/resources/app/extensions/redhat.java-1.21.0-linux-x64/jre/17.0.7-linux-x86_64/lib/libjava.so
7f03c40f7000-7f03c40fd000 r--p 0001f000 08:01 1840855                    /usr/share/code/resources/app/extensions/redhat.java-1.21.0-linux-x64/jre/17.0.7-linux-x86_64/lib/libjava.so
7f03c40fd000-7f03c40fe000 ---p 00025000 08:01 1840855                    /usr/share/code/resources/app/extensions/redhat.java-1.21.0-linux-x64/jre/17.0.7-linux-x86_64/lib/libjava.so
7f03c40fe000-7f03c40ff000 r--p 00025000 08:01 1840855                    /usr/share/code/resources/app/extensions/redhat.java-1.21.0-linux-x64/jre/17.0.7-linux-x86_64/lib/libjava.so
7f03c40ff000-7f03c4100000 rw-p 00026000 08:01 1840855                    /usr/share/code/resources/app/extensions/redhat.java-1.21.0-linux-x64/jre/17.0.7-linux-x86_64/lib/libjava.so
7f03c4100000-7f03c4101000 rw-p 00000000 00:00 0 
7f03c4108000-7f03c6d1e000 r--s 00000000 08:01 1840883                    /usr/share/code/resources/app/extensions/redhat.java-1.21.0-linux-x64/jre/17.0.7-linux-x86_64/lib/modules
7f03c6d20000-7f03c6d24000 r--p 00000000 08:01 1840843                    /usr/share/code/resources/app/extensions/redhat.java-1.21.0-linux-x64/jre/17.0.7-linux-x86_64/lib/libjimage.so
7f03c6d24000-7f03c6d37000 r-xp 00004000 08:01 1840843                    /usr/share/code/resources/app/extensions/redhat.java-1.21.0-linux-x64/jre/17.0.7-linux-x86_64/lib/libjimage.so
7f03c6d37000-7f03c6d3d000 r--p 00017000 08:01 1840843                    /usr/share/code/resources/app/extensions/redhat.java-1.21.0-linux-x64/jre/17.0.7-linux-x86_64/lib/libjimage.so
7f03c6d3d000-7f03c6d3f000 r--p 0001c000 08:01 1840843                    /usr/share/code/resources/app/extensions/redhat.java-1.21.0-linux-x64/jre/17.0.7-linux-x86_64/lib/libjimage.so
7f03c6d3f000-7f03c6d40000 rw-p 0001e000 08:01 1840843                    /usr/share/code/resources/app/extensions/redhat.java-1.21.0-linux-x64/jre/17.0.7-linux-x86_64/lib/libjimage.so
7f03c6d47000-7f03c6d4b000 ---p 00000000 00:00 0 
7f03c6d4b000-7f03c6e48000 rw-p 00000000 00:00 0 
7f03c6e48000-7f03c6e55000 r--p 00000000 08:01 4992543                    /usr/lib/x86_64-linux-gnu/libm-2.31.so
7f03c6e55000-7f03c6efc000 r-xp 0000d000 08:01 4992543                    /usr/lib/x86_64-linux-gnu/libm-2.31.so
7f03c6efc000-7f03c6f95000 r--p 000b4000 08:01 4992543                    /usr/lib/x86_64-linux-gnu/libm-2.31.so
7f03c6f95000-7f03c6f96000 r--p 0014c000 08:01 4992543                    /usr/lib/x86_64-linux-gnu/libm-2.31.so
7f03c6f96000-7f03c6f97000 rw-p 0014d000 08:01 4992543                    /usr/lib/x86_64-linux-gnu/libm-2.31.so
7f03c6fa0000-7f03c6fa2000 r--p 00000000 08:01 1840839                    /usr/share/code/resources/app/extensions/redhat.java-1.21.0-linux-x64/jre/17.0.7-linux-x86_64/lib/libinstrument.so
7f03c6fa2000-7f03c6fa8000 r-xp 00002000 08:01 1840839                    /usr/share/code/resources/app/extensions/redhat.java-1.21.0-linux-x64/jre/17.0.7-linux-x86_64/lib/libinstrument.so
7f03c6fa8000-7f03c6fab000 r--p 00008000 08:01 1840839                    /usr/share/code/resources/app/extensions/redhat.java-1.21.0-linux-x64/jre/17.0.7-linux-x86_64/lib/libinstrument.so
7f03c6fab000-7f03c6fac000 r--p 0000a000 08:01 1840839                    /usr/share/code/resources/app/extensions/redhat.java-1.21.0-linux-x64/jre/17.0.7-linux-x86_64/lib/libinstrument.so
7f03c6fac000-7f03c6fad000 rw-p 0000b000 08:01 1840839                    /usr/share/code/resources/app/extensions/redhat.java-1.21.0-linux-x64/jre/17.0.7-linux-x86_64/lib/libinstrument.so
7f03c6fb0000-7f03c7202000 r--p 00000000 08:01 1840847                    /usr/share/code/resources/app/extensions/redhat.java-1.21.0-linux-x64/jre/17.0.7-linux-x86_64/lib/server/libjvm.so
7f03c7202000-7f03c7f22000 r-xp 00252000 08:01 1840847                    /usr/share/code/resources/app/extensions/redhat.java-1.21.0-linux-x64/jre/17.0.7-linux-x86_64/lib/server/libjvm.so
7f03c7f22000-7f03c81ae000 r--p 00f72000 08:01 1840847                    /usr/share/code/resources/app/extensions/redhat.java-1.21.0-linux-x64/jre/17.0.7-linux-x86_64/lib/server/libjvm.so
7f03c81ae000-7f03c81af000 ---p 011fe000 08:01 1840847                    /usr/share/code/resources/app/extensions/redhat.java-1.21.0-linux-x64/jre/17.0.7-linux-x86_64/lib/server/libjvm.so
7f03c81af000-7f03c8268000 r--p 011fe000 08:01 1840847                    /usr/share/code/resources/app/extensions/redhat.java-1.21.0-linux-x64/jre/17.0.7-linux-x86_64/lib/server/libjvm.so
7f03c8268000-7f03c829d000 rw-p 012b7000 08:01 1840847                    /usr/share/code/resources/app/extensions/redhat.java-1.21.0-linux-x64/jre/17.0.7-linux-x86_64/lib/server/libjvm.so
7f03c829d000-7f03c82f7000 rw-p 00000000 00:00 0 
7f03c82f8000-7f03c831a000 r--p 00000000 08:01 4992541                    /usr/lib/x86_64-linux-gnu/libc-2.31.so
7f03c831a000-7f03c8492000 r-xp 00022000 08:01 4992541                    /usr/lib/x86_64-linux-gnu/libc-2.31.so
7f03c8492000-7f03c84e0000 r--p 0019a000 08:01 4992541                    /usr/lib/x86_64-linux-gnu/libc-2.31.so
7f03c84e0000-7f03c84e4000 r--p 001e7000 08:01 4992541                    /usr/lib/x86_64-linux-gnu/libc-2.31.so
7f03c84e4000-7f03c84e6000 rw-p 001eb000 08:01 4992541                    /usr/lib/x86_64-linux-gnu/libc-2.31.so
7f03c84e6000-7f03c84ea000 rw-p 00000000 00:00 0 
7f03c84f0000-7f03c84f1000 r--p 00000000 08:01 4992542                    /usr/lib/x86_64-linux-gnu/libdl-2.31.so
7f03c84f1000-7f03c84f3000 r-xp 00001000 08:01 4992542                    /usr/lib/x86_64-linux-gnu/libdl-2.31.so
7f03c84f3000-7f03c84f4000 r--p 00003000 08:01 4992542                    /usr/lib/x86_64-linux-gnu/libdl-2.31.so
7f03c84f4000-7f03c84f5000 r--p 00003000 08:01 4992542                    /usr/lib/x86_64-linux-gnu/libdl-2.31.so
7f03c84f5000-7f03c84f6000 rw-p 00004000 08:01 4992542                    /usr/lib/x86_64-linux-gnu/libdl-2.31.so
7f03c84f8000-7f03c84fe000 r--p 00000000 08:01 4992554                    /usr/lib/x86_64-linux-gnu/libpthread-2.31.so
7f03c84fe000-7f03c850f000 r-xp 00006000 08:01 4992554                    /usr/lib/x86_64-linux-gnu/libpthread-2.31.so
7f03c850f000-7f03c8515000 r--p 00017000 08:01 4992554                    /usr/lib/x86_64-linux-gnu/libpthread-2.31.so
7f03c8515000-7f03c8516000 r--p 0001c000 08:01 4992554                    /usr/lib/x86_64-linux-gnu/libpthread-2.31.so
7f03c8516000-7f03c8517000 rw-p 0001d000 08:01 4992554                    /usr/lib/x86_64-linux-gnu/libpthread-2.31.so
7f03c8517000-7f03c851b000 rw-p 00000000 00:00 0 
7f03c8520000-7f03c8523000 r--p 00000000 08:01 1840886                    /usr/share/code/resources/app/extensions/redhat.java-1.21.0-linux-x64/jre/17.0.7-linux-x86_64/lib/libjli.so
7f03c8523000-7f03c852d000 r-xp 00003000 08:01 1840886                    /usr/share/code/resources/app/extensions/redhat.java-1.21.0-linux-x64/jre/17.0.7-linux-x86_64/lib/libjli.so
7f03c852d000-7f03c8530000 r--p 0000d000 08:01 1840886                    /usr/share/code/resources/app/extensions/redhat.java-1.21.0-linux-x64/jre/17.0.7-linux-x86_64/lib/libjli.so
7f03c8530000-7f03c8531000 ---p 00010000 08:01 1840886                    /usr/share/code/resources/app/extensions/redhat.java-1.21.0-linux-x64/jre/17.0.7-linux-x86_64/lib/libjli.so
7f03c8531000-7f03c8532000 r--p 00010000 08:01 1840886                    /usr/share/code/resources/app/extensions/redhat.java-1.21.0-linux-x64/jre/17.0.7-linux-x86_64/lib/libjli.so
7f03c8532000-7f03c8533000 rw-p 00011000 08:01 1840886                    /usr/share/code/resources/app/extensions/redhat.java-1.21.0-linux-x64/jre/17.0.7-linux-x86_64/lib/libjli.so
7f03c8538000-7f03c853a000 r--p 00000000 08:01 4981442                    /usr/lib/x86_64-linux-gnu/libz.so.1.2.11
7f03c853a000-7f03c854b000 r-xp 00002000 08:01 4981442                    /usr/lib/x86_64-linux-gnu/libz.so.1.2.11
7f03c854b000-7f03c8551000 r--p 00013000 08:01 4981442                    /usr/lib/x86_64-linux-gnu/libz.so.1.2.11
7f03c8551000-7f03c8552000 ---p 00019000 08:01 4981442                    /usr/lib/x86_64-linux-gnu/libz.so.1.2.11
7f03c8552000-7f03c8553000 r--p 00019000 08:01 4981442                    /usr/lib/x86_64-linux-gnu/libz.so.1.2.11
7f03c8553000-7f03c8554000 rw-p 0001a000 08:01 4981442                    /usr/lib/x86_64-linux-gnu/libz.so.1.2.11
7f03c8554000-7f03c8559000 rw-p 00000000 00:00 0 
7f03c8559000-7f03c8560000 ---p 00000000 00:00 0 
7f03c8560000-7f03c8562000 r--p 00000000 08:01 4992556                    /usr/lib/x86_64-linux-gnu/librt-2.31.so
7f03c8562000-7f03c8566000 r-xp 00002000 08:01 4992556                    /usr/lib/x86_64-linux-gnu/librt-2.31.so
7f03c8566000-7f03c8568000 r--p 00006000 08:01 4992556                    /usr/lib/x86_64-linux-gnu/librt-2.31.so
7f03c8568000-7f03c8569000 r--p 00007000 08:01 4992556                    /usr/lib/x86_64-linux-gnu/librt-2.31.so
7f03c8569000-7f03c856a000 rw-p 00008000 08:01 4992556                    /usr/lib/x86_64-linux-gnu/librt-2.31.so
7f03c8570000-7f03c8571000 r--p 00000000 08:01 4992537                    /usr/lib/x86_64-linux-gnu/ld-2.31.so
7f03c8571000-7f03c8594000 r-xp 00001000 08:01 4992537                    /usr/lib/x86_64-linux-gnu/ld-2.31.so
7f03c8594000-7f03c859c000 r--p 00024000 08:01 4992537                    /usr/lib/x86_64-linux-gnu/ld-2.31.so
7f03c859d000-7f03c859e000 r--p 0002c000 08:01 4992537                    /usr/lib/x86_64-linux-gnu/ld-2.31.so
7f03c859e000-7f03c859f000 rw-p 0002d000 08:01 4992537                    /usr/lib/x86_64-linux-gnu/ld-2.31.so
7f03c859f000-7f03c85a0000 rw-p 00000000 00:00 0 
7f03c85a0000-7f03c85a1000 ---p 00000000 00:00 0 
7f03c85a1000-7f03c85a2000 r--p 00000000 00:00 0 
7f03c85a2000-7f03c85a3000 ---p 00000000 00:00 0 
7f03c85a3000-7f03c85a7000 rw-p 00000000 00:00 0 
7fffd33db000-7fffd33fd000 rw-p 00000000 00:00 0                          [stack]
7fffd3400000-7fffd3403000 r--p 00000000 00:00 0                          [vvar]
7fffd3403000-7fffd3404000 r-xp 00000000 00:00 0                          [vdso]
ffffffffff600000-ffffffffff601000 --xp 00000000 00:00 0                  [vsyscall]


VM Arguments:
jvm_args: --add-modules=ALL-SYSTEM --add-opens=java.base/java.util=ALL-UNNAMED --add-opens=java.base/java.lang=ALL-UNNAMED --add-opens=java.base/sun.nio.fs=ALL-UNNAMED -Declipse.application=org.eclipse.jdt.ls.core.id1 -Dosgi.bundles.defaultStartLevel=4 -Declipse.product=org.eclipse.jdt.ls.core.product -Djava.import.generatesMetadataFilesAtProjectRoot=false -Dfile.encoding=utf8 -XX:+UseParallelGC -XX:GCTimeRatio=4 -XX:AdaptiveSizePolicyWeight=90 -Dsun.zip.disableMemoryMapping=true -Xmx1G -Xms100m -Xlog:disable -javaagent:/usr/share/code/resources/app/extensions/redhat.java-1.21.0-linux-x64/lombok/lombok-1.18.28.jar -XX:+HeapDumpOnOutOfMemoryError -XX:HeapDumpPath=/home/erik.diniz.beserra/.config/Code/User/workspaceStorage/744e26f223d76c117024e576e025b18d/redhat.java -Daether.dependencyCollector.impl=bf 
java_command: /usr/share/code/resources/app/extensions/redhat.java-1.21.0-linux-x64/server/plugins/org.eclipse.equinox.launcher_1.6.500.v20230717-2134.jar -configuration /home/erik.diniz.beserra/.config/Code/User/globalStorage/redhat.java/1.21.0/config_linux -data /home/erik.diniz.beserra/.config/Code/User/workspaceStorage/744e26f223d76c117024e576e025b18d/redhat.java/jdt_ws
java_class_path (initial): /usr/share/code/resources/app/extensions/redhat.java-1.21.0-linux-x64/server/plugins/org.eclipse.equinox.launcher_1.6.500.v20230717-2134.jar
Launcher Type: SUN_STANDARD

[Global flags]
    uintx AdaptiveSizePolicyWeight                 = 90                                        {product} {command line}
     intx CICompilerCount                          = 3                                         {product} {ergonomic}
    uintx GCTimeRatio                              = 4                                         {product} {command line}
     bool HeapDumpOnOutOfMemoryError               = true                                   {manageable} {command line}
    ccstr HeapDumpPath                             = /home/erik.diniz.beserra/.config/Code/User/workspaceStorage/744e26f223d76c117024e576e025b18d/redhat.java         {manageable} {command line}
   size_t InitialHeapSize                          = 104857600                                 {product} {command line}
   size_t MaxHeapSize                              = 1073741824                                {product} {command line}
   size_t MaxNewSize                               = 357564416                                 {product} {ergonomic}
   size_t MinHeapDeltaBytes                        = 524288                                    {product} {ergonomic}
   size_t MinHeapSize                              = 104857600                                 {product} {command line}
   size_t NewSize                                  = 34603008                                  {product} {ergonomic}
    uintx NonNMethodCodeHeapSize                   = 5832780                                {pd product} {ergonomic}
    uintx NonProfiledCodeHeapSize                  = 122912730                              {pd product} {ergonomic}
   size_t OldSize                                  = 70254592                                  {product} {ergonomic}
    uintx ProfiledCodeHeapSize                     = 122912730                              {pd product} {ergonomic}
    uintx ReservedCodeCacheSize                    = 251658240                              {pd product} {ergonomic}
     bool SegmentedCodeCache                       = true                                      {product} {ergonomic}
   size_t SoftMaxHeapSize                          = 1073741824                             {manageable} {ergonomic}
     bool UseCompressedClassPointers               = true                           {product lp64_product} {ergonomic}
     bool UseCompressedOops                        = true                           {product lp64_product} {ergonomic}
     bool UseParallelGC                            = true                                      {product} {command line}

Logging:
Log output configuration:
 #0: stdout all=off uptime,level,tags
 #1: stderr all=off uptime,level,tags

Environment Variables:
JAVA_HOME=/usr/lib/jvm/java-17-openjdk-amd64/
PATH=/usr/local/sbin:/usr/local/bin:/usr/sbin:/usr/bin:/sbin:/bin:/usr/games:/usr/local/games:/snap/bin:/opt/puppetlabs/bin:/home/erik.diniz.beserra/.local/bin:/home/erik.diniz.beserra/bin:/usr/local/go/bin:/home/erik.diniz.beserra/.local/bin:/home/erik.diniz.beserra/bin:/usr/local/go/bin
SHELL=/bin/bash
DISPLAY=:0
LANG=pt_BR.UTF-8

Active Locale:
LC_ALL=pt_BR.UTF-8
LC_COLLATE=pt_BR.UTF-8
LC_CTYPE=pt_BR.UTF-8
LC_MESSAGES=pt_BR.UTF-8
LC_MONETARY=pt_BR.UTF-8
LC_NUMERIC=pt_BR.UTF-8
LC_TIME=pt_BR.UTF-8

Signal Handlers:
   SIGSEGV: crash_handler in libjvm.so, mask=11100100010111111101111111111110, flags=SA_RESTART|SA_SIGINFO, unblocked
    SIGBUS: crash_handler in libjvm.so, mask=11100100010111111101111111111110, flags=SA_RESTART|SA_SIGINFO, unblocked
    SIGFPE: crash_handler in libjvm.so, mask=11100100010111111101111111111110, flags=SA_RESTART|SA_SIGINFO, unblocked
   SIGPIPE: javaSignalHandler in libjvm.so, mask=11100100010111111101111111111110, flags=SA_RESTART|SA_SIGINFO, blocked
   SIGXFSZ: javaSignalHandler in libjvm.so, mask=11100100010111111101111111111110, flags=SA_RESTART|SA_SIGINFO, blocked
    SIGILL: crash_handler in libjvm.so, mask=11100100010111111101111111111110, flags=SA_RESTART|SA_SIGINFO, unblocked
   SIGUSR2: SR_handler in libjvm.so, mask=00000000000000000000000000000000, flags=SA_RESTART|SA_SIGINFO, blocked
    SIGHUP: UserHandler in libjvm.so, mask=11100100010111111101111111111110, flags=SA_RESTART|SA_SIGINFO, blocked
    SIGINT: UserHandler in libjvm.so, mask=11100100010111111101111111111110, flags=SA_RESTART|SA_SIGINFO, blocked
   SIGTERM: UserHandler in libjvm.so, mask=11100100010111111101111111111110, flags=SA_RESTART|SA_SIGINFO, blocked
   SIGQUIT: UserHandler in libjvm.so, mask=11100100010111111101111111111110, flags=SA_RESTART|SA_SIGINFO, blocked
   SIGTRAP: crash_handler in libjvm.so, mask=11100100010111111101111111111110, flags=SA_RESTART|SA_SIGINFO, unblocked


---------------  S Y S T E M  ---------------

OS:
DISTRIB_ID=LinuxMint
DISTRIB_RELEASE=20.3
DISTRIB_CODENAME=una
DISTRIB_DESCRIPTION="Linux Mint 20.3 Una"
uname: Linux 5.4.0-156-generic #173-Ubuntu SMP Tue Jul 11 07:25:22 UTC 2023 x86_64
OS uptime: 0 days 3:10 hours
libc: glibc 2.31 NPTL 2.31 
rlimit (soft/hard): STACK 8192k/infinity , CORE 0k/infinity , NPROC 3000/3000 , NOFILE 1048576/1048576 , AS infinity/infinity , CPU infinity/infinity , DATA infinity/infinity , FSIZE infinity/infinity , MEMLOCK 65536k/65536k
load average: 5,64 2,24 0,88

/proc/meminfo:
MemTotal:        7549120 kB
MemFree:         2356656 kB
MemAvailable:    4962724 kB
Buffers:          319088 kB
Cached:          2390352 kB
SwapCached:            0 kB
Active:          3139016 kB
Inactive:        1467228 kB
Active(anon):    1905908 kB
Inactive(anon):   120372 kB
Active(file):    1233108 kB
Inactive(file):  1346856 kB
Unevictable:          64 kB
Mlocked:              64 kB
SwapTotal:       7810044 kB
SwapFree:        7810044 kB
Dirty:             17988 kB
Writeback:            48 kB
AnonPages:       1896976 kB
Mapped:           661552 kB
Shmem:            129452 kB
KReclaimable:     328204 kB
Slab:             438940 kB
SReclaimable:     328204 kB
SUnreclaim:       110736 kB
KernelStack:       12400 kB
PageTables:        25984 kB
NFS_Unstable:          0 kB
Bounce:                0 kB
WritebackTmp:          0 kB
CommitLimit:    11584604 kB
Committed_AS:    6949324 kB
VmallocTotal:   34359738367 kB
VmallocUsed:       30288 kB
VmallocChunk:          0 kB
Percpu:             3008 kB
HardwareCorrupted:     0 kB
AnonHugePages:         0 kB
ShmemHugePages:        0 kB
ShmemPmdMapped:        0 kB
FileHugePages:         0 kB
FilePmdMapped:         0 kB
CmaTotal:              0 kB
CmaFree:               0 kB
HugePages_Total:       0
HugePages_Free:        0
HugePages_Rsvd:        0
HugePages_Surp:        0
Hugepagesize:       2048 kB
Hugetlb:               0 kB
DirectMap4k:      326464 kB
DirectMap2M:     6418432 kB
DirectMap1G:     2097152 kB

/sys/kernel/mm/transparent_hugepage/enabled: always [madvise] never
/sys/kernel/mm/transparent_hugepage/defrag (defrag/compaction efforts parameter): always defer defer+madvise [madvise] never

Process Memory:
Virtual Size: 4743620K (peak: 4743620K)
Resident Set Size: 343828K (peak: 343828K) (anon: 284800K, file: 59028K, shmem: 0K)
Swapped out: 0K
C-Heap outstanding allocations: 71820K, retained: 48327K
glibc malloc tunables: (default)

/proc/sys/kernel/threads-max (system-wide limit on the number of threads): 58225
/proc/sys/vm/max_map_count (maximum number of memory map areas a process may have): 65530
/proc/sys/kernel/pid_max (system-wide limit on number of process identifiers): 4194304

container (cgroup) information:
container_type: cgroupv1
cpu_cpuset_cpus: 0-3
cpu_memory_nodes: 0
active_processor_count: 4
cpu_quota: no quota
cpu_period: 100000
cpu_shares: no shares
memory_limit_in_bytes: unlimited
memory_and_swap_limit_in_bytes: not supported
memory_soft_limit_in_bytes: unlimited
memory_usage_in_bytes: 2778368 k
memory_max_usage_in_bytes: 2778368 k
kernel_memory_usage_in_bytes: 67956 k
kernel_memory_max_usage_in_bytes: unlimited
kernel_memory_limit_in_bytes: 68060 k
maximum number of tasks: unlimited
current number of tasks: 467

Steal ticks since vm start: 0
Steal ticks percentage since vm start:  0,000

CPU: total 4 (initial active 4) (4 cores per cpu, 1 threads per core) family 21 model 101 stepping 1 microcode 0x600611a, cx8, cmov, fxsr, mmx, 3dnowpref, sse, sse2, sse3, ssse3, sse4a, sse4.1, sse4.2, popcnt, lzcnt, tsc, tscinvbit, avx, avx2, aes, clmul, bmi1, bmi2, fma, vzeroupper, clflush
CPU Model and flags from /proc/cpuinfo:
model name	: AMD PRO A10-8770E R7, 10 COMPUTE CORES 4C+6G
flags		: fpu vme de pse tsc msr pae mce cx8 apic sep mtrr pge mca cmov pat pse36 clflush mmx fxsr sse sse2 ht syscall nx mmxext fxsr_opt pdpe1gb rdtscp lm constant_tsc rep_good acc_power nopl nonstop_tsc cpuid extd_apicid aperfmperf pni pclmulqdq monitor ssse3 fma cx16 sse4_1 sse4_2 movbe popcnt aes xsave avx f16c lahf_lm cmp_legacy svm extapic cr8_legacy abm sse4a misalignsse 3dnowprefetch osvw ibs xop skinit wdt lwp fma4 tce nodeid_msr tbm topoext perfctr_core perfctr_nb bpext ptsc mwaitx cpb hw_pstate ssbd ibpb vmmcall fsgsbase bmi1 avx2 smep bmi2 xsaveopt arat npt lbrv svm_lock nrip_save tsc_scale vmcb_clean flushbyasid decodeassists pausefilter pfthreshold avic vgif overflow_recov

Online cpus: 0-3
Offline cpus: 
BIOS frequency limitation: 2800000
Frequency switch latency (ns): 4000
Available cpu frequencies: 2800000 2600000 2100000 1300000 800000 
Current governor: ondemand
Core performance/turbo boost: 1

Memory: 4k page, physical 7549120k(2356656k free), swap 7810044k(7810044k free)
Page Sizes: 4k

vm_info: OpenJDK 64-Bit Server VM (17.0.7+7) for linux-amd64 JRE (17.0.7+7), built on Apr 18 2023 00:00:00 by "temurin" with gcc 10.3.0

END.
