#
# A fatal error has been detected by the Java Runtime Environment:
#
#  SIGSEGV (0xb) at pc=0x00007f5bf332791d, pid=8173, tid=8214
#
# JRE version: OpenJDK Runtime Environment Temurin-17.0.7+7 (17.0.7+7) (build 17.0.7+7)
# Java VM: OpenJDK 64-Bit Server VM Temurin-17.0.7+7 (17.0.7+7, mixed mode, tiered, compressed oops, compressed class ptrs, parallel gc, linux-amd64)
# Problematic frame:
# V  [libjvm.so+0xc8791d]  ParallelCompactData::calc_new_pointer(HeapWordImpl**, ParCompactionManager*) const+0x2d
#
# Core dump will be written. Default location: Core dumps may be processed with "/lib/systemd/systemd-coredump %P %u %g %s %t 9223372036854775808 %h" (or dumping to /home/erik.diniz.beserra/Downloads/Roteiros-LEDA-main/R10-02-Rot-TabelaHash-environment/core.8173)
#
# If you would like to submit a bug report, please visit:
#   https://github.com/adoptium/adoptium-support/issues
#

---------------  S U M M A R Y ------------

Command Line: --add-modules=ALL-SYSTEM --add-opens=java.base/java.util=ALL-UNNAMED --add-opens=java.base/java.lang=ALL-UNNAMED --add-opens=java.base/sun.nio.fs=ALL-UNNAMED -Declipse.application=org.eclipse.jdt.ls.core.id1 -Dosgi.bundles.defaultStartLevel=4 -Declipse.product=org.eclipse.jdt.ls.core.product -Djava.import.generatesMetadataFilesAtProjectRoot=false -Dfile.encoding=utf8 -XX:+UseParallelGC -XX:GCTimeRatio=4 -XX:AdaptiveSizePolicyWeight=90 -Dsun.zip.disableMemoryMapping=true -Xmx1G -Xms100m -Xlog:disable -javaagent:/usr/share/code/resources/app/extensions/redhat.java-1.21.0-linux-x64/lombok/lombok-1.18.28.jar -XX:+HeapDumpOnOutOfMemoryError -XX:HeapDumpPath=/home/erik.diniz.beserra/.config/Code/User/workspaceStorage/744e26f223d76c117024e576e025b18d/redhat.java -Daether.dependencyCollector.impl=bf /usr/share/code/resources/app/extensions/redhat.java-1.21.0-linux-x64/server/plugins/org.eclipse.equinox.launcher_1.6.500.v20230717-2134.jar -configuration /home/erik.diniz.beserra/.config/Code/User/globalStorage/redhat.java/1.21.0/config_linux -data /home/erik.diniz.beserra/.config/Code/User/workspaceStorage/744e26f223d76c117024e576e025b18d/redhat.java/jdt_ws

Host: AMD PRO A10-8770E R7, 10 COMPUTE CORES 4C+6G, 4 cores, 7G, Linux Mint 20.3 Una
Time: Fri Oct  6 10:12:28 2023 -03 elapsed time: 37.419858 seconds (0d 0h 0m 37s)

---------------  T H R E A D  ---------------

Current thread (0x00007f5bc8002840):  GCTaskThread "GC Thread#2" [stack: 0x00007f5baf8f8000,0x00007f5baf9f8000] [id=8214]

Stack: [0x00007f5baf8f8000,0x00007f5baf9f8000],  sp=0x00007f5baf9f6b40,  free space=1018k
Native frames: (J=compiled Java code, j=interpreted, Vv=VM code, C=native code)
V  [libjvm.so+0xc8791d]  ParallelCompactData::calc_new_pointer(HeapWordImpl**, ParCompactionManager*) const+0x2d
V  [libjvm.so+0xc7af0f]  void OopOopIterateDispatch<PCAdjustPointerClosure>::Table::oop_oop_iterate<ObjArrayKlass, narrowOop>(PCAdjustPointerClosure*, oopDesc*, Klass*)+0x7f
V  [libjvm.so+0xc84069]  UpdateOnlyClosure::do_addr(HeapWordImpl**, unsigned long)+0x79
V  [libjvm.so+0xc366c3]  ParMarkBitMap::iterate(ParMarkBitMapClosure*, ParMarkBitMapClosure*, unsigned long, unsigned long, unsigned long) const+0x1c3
V  [libjvm.so+0xc86b91]  PSParallelCompact::update_and_deadwood_in_dense_prefix(ParCompactionManager*, PSParallelCompact::SpaceId, unsigned long, unsigned long)+0x291
V  [libjvm.so+0xc8bbe1]  UpdateDensePrefixAndCompactionTask::work(unsigned int)+0x3f1
V  [libjvm.so+0xf14b7f]  GangWorker::loop()+0x5f
V  [libjvm.so+0xf14bdf]
V  [libjvm.so+0xe65c10]  Thread::call_run()+0xc0
V  [libjvm.so+0xc1aa21]  thread_native_entry(Thread*)+0xe1


siginfo: si_signo: 11 (SIGSEGV), si_code: 128 (SI_KERNEL), si_addr: 0x0000000000000000

Register to memory mapping:

RAX=0x00007f5bf1d2d000 points into unknown readable memory: 0x00000000c0000000 | 00 00 00 c0 00 00 00 00
RBX=0x0000000001000000 is an unknown value
RCX=0x0 is NULL
RDX=0x00009fffffff88a0 is an unknown value
RSP=0x00007f5baf9f6b40 points into unknown readable memory: 0x00007f5baf9f6bc0 | c0 6b 9f af 5b 7f 00 00
RBP=0x00007f5baf9f6b70 points into unknown readable memory: 0x00007f5baf9f6bb0 | b0 6b 9f af 5b 7f 00 00
RSI=0x0000000001000000 is an unknown value
RDI=0x00007f5bf39beac0: <offset 0x000000000131eac0> in /usr/share/code/resources/app/extensions/redhat.java-1.21.0-linux-x64/jre/17.0.7-linux-x86_64/lib/server/libjvm.so at 0x00007f5bf26a0000
R8 =0x0000000000000011 is an unknown value
R9 =0x00000000013f0000 is an unknown value
R10=0x0000000001aa2dbf is an unknown value
R11=0x00007f5bf39beb00: <offset 0x000000000131eb00> in /usr/share/code/resources/app/extensions/redhat.java-1.21.0-linux-x64/jre/17.0.7-linux-x86_64/lib/server/libjvm.so at 0x00007f5bf26a0000
R12=0x0000000001000000 is an unknown value
R13=0x00000000c8568ef4 is pointing into object: [Ljava.lang.Object; 
{0x00000000c8568e68} - klass: 'java/lang/Object'[]
 - length: 31
R14=0x00057f5bf1cf1500 is an unknown value
R15=0x00007f5bec0eafe0 points into unknown readable memory: 0x0000000000000000 | 00 00 00 00 00 00 00 00


Registers:
RAX=0x00007f5bf1d2d000, RBX=0x0000000001000000, RCX=0x0000000000000000, RDX=0x00009fffffff88a0
RSP=0x00007f5baf9f6b40, RBP=0x00007f5baf9f6b70, RSI=0x0000000001000000, RDI=0x00007f5bf39beac0
R8 =0x0000000000000011, R9 =0x00000000013f0000, R10=0x0000000001aa2dbf, R11=0x00007f5bf39beb00
R12=0x0000000001000000, R13=0x00000000c8568ef4, R14=0x00057f5bf1cf1500, R15=0x00007f5bec0eafe0
RIP=0x00007f5bf332791d, EFLAGS=0x0000000000010212, CSGSFS=0x002b000000000033, ERR=0x0000000000000000
  TRAPNO=0x000000000000000d

Top of Stack: (sp=0x00007f5baf9f6b40)
0x00007f5baf9f6b40:   00007f5baf9f6bc0 0000000001000000
0x00007f5baf9f6b50:   00000000c8568ea4 00000000c8568ef4
0x00007f5baf9f6b60:   00007f5baf9f6bc0 00007f5bf395c330
0x00007f5baf9f6b70:   00007f5baf9f6bb0 00007f5bf331af0f 

Instructions: (pc=0x00007f5bf332791d)
0x00007f5bf332781d:   48 8d 51 01 49 01 c1 49 01 c9 4c 39 da 73 3f 4c
0x00007f5bf332782d:   8b 2d dd 72 69 00 48 89 d0 48 89 d1 48 c1 e8 06
0x00007f5bf332783d:   83 e1 3f 4d 8b 74 c5 00 49 d3 ee 41 f6 c6 01 75
0x00007f5bf332784d:   44 4d 85 f6 74 0f eb 2b 0f 1f 00 49 8b 54 c5 00
0x00007f5bf332785d:   48 85 d2 75 6e 48 83 c0 01 48 39 c6 77 ed 48 83
0x00007f5bf332786d:   c4 10 5b 41 5c 41 5d 41 5e 5d c3 0f 1f 84 00 00
0x00007f5bf332787d:   00 00 00 31 c9 f3 49 0f bc ce 48 63 c9 48 01 ca
0x00007f5bf332788d:   49 39 d3 76 d9 48 89 f8 e9 06 ff ff ff 66 0f 1f
0x00007f5bf332789d:   44 00 00 31 c0 f3 49 0f bc c6 48 98 48 8d 0c 10
0x00007f5bf33278ad:   e9 60 ff ff ff 66 0f 1f 44 00 00 f3 48 0f bc c9
0x00007f5bf33278bd:   48 c1 e0 06 48 63 c9 48 01 c1 e9 46 ff ff ff 0f
0x00007f5bf33278cd:   1f 40 00 f3 48 0f bc d2 48 c1 e0 06 48 63 d2 48
0x00007f5bf33278dd:   01 c2 eb ac 0f 1f 80 00 00 00 00 c3 90 66 0f 1f
0x00007f5bf33278ed:   44 00 00 55 48 89 f0 48 89 e5 41 57 49 89 d7 41
0x00007f5bf33278fd:   56 41 55 41 54 49 89 f4 53 48 83 ec 08 48 2b 07
0x00007f5bf332790d:   48 c1 e8 13 48 8d 14 80 48 8b 47 18 4c 8d 34 d0
0x00007f5bf332791d:   41 8b 46 1c 41 8b 56 18 4d 8b 2e 25 ff ff ff 07
0x00007f5bf332792d:   48 01 d0 48 3d 00 00 01 00 74 78 41 0f b6 46 20
0x00007f5bf332793d:   48 89 fb 84 c0 74 4c 48 8b 53 30 4c 89 e0 48 2b
0x00007f5bf332794d:   03 4c 89 e1 48 c1 e8 0a 4c 89 fe 48 8d 3d a1 71
0x00007f5bf332795d:   69 00 0f b7 1c 42 4c 89 e2 48 81 e2 00 fc ff ff
0x00007f5bf332796d:   e8 1e e8 fa ff 48 83 c4 08 48 01 c3 49 8d 44 dd
0x00007f5bf332797d:   00 5b 41 5c 41 5d 41 5e 41 5f 5d c3 0f 1f 80 00
0x00007f5bf332798d:   00 00 00 48 89 f7 48 2b 3b 48 c1 ef 13 e8 61 fd
0x00007f5bf332799d:   ff ff 41 c6 46 20 01 eb 9e 66 2e 0f 1f 84 00 00
0x00007f5bf33279ad:   00 00 00 48 83 c4 08 41 81 e4 f8 ff 07 00 5b 4b
0x00007f5bf33279bd:   8d 44 25 00 41 5c 41 5d 41 5e 41 5f 5d c3 90 0f
0x00007f5bf33279cd:   1f 40 00 55 48 89 e5 53 48 89 fb 48 83 ec 08 48
0x00007f5bf33279dd:   8b 47 28 48 8b 57 38 48 8b 77 20 48 8d 3c d0 48
0x00007f5bf33279ed:   39 fe 74 19 48 8b 43 18 48 8d 14 c5 00 00 00 00
0x00007f5bf33279fd:   e8 4e a7 5c ff 48 8b 7b 20 48 8b 43 28 48 8b 53
0x00007f5bf3327a0d:   18 48 c7 43 18 00 00 00 00 48 c1 e2 03 48 01 d0 


Stack slot to memory mapping:
stack at sp + 0 slots: 0x00007f5baf9f6bc0 points into unknown readable memory: 0x00007f5bf38b41e8 | e8 41 8b f3 5b 7f 00 00
stack at sp + 1 slots: 0x0000000001000000 is an unknown value
stack at sp + 2 slots: 0x00000000c8568ea4 is pointing into object: [Ljava.lang.Object; 
{0x00000000c8568e68} - klass: 'java/lang/Object'[]
 - length: 31
stack at sp + 3 slots: 0x00000000c8568ef4 is pointing into object: [Ljava.lang.Object; 
{0x00000000c8568e68} - klass: 'java/lang/Object'[]
 - length: 31
stack at sp + 4 slots: 0x00007f5baf9f6bc0 points into unknown readable memory: 0x00007f5bf38b41e8 | e8 41 8b f3 5b 7f 00 00
stack at sp + 5 slots: 0x00007f5bf395c330: <offset 0x00000000012bc330> in /usr/share/code/resources/app/extensions/redhat.java-1.21.0-linux-x64/jre/17.0.7-linux-x86_64/lib/server/libjvm.so at 0x00007f5bf26a0000
stack at sp + 6 slots: 0x00007f5baf9f6bb0 points into unknown readable memory: 0x00007f5baf9f6be0 | e0 6b 9f af 5b 7f 00 00
stack at sp + 7 slots: 0x00007f5bf331af0f: <offset 0x0000000000c7af0f> in /usr/share/code/resources/app/extensions/redhat.java-1.21.0-linux-x64/jre/17.0.7-linux-x86_64/lib/server/libjvm.so at 0x00007f5bf26a0000


---------------  P R O C E S S  ---------------

Threads class SMR info:
_java_thread_list=0x00007f5ba406a540, length=36, elements={
0x00007f5bec027580, 0x00007f5bec160f00, 0x00007f5bec162470, 0x00007f5bec18a040,
0x00007f5bec18d930, 0x00007f5bec18e8a0, 0x00007f5bec18fef0, 0x00007f5bec1913a0,
0x00007f5bec1927e0, 0x00007f5bec1efea0, 0x00007f5bec2f95c0, 0x00007f5bec399ea0,
0x00007f5bec495a20, 0x00007f5bec4ec8a0, 0x00007f5bec4ef4f0, 0x00007f5b78033b50,
0x00007f5b782b6eb0, 0x00007f5b7833b140, 0x00007f5b78355110, 0x00007f5b68000e70,
0x00007f5b788bcf20, 0x00007f5b6c16cbe0, 0x00007f5b6c16ddc0, 0x00007f5bec5393b0,
0x00007f5bec5e8940, 0x00007f5bec5ea240, 0x00007f5bb46fc880, 0x00007f5b68041a20,
0x00007f5b6c2e8670, 0x00007f5b5c087ce0, 0x00007f5b68042f10, 0x00007f5b5c0887d0,
0x00007f5b5c0911f0, 0x00007f5b90003520, 0x00007f5b6c35e1b0, 0x00007f5ba4069ad0
}

Java Threads: ( => current thread )
  0x00007f5bec027580 JavaThread "main" [_thread_blocked, id=8174, stack(0x00007f5bf243f000,0x00007f5bf2540000)]
  0x00007f5bec160f00 JavaThread "Reference Handler" daemon [_thread_blocked, id=8177, stack(0x00007f5bf08ee000,0x00007f5bf09ef000)]
  0x00007f5bec162470 JavaThread "Finalizer" daemon [_thread_blocked, id=8178, stack(0x00007f5bf07ed000,0x00007f5bf08ee000)]
  0x00007f5bec18a040 JavaThread "Signal Dispatcher" daemon [_thread_blocked, id=8179, stack(0x00007f5bf0177000,0x00007f5bf0278000)]
  0x00007f5bec18d930 JavaThread "Service Thread" daemon [_thread_blocked, id=8180, stack(0x00007f5bf0076000,0x00007f5bf0177000)]
  0x00007f5bec18e8a0 JavaThread "Monitor Deflation Thread" daemon [_thread_blocked, id=8181, stack(0x00007f5bd82e7000,0x00007f5bd83e8000)]
  0x00007f5bec18fef0 JavaThread "C2 CompilerThread0" daemon [_thread_blocked, id=8182, stack(0x00007f5bd81e6000,0x00007f5bd82e7000)]
  0x00007f5bec1913a0 JavaThread "C1 CompilerThread0" daemon [_thread_blocked, id=8183, stack(0x00007f5bd80e5000,0x00007f5bd81e6000)]
  0x00007f5bec1927e0 JavaThread "Sweeper thread" daemon [_thread_blocked, id=8184, stack(0x00007f5bafeff000,0x00007f5bb0000000)]
  0x00007f5bec1efea0 JavaThread "Common-Cleaner" daemon [_thread_blocked, id=8186, stack(0x00007f5bafdfe000,0x00007f5bafeff000)]
  0x00007f5bec2f95c0 JavaThread "Notification Thread" daemon [_thread_blocked, id=8191, stack(0x00007f5bafcfd000,0x00007f5bafdfe000)]
  0x00007f5bec399ea0 JavaThread "process reaper" daemon [_thread_blocked, id=8205, stack(0x00007f5bd80b6000,0x00007f5bd80d8000)]
  0x00007f5bec495a20 JavaThread "Active Thread: Equinox Container: 092b6b8a-3d87-4faf-b1f2-cb1c5b3ee62a" [_thread_blocked, id=8229, stack(0x00007f5baf6f3000,0x00007f5baf7f4000)]
  0x00007f5bec4ec8a0 JavaThread "Framework Event Dispatcher: Equinox Container: 092b6b8a-3d87-4faf-b1f2-cb1c5b3ee62a" daemon [_thread_blocked, id=8230, stack(0x00007f5baf5f2000,0x00007f5baf6f3000)]
  0x00007f5bec4ef4f0 JavaThread "Start Level: Equinox Container: 092b6b8a-3d87-4faf-b1f2-cb1c5b3ee62a" daemon [_thread_blocked, id=8231, stack(0x00007f5baf4f1000,0x00007f5baf5f2000)]
  0x00007f5b78033b50 JavaThread "SCR Component Actor" daemon [_thread_blocked, id=8232, stack(0x00007f5bafafa000,0x00007f5bafbfb000)]
  0x00007f5b782b6eb0 JavaThread "Worker-JM" [_thread_blocked, id=8246, stack(0x00007f5baf0d6000,0x00007f5baf1d7000)]
  0x00007f5b7833b140 JavaThread "Worker-0: Java indexing... " [_thread_blocked, id=8247, stack(0x00007f5baefd5000,0x00007f5baf0d6000)]
  0x00007f5b78355110 JavaThread "Worker-1: Validate documents" [_thread_blocked, id=8248, stack(0x00007f5baeed4000,0x00007f5baefd5000)]
  0x00007f5b68000e70 JavaThread "Worker-2" [_thread_blocked, id=8255, stack(0x00007f5baedd3000,0x00007f5baeed4000)]
  0x00007f5b788bcf20 JavaThread "Java indexing" daemon [_thread_blocked, id=8259, stack(0x00007f5baecd2000,0x00007f5baedd3000)]
  0x00007f5b6c16cbe0 JavaThread "Worker-3" [_thread_blocked, id=8260, stack(0x00007f5baebd1000,0x00007f5baecd2000)]
  0x00007f5b6c16ddc0 JavaThread "Worker-4" [_thread_blocked, id=8262, stack(0x00007f5bae9cf000,0x00007f5baead0000)]
  0x00007f5bec5393b0 JavaThread "pool-2-thread-1" [_thread_blocked, id=8276, stack(0x00007f5bae8ce000,0x00007f5bae9cf000)]
  0x00007f5bec5e8940 JavaThread "WorkspaceEventsHandler" [_thread_blocked, id=8278, stack(0x00007f5baf1d7000,0x00007f5baf2d8000)]
  0x00007f5bec5ea240 JavaThread "pool-1-thread-1" [_thread_blocked, id=8279, stack(0x00007f5bae7cd000,0x00007f5bae8ce000)]
  0x00007f5bb46fc880 JavaThread "C2 CompilerThread1" daemon [_thread_blocked, id=8300, stack(0x00007f5baead0000,0x00007f5baebd1000)]
  0x00007f5b68041a20 JavaThread "Worker-5" [_thread_blocked, id=8454, stack(0x00007f5bae2c8000,0x00007f5bae3c9000)]
  0x00007f5b6c2e8670 JavaThread "Worker-6" [_thread_blocked, id=8455, stack(0x00007f5bae6cc000,0x00007f5bae7cd000)]
  0x00007f5b5c087ce0 JavaThread "ForkJoinPool.commonPool-worker-1" daemon [_thread_blocked, id=8456, stack(0x00007f5bae5cb000,0x00007f5bae6cc000)]
  0x00007f5b68042f10 JavaThread "Worker-7: Publish Diagnostics" [_thread_blocked, id=8457, stack(0x00007f5bae4ca000,0x00007f5bae5cb000)]
  0x00007f5b5c0887d0 JavaThread "ForkJoinPool.commonPool-worker-2" daemon [_thread_blocked, id=8458, stack(0x00007f5bae3c9000,0x00007f5bae4ca000)]
  0x00007f5b5c0911f0 JavaThread "ForkJoinPool.commonPool-worker-3" daemon [_thread_blocked, id=8459, stack(0x00007f5bae1c7000,0x00007f5bae2c8000)]
  0x00007f5b90003520 JavaThread "Bundle File Closer" daemon [_thread_blocked, id=8460, stack(0x00007f5bae0c6000,0x00007f5bae1c7000)]
  0x00007f5b6c35e1b0 JavaThread "SCR Component Registry" daemon [_thread_blocked, id=8486, stack(0x00007f5badec4000,0x00007f5badfc5000)]
  0x00007f5ba4069ad0 JavaThread "Thread-3" daemon [_thread_blocked, id=8511, stack(0x00007f5badfc5000,0x00007f5bae0c6000)]

Other Threads:
  0x00007f5bec150d80 VMThread "VM Thread" [stack: 0x00007f5bf09f1000,0x00007f5bf0af1000] [id=8176]
  0x00007f5bec070310 WatcherThread [stack: 0x00007f5bafbfd000,0x00007f5bafcfd000] [id=8192]
  0x00007f5bec03dd80 GCTaskThread "GC Thread#0" [stack: 0x00007f5bf1e99000,0x00007f5bf1f99000] [id=8175]
  0x00007f5bc80010d0 GCTaskThread "GC Thread#1" [stack: 0x00007f5baf9fa000,0x00007f5bafafa000] [id=8213]
=>0x00007f5bc8002840 GCTaskThread "GC Thread#2" [stack: 0x00007f5baf8f8000,0x00007f5baf9f8000] [id=8214]
  0x00007f5bc8003080 GCTaskThread "GC Thread#3" [stack: 0x00007f5baf7f6000,0x00007f5baf8f6000] [id=8215]

Threads with active compile tasks:
C2 CompilerThread0    37437 8416       4       com.google.gson.stream.JsonReader::nextQuotedValue (270 bytes)
C2 CompilerThread1    37438 8396       4       org.objectweb.asm.ClassReader::<init> (371 bytes)

VM state: at safepoint (normal execution)

VM Mutex/Monitor currently owned by a thread:  ([mutex/lock_event])
[0x00007f5bec024410] Threads_lock - owner thread: 0x00007f5bec150d80
[0x00007f5bec024bc0] Heap_lock - owner thread: 0x00007f5b788bcf20

Heap address: 0x00000000c0000000, size: 1024 MB, Compressed Oops mode: 32-bit

CDS archive(s) not mapped
Compressed class space mapped at: 0x0000000100000000-0x0000000140000000, reserved size: 1073741824
Narrow klass base: 0x0000000000000000, Narrow klass shift: 3, Narrow klass range: 0x140000000

GC Precious Log:
 CPUs: 4 total, 4 available
 Memory: 7372M
 Large Page Support: Disabled
 NUMA Support: Disabled
 Compressed Oops: Enabled (32-bit)
 Alignments: Space 512K, Generation 512K, Heap 2M
 Heap Min Capacity: 100M
 Heap Initial Capacity: 100M
 Heap Max Capacity: 1G
 Pre-touch: Disabled
 Parallel Workers: 4

Heap:
 PSYoungGen      total 10752K, used 2037K [0x00000000eab00000, 0x00000000ecb80000, 0x0000000100000000)
  eden space 8704K, 0% used [0x00000000eab00000,0x00000000eab00000,0x00000000eb380000)
  from space 2048K, 99% used [0x00000000ebd00000,0x00000000ebefd5e0,0x00000000ebf00000)
  to   space 9728K, 0% used [0x00000000eb380000,0x00000000eb380000,0x00000000ebd00000)
 ParOldGen       total 223232K, used 223227K [0x00000000c0000000, 0x00000000cda00000, 0x00000000eab00000)
  object space 223232K, 99% used [0x00000000c0000000,0x00000000cd9fef60,0x00000000cda00000)
 Metaspace       used 63474K, committed 64576K, reserved 1114112K
  class space    used 6882K, committed 7296K, reserved 1048576K

Card table byte_map: [0x00007f5bf1f99000,0x00007f5bf219a000] _byte_map_base: 0x00007f5bf1999000

Marking Bits: (ParMarkBitMap*) 0x00007f5bf39beb00
 Begin Bits: [0x00007f5bd83e8000, 0x00007f5bd93e8000)
 End Bits:   [0x00007f5bd93e8000, 0x00007f5bda3e8000)

Polling page: 0x00007f5bf3c62000

Metaspace:

Usage:
  Non-class:     55,27 MB used.
      Class:      6,72 MB used.
       Both:     61,99 MB used.

Virtual space:
  Non-class space:       64,00 MB reserved,      55,94 MB ( 87%) committed,  1 nodes.
      Class space:        1,00 GB reserved,       7,12 MB ( <1%) committed,  1 nodes.
             Both:        1,06 GB reserved,      63,06 MB (  6%) committed. 

Chunk freelists:
   Non-Class:  7,95 MB
       Class:  8,89 MB
        Both:  16,84 MB

MaxMetaspaceSize: unlimited
CompressedClassSpaceSize: 1,00 GB
Initial GC threshold: 21,00 MB
Current GC threshold: 104,50 MB
CDS: off
MetaspaceReclaimPolicy: balanced
 - commit_granule_bytes: 65536.
 - commit_granule_words: 8192.
 - virtual_space_node_default_size: 8388608.
 - enlarge_chunks_in_place: 1.
 - new_chunks_are_fully_committed: 0.
 - uncommit_free_chunks: 1.
 - use_allocation_guard: 0.
 - handle_deallocations: 1.


Internal statistics:

num_allocs_failed_limit: 6.
num_arena_births: 762.
num_arena_deaths: 16.
num_vsnodes_births: 2.
num_vsnodes_deaths: 0.
num_space_committed: 1009.
num_space_uncommitted: 0.
num_chunks_returned_to_freelist: 22.
num_chunks_taken_from_freelist: 3365.
num_chunk_merges: 7.
num_chunk_splits: 2054.
num_chunks_enlarged: 1165.
num_inconsistent_stats: 0.

CodeHeap 'non-profiled nmethods': size=120032Kb used=3955Kb max_used=3955Kb free=116077Kb
 bounds [0x00007f5be1eb0000, 0x00007f5be2290000, 0x00007f5be93e8000]
CodeHeap 'profiled nmethods': size=120028Kb used=14997Kb max_used=14997Kb free=105030Kb
 bounds [0x00007f5bda3e8000, 0x00007f5bdb298000, 0x00007f5be191f000]
CodeHeap 'non-nmethods': size=5700Kb used=1330Kb max_used=1382Kb free=4369Kb
 bounds [0x00007f5be191f000, 0x00007f5be1b8f000, 0x00007f5be1eb0000]
 total_blobs=8114 nmethods=7443 adapters=587
 compilation: enabled
              stopped_count=0, restarted_count=0
 full_count=0

Compilation events (20 events):
Event: 37,131 Thread 0x00007f5bec1913a0 8418       2       com.google.gson.internal.bind.MapTypeAdapterFactory$Adapter::read (6 bytes)
Event: 37,131 Thread 0x00007f5bec1913a0 nmethod 8418 0x00007f5bdb287210 code [0x00007f5bdb2873c0, 0x00007f5bdb2874e0]
Event: 37,131 Thread 0x00007f5bec1913a0 8419       2       com.google.gson.internal.ConstructorConstructor$18::construct (8 bytes)
Event: 37,131 Thread 0x00007f5bec1913a0 nmethod 8419 0x00007f5bdb287590 code [0x00007f5bdb287740, 0x00007f5bdb2878e0]
Event: 37,131 Thread 0x00007f5bec1913a0 8412       2       org.eclipse.jdt.internal.compiler.parser.Scanner::resetLookBack (15 bytes)
Event: 37,131 Thread 0x00007f5bec1913a0 nmethod 8412 0x00007f5bdb287990 code [0x00007f5bdb287b20, 0x00007f5bdb287c50]
Event: 37,137 Thread 0x00007f5bec1913a0 8422       3       com.google.gson.stream.JsonReader::beginArray (82 bytes)
Event: 37,138 Thread 0x00007f5bec1913a0 nmethod 8422 0x00007f5bdb287d10 code [0x00007f5bdb287fc0, 0x00007f5bdb288b00]
Event: 37,138 Thread 0x00007f5bec1913a0 8424       3       com.google.gson.internal.bind.ArrayTypeAdapter::read (133 bytes)
Event: 37,140 Thread 0x00007f5bec1913a0 nmethod 8424 0x00007f5bdb288f10 code [0x00007f5bdb289240, 0x00007f5bdb28a710]
Event: 37,140 Thread 0x00007f5bec1913a0 8423       3       com.google.gson.stream.JsonReader::endArray (90 bytes)
Event: 37,142 Thread 0x00007f5bec1913a0 nmethod 8423 0x00007f5bdb28ae10 code [0x00007f5bdb28b0a0, 0x00007f5bdb28bbd0]
Event: 37,161 Thread 0x00007f5bec1913a0 8428       3       org.eclipse.jdt.internal.compiler.util.Util::scanTypeSignature (206 bytes)
Event: 37,162 Thread 0x00007f5bec1913a0 nmethod 8428 0x00007f5bdb28bf90 code [0x00007f5bdb28c200, 0x00007f5bdb28c9d0]
Event: 37,165 Thread 0x00007f5bec18fef0 nmethod 8395 0x00007f5be2287190 code [0x00007f5be22873a0, 0x00007f5be2287de8]
Event: 37,165 Thread 0x00007f5bec18fef0 8416       4       com.google.gson.stream.JsonReader::nextQuotedValue (270 bytes)
Event: 37,181 Thread 0x00007f5bb46fc880 nmethod 8381 0x00007f5be2288610 code [0x00007f5be22888e0, 0x00007f5be228b260]
Event: 37,181 Thread 0x00007f5bb46fc880 8396       4       org.objectweb.asm.ClassReader::<init> (371 bytes)
Event: 37,187 Thread 0x00007f5bec1913a0 8432       3       org.eclipse.jdt.internal.core.search.indexing.BinaryIndexer::removeFirstSyntheticParameter (73 bytes)
Event: 37,188 Thread 0x00007f5bec1913a0 nmethod 8432 0x00007f5bdb28cc90 code [0x00007f5bdb28ce80, 0x00007f5bdb28d350]

GC Heap History (20 events):
Event: 36,523 GC heap after
{Heap after GC invocations=131 (full 7):
 PSYoungGen      total 20480K, used 2808K [0x00000000eab00000, 0x00000000ec300000, 0x0000000100000000)
  eden space 16384K, 0% used [0x00000000eab00000,0x00000000eab00000,0x00000000ebb00000)
  from space 4096K, 68% used [0x00000000ebb00000,0x00000000ebdbe148,0x00000000ebf00000)
  to   space 3072K, 0% used [0x00000000ec000000,0x00000000ec000000,0x00000000ec300000)
 ParOldGen       total 194560K, used 167587K [0x00000000c0000000, 0x00000000cbe00000, 0x00000000eab00000)
  object space 194560K, 86% used [0x00000000c0000000,0x00000000ca3a8c10,0x00000000cbe00000)
 Metaspace       used 62992K, committed 64128K, reserved 1114112K
  class space    used 6846K, committed 7296K, reserved 1048576K
}
Event: 36,573 GC heap before
{Heap before GC invocations=132 (full 7):
 PSYoungGen      total 20480K, used 19149K [0x00000000eab00000, 0x00000000ec300000, 0x0000000100000000)
  eden space 16384K, 99% used [0x00000000eab00000,0x00000000ebaf53f0,0x00000000ebb00000)
  from space 4096K, 68% used [0x00000000ebb00000,0x00000000ebdbe148,0x00000000ebf00000)
  to   space 3072K, 0% used [0x00000000ec000000,0x00000000ec000000,0x00000000ec300000)
 ParOldGen       total 194560K, used 167587K [0x00000000c0000000, 0x00000000cbe00000, 0x00000000eab00000)
  object space 194560K, 86% used [0x00000000c0000000,0x00000000ca3a8c10,0x00000000cbe00000)
 Metaspace       used 63033K, committed 64128K, reserved 1114112K
  class space    used 6849K, committed 7296K, reserved 1048576K
}
Event: 36,579 GC heap after
{Heap after GC invocations=132 (full 7):
 PSYoungGen      total 19968K, used 1049K [0x00000000eab00000, 0x00000000ec180000, 0x0000000100000000)
  eden space 18432K, 0% used [0x00000000eab00000,0x00000000eab00000,0x00000000ebd00000)
  from space 1536K, 68% used [0x00000000ec000000,0x00000000ec106790,0x00000000ec180000)
  to   space 2048K, 0% used [0x00000000ebd80000,0x00000000ebd80000,0x00000000ebf80000)
 ParOldGen       total 194560K, used 169097K [0x00000000c0000000, 0x00000000cbe00000, 0x00000000eab00000)
  object space 194560K, 86% used [0x00000000c0000000,0x00000000ca522730,0x00000000cbe00000)
 Metaspace       used 63033K, committed 64128K, reserved 1114112K
  class space    used 6849K, committed 7296K, reserved 1048576K
}
Event: 36,653 GC heap before
{Heap before GC invocations=133 (full 7):
 PSYoungGen      total 19968K, used 19481K [0x00000000eab00000, 0x00000000ec180000, 0x0000000100000000)
  eden space 18432K, 100% used [0x00000000eab00000,0x00000000ebd00000,0x00000000ebd00000)
  from space 1536K, 68% used [0x00000000ec000000,0x00000000ec106790,0x00000000ec180000)
  to   space 2048K, 0% used [0x00000000ebd80000,0x00000000ebd80000,0x00000000ebf80000)
 ParOldGen       total 194560K, used 169101K [0x00000000c0000000, 0x00000000cbe00000, 0x00000000eab00000)
  object space 194560K, 86% used [0x00000000c0000000,0x00000000ca5236d0,0x00000000cbe00000)
 Metaspace       used 63065K, committed 64192K, reserved 1114112K
  class space    used 6850K, committed 7296K, reserved 1048576K
}
Event: 36,665 GC heap after
{Heap after GC invocations=133 (full 7):
 PSYoungGen      total 20480K, used 1919K [0x00000000eab00000, 0x00000000ec200000, 0x0000000100000000)
  eden space 18432K, 0% used [0x00000000eab00000,0x00000000eab00000,0x00000000ebd00000)
  from space 2048K, 93% used [0x00000000ebd80000,0x00000000ebf5fd20,0x00000000ebf80000)
  to   space 2560K, 0% used [0x00000000ebf80000,0x00000000ebf80000,0x00000000ec200000)
 ParOldGen       total 194560K, used 176332K [0x00000000c0000000, 0x00000000cbe00000, 0x00000000eab00000)
  object space 194560K, 90% used [0x00000000c0000000,0x00000000cac331d0,0x00000000cbe00000)
 Metaspace       used 63065K, committed 64192K, reserved 1114112K
  class space    used 6850K, committed 7296K, reserved 1048576K
}
Event: 36,705 GC heap before
{Heap before GC invocations=134 (full 7):
 PSYoungGen      total 20480K, used 20351K [0x00000000eab00000, 0x00000000ec200000, 0x0000000100000000)
  eden space 18432K, 100% used [0x00000000eab00000,0x00000000ebd00000,0x00000000ebd00000)
  from space 2048K, 93% used [0x00000000ebd80000,0x00000000ebf5fd20,0x00000000ebf80000)
  to   space 2560K, 0% used [0x00000000ebf80000,0x00000000ebf80000,0x00000000ec200000)
 ParOldGen       total 194560K, used 176363K [0x00000000c0000000, 0x00000000cbe00000, 0x00000000eab00000)
  object space 194560K, 90% used [0x00000000c0000000,0x00000000cac3af38,0x00000000cbe00000)
 Metaspace       used 63065K, committed 64192K, reserved 1114112K
  class space    used 6850K, committed 7296K, reserved 1048576K
}
Event: 36,720 GC heap after
{Heap after GC invocations=134 (full 7):
 PSYoungGen      total 10240K, used 2538K [0x00000000eab00000, 0x00000000ed980000, 0x0000000100000000)
  eden space 7680K, 0% used [0x00000000eab00000,0x00000000eab00000,0x00000000eb280000)
  from space 2560K, 99% used [0x00000000ebf80000,0x00000000ec1fa868,0x00000000ec200000)
  to   space 13312K, 0% used [0x00000000eb280000,0x00000000eb280000,0x00000000ebf80000)
 ParOldGen       total 194560K, used 185414K [0x00000000c0000000, 0x00000000cbe00000, 0x00000000eab00000)
  object space 194560K, 95% used [0x00000000c0000000,0x00000000cb511860,0x00000000cbe00000)
 Metaspace       used 63065K, committed 64192K, reserved 1114112K
  class space    used 6850K, committed 7296K, reserved 1048576K
}
Event: 36,720 GC heap before
{Heap before GC invocations=135 (full 8):
 PSYoungGen      total 10240K, used 2538K [0x00000000eab00000, 0x00000000ed980000, 0x0000000100000000)
  eden space 7680K, 0% used [0x00000000eab00000,0x00000000eab00000,0x00000000eb280000)
  from space 2560K, 99% used [0x00000000ebf80000,0x00000000ec1fa868,0x00000000ec200000)
  to   space 13312K, 0% used [0x00000000eb280000,0x00000000eb280000,0x00000000ebf80000)
 ParOldGen       total 194560K, used 185414K [0x00000000c0000000, 0x00000000cbe00000, 0x00000000eab00000)
  object space 194560K, 95% used [0x00000000c0000000,0x00000000cb511860,0x00000000cbe00000)
 Metaspace       used 63065K, committed 64192K, reserved 1114112K
  class space    used 6850K, committed 7296K, reserved 1048576K
}
Event: 36,949 GC heap after
{Heap after GC invocations=135 (full 8):
 PSYoungGen      total 20992K, used 0K [0x00000000eab00000, 0x00000000ecd80000, 0x0000000100000000)
  eden space 7680K, 0% used [0x00000000eab00000,0x00000000eab00000,0x00000000eb280000)
  from space 13312K, 0% used [0x00000000eb280000,0x00000000eb280000,0x00000000ebf80000)
  to   space 13312K, 0% used [0x00000000ec080000,0x00000000ec080000,0x00000000ecd80000)
 ParOldGen       total 220160K, used 177536K [0x00000000c0000000, 0x00000000cd700000, 0x00000000eab00000)
  object space 220160K, 80% used [0x00000000c0000000,0x00000000cad60098,0x00000000cd700000)
 Metaspace       used 63065K, committed 64192K, reserved 1114112K
  class space    used 6850K, committed 7296K, reserved 1048576K
}
Event: 36,985 GC heap before
{Heap before GC invocations=136 (full 8):
 PSYoungGen      total 20992K, used 7680K [0x00000000eab00000, 0x00000000ecd80000, 0x0000000100000000)
  eden space 7680K, 100% used [0x00000000eab00000,0x00000000eb280000,0x00000000eb280000)
  from space 13312K, 0% used [0x00000000eb280000,0x00000000eb280000,0x00000000ebf80000)
  to   space 13312K, 0% used [0x00000000ec080000,0x00000000ec080000,0x00000000ecd80000)
 ParOldGen       total 220160K, used 192858K [0x00000000c0000000, 0x00000000cd700000, 0x00000000eab00000)
  object space 220160K, 87% used [0x00000000c0000000,0x00000000cbc56be0,0x00000000cd700000)
 Metaspace       used 63066K, committed 64192K, reserved 1114112K
  class space    used 6850K, committed 7296K, reserved 1048576K
}
Event: 36,991 GC heap after
{Heap after GC invocations=136 (full 8):
 PSYoungGen      total 10752K, used 1583K [0x00000000eab00000, 0x00000000ec280000, 0x0000000100000000)
  eden space 8704K, 0% used [0x00000000eab00000,0x00000000eab00000,0x00000000eb380000)
  from space 2048K, 77% used [0x00000000ec080000,0x00000000ec20bd78,0x00000000ec280000)
  to   space 5632K, 0% used [0x00000000eb780000,0x00000000eb780000,0x00000000ebd00000)
 ParOldGen       total 220160K, used 192858K [0x00000000c0000000, 0x00000000cd700000, 0x00000000eab00000)
  object space 220160K, 87% used [0x00000000c0000000,0x00000000cbc56be0,0x00000000cd700000)
 Metaspace       used 63066K, committed 64192K, reserved 1114112K
  class space    used 6850K, committed 7296K, reserved 1048576K
}
Event: 37,045 GC heap before
{Heap before GC invocations=137 (full 8):
 PSYoungGen      total 10752K, used 10287K [0x00000000eab00000, 0x00000000ec280000, 0x0000000100000000)
  eden space 8704K, 100% used [0x00000000eab00000,0x00000000eb380000,0x00000000eb380000)
  from space 2048K, 77% used [0x00000000ec080000,0x00000000ec20bd78,0x00000000ec280000)
  to   space 5632K, 0% used [0x00000000eb780000,0x00000000eb780000,0x00000000ebd00000)
 ParOldGen       total 220160K, used 203868K [0x00000000c0000000, 0x00000000cd700000, 0x00000000eab00000)
  object space 220160K, 92% used [0x00000000c0000000,0x00000000cc717180,0x00000000cd700000)
 Metaspace       used 63071K, committed 64192K, reserved 1114112K
  class space    used 6852K, committed 7296K, reserved 1048576K
}
Event: 37,052 GC heap after
{Heap after GC invocations=137 (full 8):
 PSYoungGen      total 15360K, used 2336K [0x00000000eab00000, 0x00000000ec100000, 0x0000000100000000)
  eden space 9728K, 0% used [0x00000000eab00000,0x00000000eab00000,0x00000000eb480000)
  from space 5632K, 41% used [0x00000000eb780000,0x00000000eb9c8350,0x00000000ebd00000)
  to   space 3072K, 0% used [0x00000000ebe00000,0x00000000ebe00000,0x00000000ec100000)
 ParOldGen       total 220160K, used 203868K [0x00000000c0000000, 0x00000000cd700000, 0x00000000eab00000)
  object space 220160K, 92% used [0x00000000c0000000,0x00000000cc717180,0x00000000cd700000)
 Metaspace       used 63071K, committed 64192K, reserved 1114112K
  class space    used 6852K, committed 7296K, reserved 1048576K
}
Event: 37,096 GC heap before
{Heap before GC invocations=138 (full 8):
 PSYoungGen      total 15360K, used 12064K [0x00000000eab00000, 0x00000000ec100000, 0x0000000100000000)
  eden space 9728K, 100% used [0x00000000eab00000,0x00000000eb480000,0x00000000eb480000)
  from space 5632K, 41% used [0x00000000eb780000,0x00000000eb9c8350,0x00000000ebd00000)
  to   space 3072K, 0% used [0x00000000ebe00000,0x00000000ebe00000,0x00000000ec100000)
 ParOldGen       total 220160K, used 214877K [0x00000000c0000000, 0x00000000cd700000, 0x00000000eab00000)
  object space 220160K, 97% used [0x00000000c0000000,0x00000000cd1d7720,0x00000000cd700000)
 Metaspace       used 63075K, committed 64192K, reserved 1114112K
  class space    used 6852K, committed 7296K, reserved 1048576K
}
Event: 37,103 GC heap after
{Heap after GC invocations=138 (full 8):
 PSYoungGen      total 13824K, used 3071K [0x00000000eab00000, 0x00000000ec100000, 0x0000000100000000)
  eden space 10752K, 0% used [0x00000000eab00000,0x00000000eab00000,0x00000000eb580000)
  from space 3072K, 99% used [0x00000000ebe00000,0x00000000ec0ffdd0,0x00000000ec100000)
  to   space 4096K, 0% used [0x00000000eb900000,0x00000000eb900000,0x00000000ebd00000)
 ParOldGen       total 220160K, used 215237K [0x00000000c0000000, 0x00000000cd700000, 0x00000000eab00000)
  object space 220160K, 97% used [0x00000000c0000000,0x00000000cd231400,0x00000000cd700000)
 Metaspace       used 63075K, committed 64192K, reserved 1114112K
  class space    used 6852K, committed 7296K, reserved 1048576K
}
Event: 37,146 GC heap before
{Heap before GC invocations=139 (full 8):
 PSYoungGen      total 13824K, used 13823K [0x00000000eab00000, 0x00000000ec100000, 0x0000000100000000)
  eden space 10752K, 100% used [0x00000000eab00000,0x00000000eb580000,0x00000000eb580000)
  from space 3072K, 99% used [0x00000000ebe00000,0x00000000ec0ffdd0,0x00000000ec100000)
  to   space 4096K, 0% used [0x00000000eb900000,0x00000000eb900000,0x00000000ebd00000)
 ParOldGen       total 220160K, used 215237K [0x00000000c0000000, 0x00000000cd700000, 0x00000000eab00000)
  object space 220160K, 97% used [0x00000000c0000000,0x00000000cd231400,0x00000000cd700000)
 Metaspace       used 63361K, committed 64512K, reserved 1114112K
  class space    used 6868K, committed 7296K, reserved 1048576K
}
Event: 37,155 GC heap after
{Heap after GC invocations=139 (full 8):
 PSYoungGen      total 16384K, used 3740K [0x00000000eab00000, 0x00000000ebf00000, 0x0000000100000000)
  eden space 12288K, 0% used [0x00000000eab00000,0x00000000eab00000,0x00000000eb700000)
  from space 4096K, 91% used [0x00000000eb900000,0x00000000ebca7028,0x00000000ebd00000)
  to   space 2048K, 0% used [0x00000000ebd00000,0x00000000ebd00000,0x00000000ebf00000)
 ParOldGen       total 220160K, used 216589K [0x00000000c0000000, 0x00000000cd700000, 0x00000000eab00000)
  object space 220160K, 98% used [0x00000000c0000000,0x00000000cd383488,0x00000000cd700000)
 Metaspace       used 63361K, committed 64512K, reserved 1114112K
  class space    used 6868K, committed 7296K, reserved 1048576K
}
Event: 37,189 GC heap before
{Heap before GC invocations=140 (full 8):
 PSYoungGen      total 16384K, used 16023K [0x00000000eab00000, 0x00000000ebf00000, 0x0000000100000000)
  eden space 12288K, 99% used [0x00000000eab00000,0x00000000eb6fef38,0x00000000eb700000)
  from space 4096K, 91% used [0x00000000eb900000,0x00000000ebca7028,0x00000000ebd00000)
  to   space 2048K, 0% used [0x00000000ebd00000,0x00000000ebd00000,0x00000000ebf00000)
 ParOldGen       total 220160K, used 216589K [0x00000000c0000000, 0x00000000cd700000, 0x00000000eab00000)
  object space 220160K, 98% used [0x00000000c0000000,0x00000000cd383488,0x00000000cd700000)
 Metaspace       used 63474K, committed 64576K, reserved 1114112K
  class space    used 6882K, committed 7296K, reserved 1048576K
}
Event: 37,212 GC heap after
{Heap after GC invocations=140 (full 8):
 PSYoungGen      total 10752K, used 2037K [0x00000000eab00000, 0x00000000ecb80000, 0x0000000100000000)
  eden space 8704K, 0% used [0x00000000eab00000,0x00000000eab00000,0x00000000eb380000)
  from space 2048K, 99% used [0x00000000ebd00000,0x00000000ebefd5e0,0x00000000ebf00000)
  to   space 9728K, 0% used [0x00000000eb380000,0x00000000eb380000,0x00000000ebd00000)
 ParOldGen       total 223232K, used 223227K [0x00000000c0000000, 0x00000000cda00000, 0x00000000eab00000)
  object space 223232K, 99% used [0x00000000c0000000,0x00000000cd9fef60,0x00000000cda00000)
 Metaspace       used 63474K, committed 64576K, reserved 1114112K
  class space    used 6882K, committed 7296K, reserved 1048576K
}
Event: 37,212 GC heap before
{Heap before GC invocations=141 (full 9):
 PSYoungGen      total 10752K, used 2037K [0x00000000eab00000, 0x00000000ecb80000, 0x0000000100000000)
  eden space 8704K, 0% used [0x00000000eab00000,0x00000000eab00000,0x00000000eb380000)
  from space 2048K, 99% used [0x00000000ebd00000,0x00000000ebefd5e0,0x00000000ebf00000)
  to   space 9728K, 0% used [0x00000000eb380000,0x00000000eb380000,0x00000000ebd00000)
 ParOldGen       total 223232K, used 223227K [0x00000000c0000000, 0x00000000cda00000, 0x00000000eab00000)
  object space 223232K, 99% used [0x00000000c0000000,0x00000000cd9fef60,0x00000000cda00000)
 Metaspace       used 63474K, committed 64576K, reserved 1114112K
  class space    used 6882K, committed 7296K, reserved 1048576K
}

Dll operation events (9 events):
Event: 0,018 Loaded shared library /usr/share/code/resources/app/extensions/redhat.java-1.21.0-linux-x64/jre/17.0.7-linux-x86_64/lib/libjava.so
Event: 1,053 Loaded shared library /usr/share/code/resources/app/extensions/redhat.java-1.21.0-linux-x64/jre/17.0.7-linux-x86_64/lib/libzip.so
Event: 1,055 Loaded shared library /usr/share/code/resources/app/extensions/redhat.java-1.21.0-linux-x64/jre/17.0.7-linux-x86_64/lib/libinstrument.so
Event: 1,070 Loaded shared library /usr/share/code/resources/app/extensions/redhat.java-1.21.0-linux-x64/jre/17.0.7-linux-x86_64/lib/libnio.so
Event: 1,089 Loaded shared library /usr/share/code/resources/app/extensions/redhat.java-1.21.0-linux-x64/jre/17.0.7-linux-x86_64/lib/libzip.so
Event: 1,124 Loaded shared library /usr/share/code/resources/app/extensions/redhat.java-1.21.0-linux-x64/jre/17.0.7-linux-x86_64/lib/libjimage.so
Event: 1,261 Loaded shared library /usr/share/code/resources/app/extensions/redhat.java-1.21.0-linux-x64/jre/17.0.7-linux-x86_64/lib/libverify.so
Event: 4,352 Loaded shared library /usr/share/code/resources/app/extensions/redhat.java-1.21.0-linux-x64/jre/17.0.7-linux-x86_64/lib/libnet.so
Event: 6,142 Loaded shared library /home/erik.diniz.beserra/.config/Code/User/globalStorage/redhat.java/1.21.0/config_linux/org.eclipse.equinox.launcher/org.eclipse.equinox.launcher.gtk.linux.x86_64_1.2.700.v20221108-1024/eclipse_11801.so

Deoptimization events (20 events):
Event: 37,058 Thread 0x00007f5b788bcf20 Uncommon trap: trap_request=0xffffff45 fr.pc=0x00007f5be21a4728 relative=0x0000000000001328
Event: 37,058 Thread 0x00007f5b788bcf20 Uncommon trap: reason=unstable_if action=reinterpret pc=0x00007f5be21a4728 method=org.eclipse.jdt.internal.compiler.classfmt.MethodInfo.createMethod([B[IIJ)Lorg/eclipse/jdt/internal/compiler/classfmt/MethodInfo; @ 217 c2
Event: 37,058 Thread 0x00007f5b788bcf20 DEOPT PACKING pc=0x00007f5be21a4728 sp=0x00007f5baedd1250
Event: 37,058 Thread 0x00007f5b788bcf20 DEOPT UNPACKING pc=0x00007f5be1975399 sp=0x00007f5baedd11b0 mode 2
Event: 37,073 Thread 0x00007f5b788bcf20 Uncommon trap: trap_request=0xffffff45 fr.pc=0x00007f5be216f3f0 relative=0x0000000000000d10
Event: 37,073 Thread 0x00007f5b788bcf20 Uncommon trap: reason=unstable_if action=reinterpret pc=0x00007f5be216f3f0 method=org.eclipse.jdt.internal.compiler.classfmt.FieldInfo.createField([B[IIJ)Lorg/eclipse/jdt/internal/compiler/classfmt/FieldInfo; @ 167 c2
Event: 37,073 Thread 0x00007f5b788bcf20 DEOPT PACKING pc=0x00007f5be216f3f0 sp=0x00007f5baedd1260
Event: 37,073 Thread 0x00007f5b788bcf20 DEOPT UNPACKING pc=0x00007f5be1975399 sp=0x00007f5baedd11d8 mode 2
Event: 37,093 Thread 0x00007f5b5c0887d0 DEOPT PACKING pc=0x00007f5bda8d10c3 sp=0x00007f5bae4c2a10
Event: 37,093 Thread 0x00007f5b5c0887d0 DEOPT UNPACKING pc=0x00007f5be1975b2f sp=0x00007f5bae4c1f30 mode 0
Event: 37,106 Thread 0x00007f5b5c0887d0 DEOPT PACKING pc=0x00007f5bda8d10c3 sp=0x00007f5bae4c2ce0
Event: 37,106 Thread 0x00007f5b5c0887d0 DEOPT UNPACKING pc=0x00007f5be1975b2f sp=0x00007f5bae4c2200 mode 0
Event: 37,117 Thread 0x00007f5ba4069ad0 Uncommon trap: trap_request=0xffffffc6 fr.pc=0x00007f5be2201464 relative=0x0000000000000c84
Event: 37,117 Thread 0x00007f5ba4069ad0 Uncommon trap: reason=bimorphic_or_optimized_type_check action=maybe_recompile pc=0x00007f5be2201464 method=java.util.HashMap.putVal(ILjava/lang/Object;Ljava/lang/Object;ZZ)Ljava/lang/Object; @ 203 c2
Event: 37,117 Thread 0x00007f5ba4069ad0 DEOPT PACKING pc=0x00007f5be2201464 sp=0x00007f5bae0c3bc0
Event: 37,117 Thread 0x00007f5ba4069ad0 DEOPT UNPACKING pc=0x00007f5be1975399 sp=0x00007f5bae0c3b50 mode 2
Event: 37,117 Thread 0x00007f5ba4069ad0 Uncommon trap: trap_request=0xffffffc6 fr.pc=0x00007f5be2201464 relative=0x0000000000000c84
Event: 37,117 Thread 0x00007f5ba4069ad0 Uncommon trap: reason=bimorphic_or_optimized_type_check action=maybe_recompile pc=0x00007f5be2201464 method=java.util.HashMap.putVal(ILjava/lang/Object;Ljava/lang/Object;ZZ)Ljava/lang/Object; @ 203 c2
Event: 37,117 Thread 0x00007f5ba4069ad0 DEOPT PACKING pc=0x00007f5be2201464 sp=0x00007f5bae0c3bc0
Event: 37,118 Thread 0x00007f5ba4069ad0 DEOPT UNPACKING pc=0x00007f5be1975399 sp=0x00007f5bae0c3b50 mode 2

Classes unloaded (8 events):
Event: 8,044 Thread 0x00007f5bec150d80 Unloading class 0x0000000100244000 'java/lang/invoke/LambdaForm$MH+0x0000000100244000'
Event: 8,044 Thread 0x00007f5bec150d80 Unloading class 0x0000000100243c00 'java/lang/invoke/LambdaForm$MH+0x0000000100243c00'
Event: 8,044 Thread 0x00007f5bec150d80 Unloading class 0x0000000100243800 'java/lang/invoke/LambdaForm$MH+0x0000000100243800'
Event: 8,044 Thread 0x00007f5bec150d80 Unloading class 0x0000000100243400 'java/lang/invoke/LambdaForm$MH+0x0000000100243400'
Event: 8,044 Thread 0x00007f5bec150d80 Unloading class 0x0000000100243000 'java/lang/invoke/LambdaForm$BMH+0x0000000100243000'
Event: 8,044 Thread 0x00007f5bec150d80 Unloading class 0x0000000100242c00 'java/lang/invoke/LambdaForm$DMH+0x0000000100242c00'
Event: 8,044 Thread 0x00007f5bec150d80 Unloading class 0x0000000100240000 'java/lang/invoke/LambdaForm$DMH+0x0000000100240000'
Event: 27,746 Thread 0x00007f5bec150d80 Unloading class 0x00000001005fd400 'java/lang/invoke/LambdaForm$DMH+0x00000001005fd400'

Classes redefined (0 events):
No events

Internal exceptions (20 events):
Event: 30,524 Thread 0x00007f5b68000e70 Exception <a 'sun/nio/fs/UnixException'{0x00000000eb07ab08}> (0x00000000eb07ab08) 
thrown [src/hotspot/share/prims/jni.cpp, line 516]
Event: 30,651 Thread 0x00007f5b68000e70 Exception <a 'java/lang/NoSuchMethodError'{0x00000000eacd3580}: static Lorg/apache/maven/model/InputLocation;.<clinit>()V> (0x00000000eacd3580) 
thrown [src/hotspot/share/prims/jni.cpp, line 1107]
Event: 30,659 Thread 0x00007f5b68000e70 Exception <a 'java/lang/NoSuchMethodError'{0x00000000ead3d338}: static Lorg/apache/maven/model/InputSource;.<clinit>()V> (0x00000000ead3d338) 
thrown [src/hotspot/share/prims/jni.cpp, line 1107]
Event: 30,675 Thread 0x00007f5b68000e70 Exception <a 'java/lang/NoSuchMethodError'{0x00000000eae73f90}: static Lorg/eclipse/m2e/core/internal/lifecyclemapping/model/PluginExecutionMetadata;.<clinit>()V> (0x00000000eae73f90) 
thrown [src/hotspot/share/prims/jni.cpp, line 1107]
Event: 30,682 Thread 0x00007f5b68000e70 Exception <a 'java/lang/NoSuchMethodError'{0x00000000eaec0b10}: static Lorg/eclipse/m2e/core/internal/lifecyclemapping/model/PluginExecutionFilter;.<clinit>()V> (0x00000000eaec0b10) 
thrown [src/hotspot/share/prims/jni.cpp, line 1107]
Event: 31,572 Thread 0x00007f5b68000e70 Exception <a 'sun/nio/fs/UnixException'{0x00000000eac75f38}> (0x00000000eac75f38) 
thrown [src/hotspot/share/prims/jni.cpp, line 516]
Event: 31,644 Thread 0x00007f5b68000e70 Exception <a 'sun/nio/fs/UnixException'{0x00000000eb032cb0}> (0x00000000eb032cb0) 
thrown [src/hotspot/share/prims/jni.cpp, line 516]
Event: 31,675 Thread 0x00007f5b68000e70 Exception <a 'sun/nio/fs/UnixException'{0x00000000eab9d5e8}> (0x00000000eab9d5e8) 
thrown [src/hotspot/share/prims/jni.cpp, line 516]
Event: 31,772 Thread 0x00007f5b68041a20 Exception <a 'java/io/FileNotFoundException'{0x00000000eacf2bf8}> (0x00000000eacf2bf8) 
thrown [src/hotspot/share/prims/jni.cpp, line 516]
Event: 31,876 Thread 0x00007f5b90003520 Implicit null exception at 0x00007f5be2198438 to 0x00007f5be2198768
Event: 32,046 Thread 0x00007f5b5c0887d0 Exception <a 'java/lang/ClassNotFoundException'{0x00000000eab49d28}: sun/util/logging/resources/spi/loggingProvider> (0x00000000eab49d28) 
thrown [src/hotspot/share/classfile/systemDictionary.cpp, line 256]
Event: 32,241 Thread 0x00007f5b6c2e8670 Exception <a 'java/lang/NoSuchMethodError'{0x00000000eafd8bf0}: static Lorg/eclipse/m2e/core/internal/project/registry/MavenProjectFacade$MavenProjectConfiguration;.<clinit>()V> (0x00000000eafd8bf0) 
thrown [src/hotspot/share/prims/jni.cpp, line 1107]
Event: 32,581 Thread 0x00007f5b6c2e8670 Exception <a 'java/lang/NoSuchMethodError'{0x00000000eab66720}: static [J.<clinit>()V> (0x00000000eab66720) 
thrown [src/hotspot/share/prims/jni.cpp, line 1107]
Event: 32,689 Thread 0x00007f5b5c087ce0 Exception <a 'java/lang/LinkageError'{0x00000000eb04a8f0}: loader lombok.launch.ShadowClassLoader @7dc62f71 attempted duplicate class definition for lombok.launch.PatchFixesHider$Transform. (lombok.launch.PatchFixesHider$Transform is in unnamed module of loader lombok.launch.ShadowClassLoader @7dc62f71, parent loader org.eclipse.osgi.internal.loader.EquinoxClassLoader @14d0c7be)> (0x00000000eb04a8f0) 
thrown [src/hotspot/share/classfile/systemDictionary.cpp, line 1724]
Event: 32,689 Thread 0x00007f5b5c0911f0 Exception <a 'java/lang/LinkageError'{0x00000000eb063c30}: loader lombok.launch.ShadowClassLoader @7dc62f71 attempted duplicate class definition for lombok.launch.PatchFixesHider$Transform. (lombok.launch.PatchFixesHider$Transform is in unnamed module of loader lombok.launch.ShadowClassLoader @7dc62f71, parent loader org.eclipse.osgi.internal.loader.EquinoxClassLoader @14d0c7be)> (0x00000000eb063c30) 
thrown [src/hotspot/share/classfile/systemDictionary.cpp, line 1724]
Event: 32,690 Thread 0x00007f5b5c0887d0 Exception <a 'java/lang/LinkageError'{0x00000000eb068c70}: loader lombok.launch.ShadowClassLoader @7dc62f71 attempted duplicate class definition for lombok.launch.PatchFixesHider$Transform. (lombok.launch.PatchFixesHider$Transform is in unnamed module of loader lombok.launch.ShadowClassLoader @7dc62f71, parent loader org.eclipse.osgi.internal.loader.EquinoxClassLoader @14d0c7be)> (0x00000000eb068c70) 
thrown [src/hotspot/share/classfile/systemDictionary.cpp, line 1724]
Event: 33,209 Thread 0x00007f5b78355110 Exception <a 'java/lang/NoSuchMethodError'{0x00000000eab988a8}: 'java.lang.Object java.lang.invoke.DirectMethodHandle$Holder.invokeStatic(java.lang.Object, java.lang.Object, int, java.lang.Object)'> (0x00000000eab988a8) 
thrown [src/hotspot/share/interpreter/linkResolver.cpp, line 758]
Event: 34,012 Thread 0x00007f5b5c0911f0 Exception <a 'java/lang/LinkageError'{0x00000000eb1a7880}: loader lombok.launch.ShadowClassLoader @6a39e9da attempted duplicate class definition for lombok.launch.PatchFixesHider$Delegate. (lombok.launch.PatchFixesHider$Delegate is in unnamed module of loader lombok.launch.ShadowClassLoader @6a39e9da, parent loader org.eclipse.osgi.internal.loader.EquinoxClassLoader @267599f7)> (0x00000000eb1a7880) 
thrown [src/hotspot/share/classfile/systemDictionary.cpp, line 1724]
Event: 34,013 Thread 0x00007f5b5c087ce0 Exception <a 'java/lang/LinkageError'{0x00000000eb1adc80}: loader lombok.launch.ShadowClassLoader @6a39e9da attempted duplicate class definition for lombok.launch.PatchFixesHider$Delegate. (lombok.launch.PatchFixesHider$Delegate is in unnamed module of loader lombok.launch.ShadowClassLoader @6a39e9da, parent loader org.eclipse.osgi.internal.loader.EquinoxClassLoader @267599f7)> (0x00000000eb1adc80) 
thrown [src/hotspot/share/classfile/systemDictionary.cpp, line 1724]
Event: 35,081 Thread 0x00007f5b68000e70 Exception <a 'java/io/FileNotFoundException'{0x00000000eadf42b0}> (0x00000000eadf42b0) 
thrown [src/hotspot/share/prims/jni.cpp, line 516]

VM Operations (20 events):
Event: 36,608 Executing VM operation: HandshakeAllThreads done
Event: 36,653 Executing VM operation: ParallelGCFailedAllocation
Event: 36,653 Executing VM operation: ParallelGCFailedAllocation done
Event: 36,653 Executing VM operation: ParallelGCSystemGC
Event: 36,665 Executing VM operation: ParallelGCSystemGC done
Event: 36,705 Executing VM operation: ParallelGCFailedAllocation
Event: 36,705 Executing VM operation: ParallelGCFailedAllocation done
Event: 36,705 Executing VM operation: ParallelGCFailedAllocation
Event: 36,949 Executing VM operation: ParallelGCFailedAllocation done
Event: 36,984 Executing VM operation: ParallelGCFailedAllocation
Event: 36,985 Executing VM operation: ParallelGCFailedAllocation done
Event: 36,985 Executing VM operation: ParallelGCFailedAllocation
Event: 36,991 Executing VM operation: ParallelGCFailedAllocation done
Event: 37,031 Executing VM operation: ParallelGCFailedAllocation
Event: 37,052 Executing VM operation: ParallelGCFailedAllocation done
Event: 37,093 Executing VM operation: ParallelGCFailedAllocation
Event: 37,103 Executing VM operation: ParallelGCFailedAllocation done
Event: 37,145 Executing VM operation: ParallelGCFailedAllocation
Event: 37,155 Executing VM operation: ParallelGCFailedAllocation done
Event: 37,189 Executing VM operation: ParallelGCFailedAllocation

Events (20 events):
Event: 36,401 loading class com/sun/crypto/provider/SymmetricCipher done
Event: 36,401 loading class com/sun/crypto/provider/AESCrypt done
Event: 36,418 loading class com/sun/crypto/provider/ElectronicCodeBook
Event: 36,418 loading class com/sun/crypto/provider/FeedbackCipher
Event: 36,418 loading class com/sun/crypto/provider/FeedbackCipher done
Event: 36,418 loading class com/sun/crypto/provider/ElectronicCodeBook done
Event: 36,419 loading class com/sun/crypto/provider/PKCS5Padding
Event: 36,419 loading class com/sun/crypto/provider/Padding
Event: 36,419 loading class com/sun/crypto/provider/Padding done
Event: 36,419 loading class com/sun/crypto/provider/PKCS5Padding done
Event: 36,419 loading class com/sun/crypto/provider/CipherBlockChaining
Event: 36,419 loading class com/sun/crypto/provider/CipherBlockChaining done
Event: 36,420 loading class javax/crypto/NullCipher
Event: 36,420 loading class javax/crypto/NullCipher done
Event: 36,421 loading class sun/security/util/ArrayUtil
Event: 36,421 loading class sun/security/util/ArrayUtil done
Event: 36,609 loading class java/util/zip/CheckedInputStream
Event: 36,609 loading class java/util/zip/CheckedInputStream done
Event: 37,020 loading class java/util/zip/GZIPInputStream$1
Event: 37,021 loading class java/util/zip/GZIPInputStream$1 done


Dynamic libraries:
c0000000-cda00000 rw-p 00000000 00:00 0 
cda00000-eab00000 ---p 00000000 00:00 0 
eab00000-ecb80000 rw-p 00000000 00:00 0 
ecb80000-100000000 ---p 00000000 00:00 0 
100000000-100020000 rw-p 00000000 00:00 0 
100020000-100040000 rw-p 00000000 00:00 0 
100040000-1000c0000 rw-p 00000000 00:00 0 
1000c0000-1000e0000 rw-p 00000000 00:00 0 
1000e0000-100140000 rw-p 00000000 00:00 0 
100140000-1001c0000 rw-p 00000000 00:00 0 
1001c0000-100200000 rw-p 00000000 00:00 0 
100200000-100360000 rw-p 00000000 00:00 0 
100360000-1003c0000 rw-p 00000000 00:00 0 
1003c0000-100400000 rw-p 00000000 00:00 0 
100400000-100720000 rw-p 00000000 00:00 0 
100720000-140000000 ---p 00000000 00:00 0 
55d4a44e5000-55d4a44e6000 r--p 00000000 08:01 1841262                    /usr/share/code/resources/app/extensions/redhat.java-1.21.0-linux-x64/jre/17.0.7-linux-x86_64/bin/java
55d4a44e6000-55d4a44e7000 r-xp 00001000 08:01 1841262                    /usr/share/code/resources/app/extensions/redhat.java-1.21.0-linux-x64/jre/17.0.7-linux-x86_64/bin/java
55d4a44e7000-55d4a44e8000 r--p 00002000 08:01 1841262                    /usr/share/code/resources/app/extensions/redhat.java-1.21.0-linux-x64/jre/17.0.7-linux-x86_64/bin/java
55d4a44e8000-55d4a44e9000 r--p 00002000 08:01 1841262                    /usr/share/code/resources/app/extensions/redhat.java-1.21.0-linux-x64/jre/17.0.7-linux-x86_64/bin/java
55d4a44e9000-55d4a44ea000 rw-p 00003000 08:01 1841262                    /usr/share/code/resources/app/extensions/redhat.java-1.21.0-linux-x64/jre/17.0.7-linux-x86_64/bin/java
55d4a5831000-55d4a5879000 rw-p 00000000 00:00 0                          [heap]
7f5b505a0000-7f5b57ffb000 r--s 00000000 08:01 1027                       /usr/lib/jvm/java-17-openjdk-amd64/lib/modules
7f5b58000000-7f5b59274000 rw-p 00000000 00:00 0 
7f5b59274000-7f5b5c000000 ---p 00000000 00:00 0 
7f5b5c000000-7f5b5c131000 rw-p 00000000 00:00 0 
7f5b5c131000-7f5b60000000 ---p 00000000 00:00 0 
7f5b60000000-7f5b6006c000 rw-p 00000000 00:00 0 
7f5b6006c000-7f5b64000000 ---p 00000000 00:00 0 
7f5b64000000-7f5b64073000 rw-p 00000000 00:00 0 
7f5b64073000-7f5b68000000 ---p 00000000 00:00 0 
7f5b68000000-7f5b68062000 rw-p 00000000 00:00 0 
7f5b68062000-7f5b6c000000 ---p 00000000 00:00 0 
7f5b6c000000-7f5b6c38d000 rw-p 00000000 00:00 0 
7f5b6c38d000-7f5b70000000 ---p 00000000 00:00 0 
7f5b70000000-7f5b70021000 rw-p 00000000 00:00 0 
7f5b70021000-7f5b74000000 ---p 00000000 00:00 0 
7f5b74000000-7f5b74517000 rw-p 00000000 00:00 0 
7f5b74517000-7f5b78000000 ---p 00000000 00:00 0 
7f5b78000000-7f5b78a9f000 rw-p 00000000 00:00 0 
7f5b78a9f000-7f5b7c000000 ---p 00000000 00:00 0 
7f5b7c000000-7f5b7c021000 rw-p 00000000 00:00 0 
7f5b7c021000-7f5b80000000 ---p 00000000 00:00 0 
7f5b80000000-7f5b80021000 rw-p 00000000 00:00 0 
7f5b80021000-7f5b84000000 ---p 00000000 00:00 0 
7f5b84000000-7f5b84021000 rw-p 00000000 00:00 0 
7f5b84021000-7f5b88000000 ---p 00000000 00:00 0 
7f5b88000000-7f5b8802a000 rw-p 00000000 00:00 0 
7f5b8802a000-7f5b8c000000 ---p 00000000 00:00 0 
7f5b8c000000-7f5b8c0a6000 rw-p 00000000 00:00 0 
7f5b8c0a6000-7f5b90000000 ---p 00000000 00:00 0 
7f5b90000000-7f5b90101000 rw-p 00000000 00:00 0 
7f5b90101000-7f5b94000000 ---p 00000000 00:00 0 
7f5b94000000-7f5b941e1000 rw-p 00000000 00:00 0 
7f5b941e1000-7f5b98000000 ---p 00000000 00:00 0 
7f5b98000000-7f5b98168000 rw-p 00000000 00:00 0 
7f5b98168000-7f5b9c000000 ---p 00000000 00:00 0 
7f5b9c000000-7f5b9c2ba000 rw-p 00000000 00:00 0 
7f5b9c2ba000-7f5ba0000000 ---p 00000000 00:00 0 
7f5ba0000000-7f5ba0021000 rw-p 00000000 00:00 0 
7f5ba0021000-7f5ba4000000 ---p 00000000 00:00 0 
7f5ba4000000-7f5ba4071000 rw-p 00000000 00:00 0 
7f5ba4071000-7f5ba8000000 ---p 00000000 00:00 0 
7f5ba8000000-7f5ba8021000 rw-p 00000000 00:00 0 
7f5ba8021000-7f5bac000000 ---p 00000000 00:00 0 
7f5badb2c000-7f5baddc3000 rw-p 00000000 00:00 0 
7f5baddc3000-7f5baddc7000 ---p 00000000 00:00 0 
7f5baddc7000-7f5badec4000 rw-p 00000000 00:00 0 
7f5badec4000-7f5badec8000 ---p 00000000 00:00 0 
7f5badec8000-7f5badfc5000 rw-p 00000000 00:00 0 
7f5badfc5000-7f5badfc9000 ---p 00000000 00:00 0 
7f5badfc9000-7f5bae0c6000 rw-p 00000000 00:00 0 
7f5bae0c6000-7f5bae0ca000 ---p 00000000 00:00 0 
7f5bae0ca000-7f5bae1c7000 rw-p 00000000 00:00 0 
7f5bae1c7000-7f5bae1cb000 ---p 00000000 00:00 0 
7f5bae1cb000-7f5bae2c8000 rw-p 00000000 00:00 0 
7f5bae2c8000-7f5bae2cc000 ---p 00000000 00:00 0 
7f5bae2cc000-7f5bae3c9000 rw-p 00000000 00:00 0 
7f5bae3c9000-7f5bae3cd000 ---p 00000000 00:00 0 
7f5bae3cd000-7f5bae4ca000 rw-p 00000000 00:00 0 
7f5bae4ca000-7f5bae4ce000 ---p 00000000 00:00 0 
7f5bae4ce000-7f5bae5cb000 rw-p 00000000 00:00 0 
7f5bae5cb000-7f5bae5cf000 ---p 00000000 00:00 0 
7f5bae5cf000-7f5bae6cc000 rw-p 00000000 00:00 0 
7f5bae6cc000-7f5bae6d0000 ---p 00000000 00:00 0 
7f5bae6d0000-7f5bae7cd000 rw-p 00000000 00:00 0 
7f5bae7cd000-7f5bae7d1000 ---p 00000000 00:00 0 
7f5bae7d1000-7f5bae8ce000 rw-p 00000000 00:00 0 
7f5bae8ce000-7f5bae8d2000 ---p 00000000 00:00 0 
7f5bae8d2000-7f5bae9cf000 rw-p 00000000 00:00 0 
7f5bae9cf000-7f5bae9d3000 ---p 00000000 00:00 0 
7f5bae9d3000-7f5baead0000 rw-p 00000000 00:00 0 
7f5baead0000-7f5baead4000 ---p 00000000 00:00 0 
7f5baead4000-7f5baebd1000 rw-p 00000000 00:00 0 
7f5baebd1000-7f5baebd5000 ---p 00000000 00:00 0 
7f5baebd5000-7f5baecd2000 rw-p 00000000 00:00 0 
7f5baecd2000-7f5baecd6000 ---p 00000000 00:00 0 
7f5baecd6000-7f5baedd3000 rw-p 00000000 00:00 0 
7f5baedd3000-7f5baedd7000 ---p 00000000 00:00 0 
7f5baedd7000-7f5baeed4000 rw-p 00000000 00:00 0 
7f5baeed4000-7f5baeed8000 ---p 00000000 00:00 0 
7f5baeed8000-7f5baefd5000 rw-p 00000000 00:00 0 
7f5baefd5000-7f5baefd9000 ---p 00000000 00:00 0 
7f5baefd9000-7f5baf0d6000 rw-p 00000000 00:00 0 
7f5baf0d6000-7f5baf0da000 ---p 00000000 00:00 0 
7f5baf0da000-7f5baf1d7000 rw-p 00000000 00:00 0 
7f5baf1d7000-7f5baf1db000 ---p 00000000 00:00 0 
7f5baf1db000-7f5baf2d8000 rw-p 00000000 00:00 0 
7f5baf2d8000-7f5baf2e8000 r-xp 00000000 00:36 217848126                  /home/erik.diniz.beserra/.config/Code/User/globalStorage/redhat.java/1.21.0/config_linux/org.eclipse.equinox.launcher/org.eclipse.equinox.launcher.gtk.linux.x86_64_1.2.700.v20221108-1024/eclipse_11801.so
7f5baf2e8000-7f5baf4e7000 ---p 00010000 00:36 217848126                  /home/erik.diniz.beserra/.config/Code/User/globalStorage/redhat.java/1.21.0/config_linux/org.eclipse.equinox.launcher/org.eclipse.equinox.launcher.gtk.linux.x86_64_1.2.700.v20221108-1024/eclipse_11801.so
7f5baf4e7000-7f5baf4e8000 r--p 0000f000 00:36 217848126                  /home/erik.diniz.beserra/.config/Code/User/globalStorage/redhat.java/1.21.0/config_linux/org.eclipse.equinox.launcher/org.eclipse.equinox.launcher.gtk.linux.x86_64_1.2.700.v20221108-1024/eclipse_11801.so
7f5baf4e8000-7f5baf4e9000 rw-p 00010000 00:36 217848126                  /home/erik.diniz.beserra/.config/Code/User/globalStorage/redhat.java/1.21.0/config_linux/org.eclipse.equinox.launcher/org.eclipse.equinox.launcher.gtk.linux.x86_64_1.2.700.v20221108-1024/eclipse_11801.so
7f5baf4e9000-7f5baf4ea000 rw-p 00000000 00:00 0 
7f5baf4f1000-7f5baf4f5000 ---p 00000000 00:00 0 
7f5baf4f5000-7f5baf5f2000 rw-p 00000000 00:00 0 
7f5baf5f2000-7f5baf5f6000 ---p 00000000 00:00 0 
7f5baf5f6000-7f5baf6f3000 rw-p 00000000 00:00 0 
7f5baf6f3000-7f5baf6f7000 ---p 00000000 00:00 0 
7f5baf6f7000-7f5baf7f4000 rw-p 00000000 00:00 0 
7f5baf7f4000-7f5baf7f5000 ---p 00000000 00:00 0 
7f5baf7f5000-7f5baf8f6000 rw-p 00000000 00:00 0 
7f5baf8f6000-7f5baf8f7000 ---p 00000000 00:00 0 
7f5baf8f7000-7f5baf9f8000 rw-p 00000000 00:00 0 
7f5baf9f8000-7f5baf9f9000 ---p 00000000 00:00 0 
7f5baf9f9000-7f5bafafa000 rw-p 00000000 00:00 0 
7f5bafafa000-7f5bafafe000 ---p 00000000 00:00 0 
7f5bafafe000-7f5bafbfb000 rw-p 00000000 00:00 0 
7f5bafbfb000-7f5bafbfc000 ---p 00000000 00:00 0 
7f5bafbfc000-7f5bafcfd000 rw-p 00000000 00:00 0 
7f5bafcfd000-7f5bafd01000 ---p 00000000 00:00 0 
7f5bafd01000-7f5bafdfe000 rw-p 00000000 00:00 0 
7f5bafdfe000-7f5bafe02000 ---p 00000000 00:00 0 
7f5bafe02000-7f5bafeff000 rw-p 00000000 00:00 0 
7f5bafeff000-7f5baff03000 ---p 00000000 00:00 0 
7f5baff03000-7f5bb0000000 rw-p 00000000 00:00 0 
7f5bb0000000-7f5bb12a7000 rw-p 00000000 00:00 0 
7f5bb12a7000-7f5bb4000000 ---p 00000000 00:00 0 
7f5bb4000000-7f5bb48cc000 rw-p 00000000 00:00 0 
7f5bb48cc000-7f5bb8000000 ---p 00000000 00:00 0 
7f5bb8000000-7f5bb8176000 rw-p 00000000 00:00 0 
7f5bb8176000-7f5bbc000000 ---p 00000000 00:00 0 
7f5bbc000000-7f5bbc021000 rw-p 00000000 00:00 0 
7f5bbc021000-7f5bc0000000 ---p 00000000 00:00 0 
7f5bc0000000-7f5bc0021000 rw-p 00000000 00:00 0 
7f5bc0021000-7f5bc4000000 ---p 00000000 00:00 0 
7f5bc4000000-7f5bc4021000 rw-p 00000000 00:00 0 
7f5bc4021000-7f5bc8000000 ---p 00000000 00:00 0 
7f5bc8000000-7f5bc8021000 rw-p 00000000 00:00 0 
7f5bc8021000-7f5bcc000000 ---p 00000000 00:00 0 
7f5bcc000000-7f5bcc021000 rw-p 00000000 00:00 0 
7f5bcc021000-7f5bd0000000 ---p 00000000 00:00 0 
7f5bd0000000-7f5bd0400000 rw-p 00000000 00:00 0 
7f5bd0400000-7f5bd0480000 rw-p 00000000 00:00 0 
7f5bd0480000-7f5bd0500000 rw-p 00000000 00:00 0 
7f5bd0500000-7f5bd0800000 rw-p 00000000 00:00 0 
7f5bd0800000-7f5bd08c0000 rw-p 00000000 00:00 0 
7f5bd08c0000-7f5bd0900000 rw-p 00000000 00:00 0 
7f5bd0900000-7f5bd0b00000 rw-p 00000000 00:00 0 
7f5bd0b00000-7f5bd0c00000 rw-p 00000000 00:00 0 
7f5bd0c00000-7f5bd0da0000 rw-p 00000000 00:00 0 
7f5bd0da0000-7f5bd0dc0000 rw-p 00000000 00:00 0 
7f5bd0dc0000-7f5bd0f00000 rw-p 00000000 00:00 0 
7f5bd0f00000-7f5bd1000000 rw-p 00000000 00:00 0 
7f5bd1000000-7f5bd1400000 rw-p 00000000 00:00 0 
7f5bd1400000-7f5bd1bc0000 rw-p 00000000 00:00 0 
7f5bd1bc0000-7f5bd1c00000 rw-p 00000000 00:00 0 
7f5bd1c00000-7f5bd1d00000 rw-p 00000000 00:00 0 
7f5bd1d00000-7f5bd1f00000 rw-p 00000000 00:00 0 
7f5bd1f00000-7f5bd2000000 rw-p 00000000 00:00 0 
7f5bd2000000-7f5bd2980000 rw-p 00000000 00:00 0 
7f5bd2980000-7f5bd2a00000 rw-p 00000000 00:00 0 
7f5bd2a00000-7f5bd2e00000 rw-p 00000000 00:00 0 
7f5bd2e00000-7f5bd3200000 rw-p 00000000 00:00 0 
7f5bd3200000-7f5bd3380000 rw-p 00000000 00:00 0 
7f5bd3380000-7f5bd33e0000 rw-p 00000000 00:00 0 
7f5bd33e0000-7f5bd3400000 ---p 00000000 00:00 0 
7f5bd3400000-7f5bd3810000 rw-p 00000000 00:00 0 
7f5bd3810000-7f5bd4000000 ---p 00000000 00:00 0 
7f5bd4000000-7f5bd4048000 rw-p 00000000 00:00 0 
7f5bd4048000-7f5bd8000000 ---p 00000000 00:00 0 
7f5bd80b6000-7f5bd80ba000 ---p 00000000 00:00 0 
7f5bd80ba000-7f5bd80d8000 rw-p 00000000 00:00 0 
7f5bd80d8000-7f5bd80df000 r--s 00000000 08:01 278010                     /usr/lib/x86_64-linux-gnu/gconv/gconv-modules.cache
7f5bd80e5000-7f5bd80e9000 ---p 00000000 00:00 0 
7f5bd80e9000-7f5bd81e6000 rw-p 00000000 00:00 0 
7f5bd81e6000-7f5bd81ea000 ---p 00000000 00:00 0 
7f5bd81ea000-7f5bd82e7000 rw-p 00000000 00:00 0 
7f5bd82e7000-7f5bd82eb000 ---p 00000000 00:00 0 
7f5bd82eb000-7f5bda3e8000 rw-p 00000000 00:00 0 
7f5bda3e8000-7f5bdb298000 rwxp 00000000 00:00 0 
7f5bdb298000-7f5be191f000 ---p 00000000 00:00 0 
7f5be191f000-7f5be1b8f000 rwxp 00000000 00:00 0 
7f5be1b8f000-7f5be1eb0000 ---p 00000000 00:00 0 
7f5be1eb0000-7f5be2290000 rwxp 00000000 00:00 0 
7f5be2290000-7f5be93e8000 ---p 00000000 00:00 0 
7f5be93e8000-7f5bebffe000 r--s 00000000 08:01 1840883                    /usr/share/code/resources/app/extensions/redhat.java-1.21.0-linux-x64/jre/17.0.7-linux-x86_64/lib/modules
7f5bec000000-7f5bec5ee000 rw-p 00000000 00:00 0 
7f5bec5ee000-7f5bf0000000 ---p 00000000 00:00 0 
7f5bf0008000-7f5bf002e000 r--p 00000000 08:01 527693                     /usr/share/locale-langpack/pt_BR/LC_MESSAGES/libc.mo
7f5bf0030000-7f5bf0034000 r--p 00000000 08:01 1840873                    /usr/share/code/resources/app/extensions/redhat.java-1.21.0-linux-x64/jre/17.0.7-linux-x86_64/lib/libverify.so
7f5bf0034000-7f5bf003b000 r-xp 00004000 08:01 1840873                    /usr/share/code/resources/app/extensions/redhat.java-1.21.0-linux-x64/jre/17.0.7-linux-x86_64/lib/libverify.so
7f5bf003b000-7f5bf003d000 r--p 0000b000 08:01 1840873                    /usr/share/code/resources/app/extensions/redhat.java-1.21.0-linux-x64/jre/17.0.7-linux-x86_64/lib/libverify.so
7f5bf003d000-7f5bf003f000 r--p 0000c000 08:01 1840873                    /usr/share/code/resources/app/extensions/redhat.java-1.21.0-linux-x64/jre/17.0.7-linux-x86_64/lib/libverify.so
7f5bf003f000-7f5bf0040000 rw-p 0000e000 08:01 1840873                    /usr/share/code/resources/app/extensions/redhat.java-1.21.0-linux-x64/jre/17.0.7-linux-x86_64/lib/libverify.so
7f5bf0040000-7f5bf0044000 r--p 00000000 08:01 1840866                    /usr/share/code/resources/app/extensions/redhat.java-1.21.0-linux-x64/jre/17.0.7-linux-x86_64/lib/libnet.so
7f5bf0044000-7f5bf0052000 r-xp 00004000 08:01 1840866                    /usr/share/code/resources/app/extensions/redhat.java-1.21.0-linux-x64/jre/17.0.7-linux-x86_64/lib/libnet.so
7f5bf0052000-7f5bf0056000 r--p 00012000 08:01 1840866                    /usr/share/code/resources/app/extensions/redhat.java-1.21.0-linux-x64/jre/17.0.7-linux-x86_64/lib/libnet.so
7f5bf0056000-7f5bf0057000 r--p 00015000 08:01 1840866                    /usr/share/code/resources/app/extensions/redhat.java-1.21.0-linux-x64/jre/17.0.7-linux-x86_64/lib/libnet.so
7f5bf0057000-7f5bf0058000 rw-p 00016000 08:01 1840866                    /usr/share/code/resources/app/extensions/redhat.java-1.21.0-linux-x64/jre/17.0.7-linux-x86_64/lib/libnet.so
7f5bf0058000-7f5bf005f000 r--p 00000000 08:01 1840845                    /usr/share/code/resources/app/extensions/redhat.java-1.21.0-linux-x64/jre/17.0.7-linux-x86_64/lib/libnio.so
7f5bf005f000-7f5bf0068000 r-xp 00007000 08:01 1840845                    /usr/share/code/resources/app/extensions/redhat.java-1.21.0-linux-x64/jre/17.0.7-linux-x86_64/lib/libnio.so
7f5bf0068000-7f5bf006c000 r--p 00010000 08:01 1840845                    /usr/share/code/resources/app/extensions/redhat.java-1.21.0-linux-x64/jre/17.0.7-linux-x86_64/lib/libnio.so
7f5bf006c000-7f5bf006d000 ---p 00014000 08:01 1840845                    /usr/share/code/resources/app/extensions/redhat.java-1.21.0-linux-x64/jre/17.0.7-linux-x86_64/lib/libnio.so
7f5bf006d000-7f5bf006e000 r--p 00014000 08:01 1840845                    /usr/share/code/resources/app/extensions/redhat.java-1.21.0-linux-x64/jre/17.0.7-linux-x86_64/lib/libnio.so
7f5bf006e000-7f5bf006f000 rw-p 00015000 08:01 1840845                    /usr/share/code/resources/app/extensions/redhat.java-1.21.0-linux-x64/jre/17.0.7-linux-x86_64/lib/libnio.so
7f5bf0076000-7f5bf007a000 ---p 00000000 00:00 0 
7f5bf007a000-7f5bf0177000 rw-p 00000000 00:00 0 
7f5bf0177000-7f5bf017b000 ---p 00000000 00:00 0 
7f5bf017b000-7f5bf0278000 rw-p 00000000 00:00 0 
7f5bf0278000-7f5bf07ea000 r--p 00000000 08:01 4982134                    /usr/lib/locale/locale-archive
7f5bf07ed000-7f5bf07f1000 ---p 00000000 00:00 0 
7f5bf07f1000-7f5bf08ee000 rw-p 00000000 00:00 0 
7f5bf08ee000-7f5bf08f2000 ---p 00000000 00:00 0 
7f5bf08f2000-7f5bf09ef000 rw-p 00000000 00:00 0 
7f5bf09ef000-7f5bf09f0000 ---p 00000000 00:00 0 
7f5bf09f0000-7f5bf1a00000 rw-p 00000000 00:00 0 
7f5bf1a00000-7f5bf1a02000 r--p 00000000 08:01 1840860                    /usr/share/code/resources/app/extensions/redhat.java-1.21.0-linux-x64/jre/17.0.7-linux-x86_64/lib/libzip.so
7f5bf1a02000-7f5bf1a06000 r-xp 00002000 08:01 1840860                    /usr/share/code/resources/app/extensions/redhat.java-1.21.0-linux-x64/jre/17.0.7-linux-x86_64/lib/libzip.so
7f5bf1a06000-7f5bf1a08000 r--p 00006000 08:01 1840860                    /usr/share/code/resources/app/extensions/redhat.java-1.21.0-linux-x64/jre/17.0.7-linux-x86_64/lib/libzip.so
7f5bf1a08000-7f5bf1a09000 r--p 00007000 08:01 1840860                    /usr/share/code/resources/app/extensions/redhat.java-1.21.0-linux-x64/jre/17.0.7-linux-x86_64/lib/libzip.so
7f5bf1a09000-7f5bf1a0a000 rw-p 00008000 08:01 1840860                    /usr/share/code/resources/app/extensions/redhat.java-1.21.0-linux-x64/jre/17.0.7-linux-x86_64/lib/libzip.so
7f5bf1a10000-7f5bf1dae000 rw-p 00000000 00:00 0 
7f5bf1dae000-7f5bf1e97000 ---p 00000000 00:00 0 
7f5bf1e97000-7f5bf1e98000 ---p 00000000 00:00 0 
7f5bf1e98000-7f5bf2006000 rw-p 00000000 00:00 0 
7f5bf2006000-7f5bf20ee000 ---p 00000000 00:00 0 
7f5bf20ee000-7f5bf20ff000 rw-p 00000000 00:00 0 
7f5bf20ff000-7f5bf2199000 ---p 00000000 00:00 0 
7f5bf2199000-7f5bf21a2000 rw-p 00000000 00:00 0 
7f5bf21a2000-7f5bf2285000 ---p 00000000 00:00 0 
7f5bf2285000-7f5bf22a3000 rw-p 00000000 00:00 0 
7f5bf22a3000-7f5bf2370000 ---p 00000000 00:00 0 
7f5bf2370000-7f5bf2378000 rw-s 00000000 08:04 4849666                    /tmp/hsperfdata_erik.diniz.beserra/8173
7f5bf2378000-7f5bf23e4000 r--s 00000000 08:01 2099427                    /var/cache/nscd/passwd
7f5bf23e8000-7f5bf23f5000 r--p 00000000 08:01 1840855                    /usr/share/code/resources/app/extensions/redhat.java-1.21.0-linux-x64/jre/17.0.7-linux-x86_64/lib/libjava.so
7f5bf23f5000-7f5bf2407000 r-xp 0000d000 08:01 1840855                    /usr/share/code/resources/app/extensions/redhat.java-1.21.0-linux-x64/jre/17.0.7-linux-x86_64/lib/libjava.so
7f5bf2407000-7f5bf240d000 r--p 0001f000 08:01 1840855                    /usr/share/code/resources/app/extensions/redhat.java-1.21.0-linux-x64/jre/17.0.7-linux-x86_64/lib/libjava.so
7f5bf240d000-7f5bf240e000 ---p 00025000 08:01 1840855                    /usr/share/code/resources/app/extensions/redhat.java-1.21.0-linux-x64/jre/17.0.7-linux-x86_64/lib/libjava.so
7f5bf240e000-7f5bf240f000 r--p 00025000 08:01 1840855                    /usr/share/code/resources/app/extensions/redhat.java-1.21.0-linux-x64/jre/17.0.7-linux-x86_64/lib/libjava.so
7f5bf240f000-7f5bf2410000 rw-p 00026000 08:01 1840855                    /usr/share/code/resources/app/extensions/redhat.java-1.21.0-linux-x64/jre/17.0.7-linux-x86_64/lib/libjava.so
7f5bf2410000-7f5bf2411000 rw-p 00000000 00:00 0 
7f5bf2418000-7f5bf241c000 r--p 00000000 08:01 1840843                    /usr/share/code/resources/app/extensions/redhat.java-1.21.0-linux-x64/jre/17.0.7-linux-x86_64/lib/libjimage.so
7f5bf241c000-7f5bf242f000 r-xp 00004000 08:01 1840843                    /usr/share/code/resources/app/extensions/redhat.java-1.21.0-linux-x64/jre/17.0.7-linux-x86_64/lib/libjimage.so
7f5bf242f000-7f5bf2435000 r--p 00017000 08:01 1840843                    /usr/share/code/resources/app/extensions/redhat.java-1.21.0-linux-x64/jre/17.0.7-linux-x86_64/lib/libjimage.so
7f5bf2435000-7f5bf2437000 r--p 0001c000 08:01 1840843                    /usr/share/code/resources/app/extensions/redhat.java-1.21.0-linux-x64/jre/17.0.7-linux-x86_64/lib/libjimage.so
7f5bf2437000-7f5bf2438000 rw-p 0001e000 08:01 1840843                    /usr/share/code/resources/app/extensions/redhat.java-1.21.0-linux-x64/jre/17.0.7-linux-x86_64/lib/libjimage.so
7f5bf243f000-7f5bf2443000 ---p 00000000 00:00 0 
7f5bf2443000-7f5bf2540000 rw-p 00000000 00:00 0 
7f5bf2540000-7f5bf254d000 r--p 00000000 08:01 4992543                    /usr/lib/x86_64-linux-gnu/libm-2.31.so
7f5bf254d000-7f5bf25f4000 r-xp 0000d000 08:01 4992543                    /usr/lib/x86_64-linux-gnu/libm-2.31.so
7f5bf25f4000-7f5bf268d000 r--p 000b4000 08:01 4992543                    /usr/lib/x86_64-linux-gnu/libm-2.31.so
7f5bf268d000-7f5bf268e000 r--p 0014c000 08:01 4992543                    /usr/lib/x86_64-linux-gnu/libm-2.31.so
7f5bf268e000-7f5bf268f000 rw-p 0014d000 08:01 4992543                    /usr/lib/x86_64-linux-gnu/libm-2.31.so
7f5bf2690000-7f5bf2692000 r--p 00000000 08:01 4992556                    /usr/lib/x86_64-linux-gnu/librt-2.31.so
7f5bf2692000-7f5bf2696000 r-xp 00002000 08:01 4992556                    /usr/lib/x86_64-linux-gnu/librt-2.31.so
7f5bf2696000-7f5bf2698000 r--p 00006000 08:01 4992556                    /usr/lib/x86_64-linux-gnu/librt-2.31.so
7f5bf2698000-7f5bf2699000 r--p 00007000 08:01 4992556                    /usr/lib/x86_64-linux-gnu/librt-2.31.so
7f5bf2699000-7f5bf269a000 rw-p 00008000 08:01 4992556                    /usr/lib/x86_64-linux-gnu/librt-2.31.so
7f5bf26a0000-7f5bf28f2000 r--p 00000000 08:01 1840847                    /usr/share/code/resources/app/extensions/redhat.java-1.21.0-linux-x64/jre/17.0.7-linux-x86_64/lib/server/libjvm.so
7f5bf28f2000-7f5bf3612000 r-xp 00252000 08:01 1840847                    /usr/share/code/resources/app/extensions/redhat.java-1.21.0-linux-x64/jre/17.0.7-linux-x86_64/lib/server/libjvm.so
7f5bf3612000-7f5bf389e000 r--p 00f72000 08:01 1840847                    /usr/share/code/resources/app/extensions/redhat.java-1.21.0-linux-x64/jre/17.0.7-linux-x86_64/lib/server/libjvm.so
7f5bf389e000-7f5bf389f000 ---p 011fe000 08:01 1840847                    /usr/share/code/resources/app/extensions/redhat.java-1.21.0-linux-x64/jre/17.0.7-linux-x86_64/lib/server/libjvm.so
7f5bf389f000-7f5bf3958000 r--p 011fe000 08:01 1840847                    /usr/share/code/resources/app/extensions/redhat.java-1.21.0-linux-x64/jre/17.0.7-linux-x86_64/lib/server/libjvm.so
7f5bf3958000-7f5bf398d000 rw-p 012b7000 08:01 1840847                    /usr/share/code/resources/app/extensions/redhat.java-1.21.0-linux-x64/jre/17.0.7-linux-x86_64/lib/server/libjvm.so
7f5bf398d000-7f5bf39e7000 rw-p 00000000 00:00 0 
7f5bf39e8000-7f5bf3a0a000 r--p 00000000 08:01 4992541                    /usr/lib/x86_64-linux-gnu/libc-2.31.so
7f5bf3a0a000-7f5bf3b82000 r-xp 00022000 08:01 4992541                    /usr/lib/x86_64-linux-gnu/libc-2.31.so
7f5bf3b82000-7f5bf3bd0000 r--p 0019a000 08:01 4992541                    /usr/lib/x86_64-linux-gnu/libc-2.31.so
7f5bf3bd0000-7f5bf3bd4000 r--p 001e7000 08:01 4992541                    /usr/lib/x86_64-linux-gnu/libc-2.31.so
7f5bf3bd4000-7f5bf3bd6000 rw-p 001eb000 08:01 4992541                    /usr/lib/x86_64-linux-gnu/libc-2.31.so
7f5bf3bd6000-7f5bf3bda000 rw-p 00000000 00:00 0 
7f5bf3be0000-7f5bf3be1000 r--p 00000000 08:01 4992542                    /usr/lib/x86_64-linux-gnu/libdl-2.31.so
7f5bf3be1000-7f5bf3be3000 r-xp 00001000 08:01 4992542                    /usr/lib/x86_64-linux-gnu/libdl-2.31.so
7f5bf3be3000-7f5bf3be4000 r--p 00003000 08:01 4992542                    /usr/lib/x86_64-linux-gnu/libdl-2.31.so
7f5bf3be4000-7f5bf3be5000 r--p 00003000 08:01 4992542                    /usr/lib/x86_64-linux-gnu/libdl-2.31.so
7f5bf3be5000-7f5bf3be6000 rw-p 00004000 08:01 4992542                    /usr/lib/x86_64-linux-gnu/libdl-2.31.so
7f5bf3be8000-7f5bf3bee000 r--p 00000000 08:01 4992554                    /usr/lib/x86_64-linux-gnu/libpthread-2.31.so
7f5bf3bee000-7f5bf3bff000 r-xp 00006000 08:01 4992554                    /usr/lib/x86_64-linux-gnu/libpthread-2.31.so
7f5bf3bff000-7f5bf3c05000 r--p 00017000 08:01 4992554                    /usr/lib/x86_64-linux-gnu/libpthread-2.31.so
7f5bf3c05000-7f5bf3c06000 r--p 0001c000 08:01 4992554                    /usr/lib/x86_64-linux-gnu/libpthread-2.31.so
7f5bf3c06000-7f5bf3c07000 rw-p 0001d000 08:01 4992554                    /usr/lib/x86_64-linux-gnu/libpthread-2.31.so
7f5bf3c07000-7f5bf3c0b000 rw-p 00000000 00:00 0 
7f5bf3c10000-7f5bf3c13000 r--p 00000000 08:01 1840886                    /usr/share/code/resources/app/extensions/redhat.java-1.21.0-linux-x64/jre/17.0.7-linux-x86_64/lib/libjli.so
7f5bf3c13000-7f5bf3c1d000 r-xp 00003000 08:01 1840886                    /usr/share/code/resources/app/extensions/redhat.java-1.21.0-linux-x64/jre/17.0.7-linux-x86_64/lib/libjli.so
7f5bf3c1d000-7f5bf3c20000 r--p 0000d000 08:01 1840886                    /usr/share/code/resources/app/extensions/redhat.java-1.21.0-linux-x64/jre/17.0.7-linux-x86_64/lib/libjli.so
7f5bf3c20000-7f5bf3c21000 ---p 00010000 08:01 1840886                    /usr/share/code/resources/app/extensions/redhat.java-1.21.0-linux-x64/jre/17.0.7-linux-x86_64/lib/libjli.so
7f5bf3c21000-7f5bf3c22000 r--p 00010000 08:01 1840886                    /usr/share/code/resources/app/extensions/redhat.java-1.21.0-linux-x64/jre/17.0.7-linux-x86_64/lib/libjli.so
7f5bf3c22000-7f5bf3c23000 rw-p 00011000 08:01 1840886                    /usr/share/code/resources/app/extensions/redhat.java-1.21.0-linux-x64/jre/17.0.7-linux-x86_64/lib/libjli.so
7f5bf3c28000-7f5bf3c2a000 r--p 00000000 08:01 4981442                    /usr/lib/x86_64-linux-gnu/libz.so.1.2.11
7f5bf3c2a000-7f5bf3c3b000 r-xp 00002000 08:01 4981442                    /usr/lib/x86_64-linux-gnu/libz.so.1.2.11
7f5bf3c3b000-7f5bf3c41000 r--p 00013000 08:01 4981442                    /usr/lib/x86_64-linux-gnu/libz.so.1.2.11
7f5bf3c41000-7f5bf3c42000 ---p 00019000 08:01 4981442                    /usr/lib/x86_64-linux-gnu/libz.so.1.2.11
7f5bf3c42000-7f5bf3c43000 r--p 00019000 08:01 4981442                    /usr/lib/x86_64-linux-gnu/libz.so.1.2.11
7f5bf3c43000-7f5bf3c44000 rw-p 0001a000 08:01 4981442                    /usr/lib/x86_64-linux-gnu/libz.so.1.2.11
7f5bf3c44000-7f5bf3c49000 rw-p 00000000 00:00 0 
7f5bf3c49000-7f5bf3c50000 ---p 00000000 00:00 0 
7f5bf3c50000-7f5bf3c52000 r--p 00000000 08:01 1840839                    /usr/share/code/resources/app/extensions/redhat.java-1.21.0-linux-x64/jre/17.0.7-linux-x86_64/lib/libinstrument.so
7f5bf3c52000-7f5bf3c58000 r-xp 00002000 08:01 1840839                    /usr/share/code/resources/app/extensions/redhat.java-1.21.0-linux-x64/jre/17.0.7-linux-x86_64/lib/libinstrument.so
7f5bf3c58000-7f5bf3c5b000 r--p 00008000 08:01 1840839                    /usr/share/code/resources/app/extensions/redhat.java-1.21.0-linux-x64/jre/17.0.7-linux-x86_64/lib/libinstrument.so
7f5bf3c5b000-7f5bf3c5c000 r--p 0000a000 08:01 1840839                    /usr/share/code/resources/app/extensions/redhat.java-1.21.0-linux-x64/jre/17.0.7-linux-x86_64/lib/libinstrument.so
7f5bf3c5c000-7f5bf3c5d000 rw-p 0000b000 08:01 1840839                    /usr/share/code/resources/app/extensions/redhat.java-1.21.0-linux-x64/jre/17.0.7-linux-x86_64/lib/libinstrument.so
7f5bf3c62000-7f5bf3c63000 ---p 00000000 00:00 0 
7f5bf3c63000-7f5bf3c64000 r--p 00000000 00:00 0 
7f5bf3c64000-7f5bf3c68000 rw-p 00000000 00:00 0 
7f5bf3c68000-7f5bf3c69000 r--p 00000000 08:01 4992537                    /usr/lib/x86_64-linux-gnu/ld-2.31.so
7f5bf3c69000-7f5bf3c8c000 r-xp 00001000 08:01 4992537                    /usr/lib/x86_64-linux-gnu/ld-2.31.so
7f5bf3c8c000-7f5bf3c94000 r--p 00024000 08:01 4992537                    /usr/lib/x86_64-linux-gnu/ld-2.31.so
7f5bf3c95000-7f5bf3c96000 r--p 0002c000 08:01 4992537                    /usr/lib/x86_64-linux-gnu/ld-2.31.so
7f5bf3c96000-7f5bf3c97000 rw-p 0002d000 08:01 4992537                    /usr/lib/x86_64-linux-gnu/ld-2.31.so
7f5bf3c97000-7f5bf3c98000 rw-p 00000000 00:00 0 
7f5bf3c98000-7f5bf3c99000 ---p 00000000 00:00 0 
7ffe6e441000-7ffe6e463000 rw-p 00000000 00:00 0                          [stack]
7ffe6e5e0000-7ffe6e5e3000 r--p 00000000 00:00 0                          [vvar]
7ffe6e5e3000-7ffe6e5e4000 r-xp 00000000 00:00 0                          [vdso]
ffffffffff600000-ffffffffff601000 --xp 00000000 00:00 0                  [vsyscall]


VM Arguments:
jvm_args: --add-modules=ALL-SYSTEM --add-opens=java.base/java.util=ALL-UNNAMED --add-opens=java.base/java.lang=ALL-UNNAMED --add-opens=java.base/sun.nio.fs=ALL-UNNAMED -Declipse.application=org.eclipse.jdt.ls.core.id1 -Dosgi.bundles.defaultStartLevel=4 -Declipse.product=org.eclipse.jdt.ls.core.product -Djava.import.generatesMetadataFilesAtProjectRoot=false -Dfile.encoding=utf8 -XX:+UseParallelGC -XX:GCTimeRatio=4 -XX:AdaptiveSizePolicyWeight=90 -Dsun.zip.disableMemoryMapping=true -Xmx1G -Xms100m -Xlog:disable -javaagent:/usr/share/code/resources/app/extensions/redhat.java-1.21.0-linux-x64/lombok/lombok-1.18.28.jar -XX:+HeapDumpOnOutOfMemoryError -XX:HeapDumpPath=/home/erik.diniz.beserra/.config/Code/User/workspaceStorage/744e26f223d76c117024e576e025b18d/redhat.java -Daether.dependencyCollector.impl=bf 
java_command: /usr/share/code/resources/app/extensions/redhat.java-1.21.0-linux-x64/server/plugins/org.eclipse.equinox.launcher_1.6.500.v20230717-2134.jar -configuration /home/erik.diniz.beserra/.config/Code/User/globalStorage/redhat.java/1.21.0/config_linux -data /home/erik.diniz.beserra/.config/Code/User/workspaceStorage/744e26f223d76c117024e576e025b18d/redhat.java/jdt_ws
java_class_path (initial): /usr/share/code/resources/app/extensions/redhat.java-1.21.0-linux-x64/server/plugins/org.eclipse.equinox.launcher_1.6.500.v20230717-2134.jar
Launcher Type: SUN_STANDARD

[Global flags]
    uintx AdaptiveSizePolicyWeight                 = 90                                        {product} {command line}
     intx CICompilerCount                          = 3                                         {product} {ergonomic}
    uintx GCTimeRatio                              = 4                                         {product} {command line}
     bool HeapDumpOnOutOfMemoryError               = true                                   {manageable} {command line}
    ccstr HeapDumpPath                             = /home/erik.diniz.beserra/.config/Code/User/workspaceStorage/744e26f223d76c117024e576e025b18d/redhat.java         {manageable} {command line}
   size_t InitialHeapSize                          = 104857600                                 {product} {command line}
   size_t MaxHeapSize                              = 1073741824                                {product} {command line}
   size_t MaxNewSize                               = 357564416                                 {product} {ergonomic}
   size_t MinHeapDeltaBytes                        = 524288                                    {product} {ergonomic}
   size_t MinHeapSize                              = 104857600                                 {product} {command line}
   size_t NewSize                                  = 34603008                                  {product} {ergonomic}
    uintx NonNMethodCodeHeapSize                   = 5832780                                {pd product} {ergonomic}
    uintx NonProfiledCodeHeapSize                  = 122912730                              {pd product} {ergonomic}
   size_t OldSize                                  = 70254592                                  {product} {ergonomic}
    uintx ProfiledCodeHeapSize                     = 122912730                              {pd product} {ergonomic}
    uintx ReservedCodeCacheSize                    = 251658240                              {pd product} {ergonomic}
     bool SegmentedCodeCache                       = true                                      {product} {ergonomic}
   size_t SoftMaxHeapSize                          = 1073741824                             {manageable} {ergonomic}
     bool UseCompressedClassPointers               = true                           {product lp64_product} {ergonomic}
     bool UseCompressedOops                        = true                           {product lp64_product} {ergonomic}
     bool UseParallelGC                            = true                                      {product} {command line}

Logging:
Log output configuration:
 #0: stdout all=off uptime,level,tags
 #1: stderr all=off uptime,level,tags

Environment Variables:
JAVA_HOME=/usr/lib/jvm/java-17-openjdk-amd64/
PATH=/usr/local/sbin:/usr/local/bin:/usr/sbin:/usr/bin:/sbin:/bin:/usr/games:/usr/local/games:/snap/bin:/opt/puppetlabs/bin:/home/erik.diniz.beserra/.local/bin:/home/erik.diniz.beserra/bin:/usr/local/go/bin:/home/erik.diniz.beserra/.local/bin:/home/erik.diniz.beserra/bin:/usr/local/go/bin
SHELL=/bin/bash
DISPLAY=:0
LANG=pt_BR.UTF-8

Active Locale:
LC_ALL=pt_BR.UTF-8
LC_COLLATE=pt_BR.UTF-8
LC_CTYPE=pt_BR.UTF-8
LC_MESSAGES=pt_BR.UTF-8
LC_MONETARY=pt_BR.UTF-8
LC_NUMERIC=pt_BR.UTF-8
LC_TIME=pt_BR.UTF-8

Signal Handlers:
   SIGSEGV: crash_handler in libjvm.so, mask=11100100010111111101111111111110, flags=SA_RESTART|SA_SIGINFO, unblocked
    SIGBUS: crash_handler in libjvm.so, mask=11100100010111111101111111111110, flags=SA_RESTART|SA_SIGINFO, unblocked
    SIGFPE: crash_handler in libjvm.so, mask=11100100010111111101111111111110, flags=SA_RESTART|SA_SIGINFO, unblocked
   SIGPIPE: javaSignalHandler in libjvm.so, mask=11100100010111111101111111111110, flags=SA_RESTART|SA_SIGINFO, blocked
   SIGXFSZ: javaSignalHandler in libjvm.so, mask=11100100010111111101111111111110, flags=SA_RESTART|SA_SIGINFO, blocked
    SIGILL: crash_handler in libjvm.so, mask=11100100010111111101111111111110, flags=SA_RESTART|SA_SIGINFO, unblocked
   SIGUSR2: SR_handler in libjvm.so, mask=00000000000000000000000000000000, flags=SA_RESTART|SA_SIGINFO, blocked
    SIGHUP: UserHandler in libjvm.so, mask=11100100010111111101111111111110, flags=SA_RESTART|SA_SIGINFO, blocked
    SIGINT: UserHandler in libjvm.so, mask=11100100010111111101111111111110, flags=SA_RESTART|SA_SIGINFO, blocked
   SIGTERM: UserHandler in libjvm.so, mask=11100100010111111101111111111110, flags=SA_RESTART|SA_SIGINFO, blocked
   SIGQUIT: UserHandler in libjvm.so, mask=11100100010111111101111111111110, flags=SA_RESTART|SA_SIGINFO, blocked
   SIGTRAP: crash_handler in libjvm.so, mask=11100100010111111101111111111110, flags=SA_RESTART|SA_SIGINFO, unblocked


---------------  S Y S T E M  ---------------

OS:
DISTRIB_ID=LinuxMint
DISTRIB_RELEASE=20.3
DISTRIB_CODENAME=una
DISTRIB_DESCRIPTION="Linux Mint 20.3 Una"
uname: Linux 5.4.0-156-generic #173-Ubuntu SMP Tue Jul 11 07:25:22 UTC 2023 x86_64
OS uptime: 0 days 3:11 hours
libc: glibc 2.31 NPTL 2.31 
rlimit (soft/hard): STACK 8192k/infinity , CORE 0k/infinity , NPROC 3000/3000 , NOFILE 1048576/1048576 , AS infinity/infinity , CPU infinity/infinity , DATA infinity/infinity , FSIZE infinity/infinity , MEMLOCK 65536k/65536k
load average: 8,17 3,42 1,34

/proc/meminfo:
MemTotal:        7549120 kB
MemFree:         2160904 kB
MemAvailable:    5134092 kB
Buffers:          319268 kB
Cached:          2768036 kB
SwapCached:            0 kB
Active:          3013976 kB
Inactive:        1770508 kB
Active(anon):    1706440 kB
Inactive(anon):   138756 kB
Active(file):    1307536 kB
Inactive(file):  1631752 kB
Unevictable:          64 kB
Mlocked:              64 kB
SwapTotal:       7810044 kB
SwapFree:        7810044 kB
Dirty:              1648 kB
Writeback:             0 kB
AnonPages:       1697328 kB
Mapped:           697756 kB
Shmem:            148024 kB
KReclaimable:     336000 kB
Slab:             448364 kB
SReclaimable:     336000 kB
SUnreclaim:       112364 kB
KernelStack:       12064 kB
PageTables:        25716 kB
NFS_Unstable:          0 kB
Bounce:                0 kB
WritebackTmp:          0 kB
CommitLimit:    11584604 kB
Committed_AS:    6961624 kB
VmallocTotal:   34359738367 kB
VmallocUsed:       29928 kB
VmallocChunk:          0 kB
Percpu:             3008 kB
HardwareCorrupted:     0 kB
AnonHugePages:         0 kB
ShmemHugePages:        0 kB
ShmemPmdMapped:        0 kB
FileHugePages:         0 kB
FilePmdMapped:         0 kB
CmaTotal:              0 kB
CmaFree:               0 kB
HugePages_Total:       0
HugePages_Free:        0
HugePages_Rsvd:        0
HugePages_Surp:        0
Hugepagesize:       2048 kB
Hugetlb:               0 kB
DirectMap4k:      342848 kB
DirectMap2M:     7450624 kB
DirectMap1G:     1048576 kB

/sys/kernel/mm/transparent_hugepage/enabled: always [madvise] never
/sys/kernel/mm/transparent_hugepage/defrag (defrag/compaction efforts parameter): always defer defer+madvise [madvise] never

Process Memory:
Virtual Size: 4746408K (peak: 4746408K)
Resident Set Size: 520628K (peak: 520628K) (anon: 427224K, file: 93404K, shmem: 0K)
Swapped out: 0K
C-Heap outstanding allocations: 65975K, retained: 39976K
glibc malloc tunables: (default)

/proc/sys/kernel/threads-max (system-wide limit on the number of threads): 58225
/proc/sys/vm/max_map_count (maximum number of memory map areas a process may have): 65530
/proc/sys/kernel/pid_max (system-wide limit on number of process identifiers): 4194304

container (cgroup) information:
container_type: cgroupv1
cpu_cpuset_cpus: 0-3
cpu_memory_nodes: 0
active_processor_count: 4
cpu_quota: no quota
cpu_period: 100000
cpu_shares: no shares
memory_limit_in_bytes: unlimited
memory_and_swap_limit_in_bytes: not supported
memory_soft_limit_in_bytes: unlimited
memory_usage_in_bytes: 2729976 k
memory_max_usage_in_bytes: 2962984 k
kernel_memory_usage_in_bytes: 67908 k
kernel_memory_max_usage_in_bytes: unlimited
kernel_memory_limit_in_bytes: 69892 k
maximum number of tasks: unlimited
current number of tasks: 445

Steal ticks since vm start: 0
Steal ticks percentage since vm start:  0,000

CPU: total 4 (initial active 4) (4 cores per cpu, 1 threads per core) family 21 model 101 stepping 1 microcode 0x600611a, cx8, cmov, fxsr, mmx, 3dnowpref, sse, sse2, sse3, ssse3, sse4a, sse4.1, sse4.2, popcnt, lzcnt, tsc, tscinvbit, avx, avx2, aes, clmul, bmi1, bmi2, fma, vzeroupper, clflush
CPU Model and flags from /proc/cpuinfo:
model name	: AMD PRO A10-8770E R7, 10 COMPUTE CORES 4C+6G
flags		: fpu vme de pse tsc msr pae mce cx8 apic sep mtrr pge mca cmov pat pse36 clflush mmx fxsr sse sse2 ht syscall nx mmxext fxsr_opt pdpe1gb rdtscp lm constant_tsc rep_good acc_power nopl nonstop_tsc cpuid extd_apicid aperfmperf pni pclmulqdq monitor ssse3 fma cx16 sse4_1 sse4_2 movbe popcnt aes xsave avx f16c lahf_lm cmp_legacy svm extapic cr8_legacy abm sse4a misalignsse 3dnowprefetch osvw ibs xop skinit wdt lwp fma4 tce nodeid_msr tbm topoext perfctr_core perfctr_nb bpext ptsc mwaitx cpb hw_pstate ssbd ibpb vmmcall fsgsbase bmi1 avx2 smep bmi2 xsaveopt arat npt lbrv svm_lock nrip_save tsc_scale vmcb_clean flushbyasid decodeassists pausefilter pfthreshold avic vgif overflow_recov

Online cpus: 0-3
Offline cpus: 
BIOS frequency limitation: 2800000
Frequency switch latency (ns): 4000
Available cpu frequencies: 2800000 2600000 2100000 1300000 800000 
Current governor: ondemand
Core performance/turbo boost: 1

Memory: 4k page, physical 7549120k(2160904k free), swap 7810044k(7810044k free)
Page Sizes: 4k

vm_info: OpenJDK 64-Bit Server VM (17.0.7+7) for linux-amd64 JRE (17.0.7+7), built on Apr 18 2023 00:00:00 by "temurin" with gcc 10.3.0

END.
