#
# A fatal error has been detected by the Java Runtime Environment:
#
#  SIGSEGV (0xb) at pc=0x00007f41eac9a0d1, pid=8541, tid=8630
#
# JRE version: OpenJDK Runtime Environment Temurin-17.0.7+7 (17.0.7+7) (build 17.0.7+7)
# Java VM: OpenJDK 64-Bit Server VM Temurin-17.0.7+7 (17.0.7+7, mixed mode, tiered, compressed oops, compressed class ptrs, parallel gc, linux-amd64)
# Problematic frame:
# V  [libjvm.so+0x68a0d1]  Dictionary::find(unsigned int, Symbol*, Handle)+0x51
#
# Core dump will be written. Default location: Core dumps may be processed with "/lib/systemd/systemd-coredump %P %u %g %s %t 9223372036854775808 %h" (or dumping to /home/erik.diniz.beserra/Downloads/Roteiros-LEDA-main/R10-02-Rot-TabelaHash-environment/core.8541)
#
# If you would like to submit a bug report, please visit:
#   https://github.com/adoptium/adoptium-support/issues
#

---------------  S U M M A R Y ------------

Command Line: --add-modules=ALL-SYSTEM --add-opens=java.base/java.util=ALL-UNNAMED --add-opens=java.base/java.lang=ALL-UNNAMED --add-opens=java.base/sun.nio.fs=ALL-UNNAMED -Declipse.application=org.eclipse.jdt.ls.core.id1 -Dosgi.bundles.defaultStartLevel=4 -Declipse.product=org.eclipse.jdt.ls.core.product -Djava.import.generatesMetadataFilesAtProjectRoot=false -Dfile.encoding=utf8 -XX:+UseParallelGC -XX:GCTimeRatio=4 -XX:AdaptiveSizePolicyWeight=90 -Dsun.zip.disableMemoryMapping=true -Xmx1G -Xms100m -Xlog:disable -javaagent:/usr/share/code/resources/app/extensions/redhat.java-1.21.0-linux-x64/lombok/lombok-1.18.28.jar -XX:+HeapDumpOnOutOfMemoryError -XX:HeapDumpPath=/home/erik.diniz.beserra/.config/Code/User/workspaceStorage/744e26f223d76c117024e576e025b18d/redhat.java -Daether.dependencyCollector.impl=bf /usr/share/code/resources/app/extensions/redhat.java-1.21.0-linux-x64/server/plugins/org.eclipse.equinox.launcher_1.6.500.v20230717-2134.jar -configuration /home/erik.diniz.beserra/.config/Code/User/globalStorage/redhat.java/1.21.0/config_linux -data /home/erik.diniz.beserra/.config/Code/User/workspaceStorage/744e26f223d76c117024e576e025b18d/redhat.java/jdt_ws

Host: AMD PRO A10-8770E R7, 10 COMPUTE CORES 4C+6G, 4 cores, 7G, Linux Mint 20.3 Una
Time: Fri Oct  6 10:13:00 2023 -03 elapsed time: 29.957907 seconds (0d 0h 0m 29s)

---------------  T H R E A D  ---------------

Current thread (0x00007f415c0383a0):  JavaThread "Worker-3: Shutdown..." [_thread_in_vm, id=8630, stack(0x00007f41ae6ae000,0x00007f41ae7af000)]

Stack: [0x00007f41ae6ae000,0x00007f41ae7af000],  sp=0x00007f41ae7ac7b0,  free space=1017k
Native frames: (J=compiled Java code, j=interpreted, Vv=VM code, C=native code)
V  [libjvm.so+0x68a0d1]  Dictionary::find(unsigned int, Symbol*, Handle)+0x51
V  [libjvm.so+0xe18a37]  SystemDictionary::resolve_instance_class_or_null(Symbol*, Handle, Handle, JavaThread*)+0x137
V  [libjvm.so+0xe1a560]  SystemDictionary::resolve_array_class_or_null(Symbol*, Handle, Handle, JavaThread*)+0x90
V  [libjvm.so+0xe1ad1e]  SystemDictionary::resolve_or_fail(Symbol*, Handle, Handle, bool, JavaThread*)+0x38e
V  [libjvm.so+0xd8bd75]  SignatureStream::as_java_mirror(Handle, Handle, SignatureStream::FailureMode, JavaThread*)+0x55
V  [libjvm.so+0xe1572e]  SystemDictionary::find_method_handle_type(Symbol*, Klass*, JavaThread*)+0x37e
V  [libjvm.so+0xbb5cae]  MethodHandles::resolve_MemberName_type(Handle, Klass*, JavaThread*)+0x18e
V  [libjvm.so+0xe1617e]  SystemDictionary::link_method_handle_constant(Klass*, int, Klass*, Symbol*, Symbol*, JavaThread*)+0x24e
V  [libjvm.so+0x5ff542]  ConstantPool::resolve_constant_at_impl(constantPoolHandle const&, int, int, bool*, JavaThread*)+0x5c2
V  [libjvm.so+0x5ffd4d]  ConstantPool::copy_bootstrap_arguments_at_impl(constantPoolHandle const&, int, int, int, objArrayHandle, int, bool, Handle, JavaThread*)+0x18d
V  [libjvm.so+0x44c124]  BootstrapInfo::resolve_args(JavaThread*)+0x404
V  [libjvm.so+0x44c477]  BootstrapInfo::resolve_bsm(JavaThread*)+0x1f7
V  [libjvm.so+0xe16a1e]  SystemDictionary::invoke_bootstrap_method(BootstrapInfo&, JavaThread*)+0x2e
V  [libjvm.so+0xa89932]  LinkResolver::resolve_dynamic_call(CallInfo&, BootstrapInfo&, JavaThread*)+0x22
V  [libjvm.so+0xa89ace]  LinkResolver::resolve_invokedynamic(CallInfo&, constantPoolHandle const&, int, JavaThread*)+0xbe
V  [libjvm.so+0x81df7e]  InterpreterRuntime::resolve_invokedynamic(JavaThread*)+0x11e
V  [libjvm.so+0x820235]  InterpreterRuntime::resolve_from_cache(JavaThread*, Bytecodes::Code)+0x185
j  org.eclipse.jdt.internal.core.JavaModelManager.savingTimed(Lorg/eclipse/core/resources/ISaveContext;)V+239
j  org.eclipse.jdt.internal.core.JavaModelManager.saving(Lorg/eclipse/core/resources/ISaveContext;)V+6
j  org.eclipse.core.internal.resources.SaveManager.executeLifecycle(ILorg/eclipse/core/resources/ISaveParticipant;Lorg/eclipse/core/internal/resources/SaveContext;)V+54
j  org.eclipse.core.internal.resources.SaveManager$1.run()V+16
j  org.eclipse.core.runtime.SafeRunner.run(Lorg/eclipse/core/runtime/ISafeRunnable;)V+5
j  org.eclipse.core.internal.resources.SaveManager.broadcastLifecycle(ILjava/util/Map;Lorg/eclipse/core/runtime/MultiStatus;Lorg/eclipse/core/runtime/IProgressMonitor;)V+115
j  org.eclipse.core.internal.resources.SaveManager.save(IZLorg/eclipse/core/internal/resources/Project;Lorg/eclipse/core/runtime/IProgressMonitor;)Lorg/eclipse/core/runtime/IStatus;+144
j  org.eclipse.core.internal.resources.Workspace.save(ZZLorg/eclipse/core/runtime/IProgressMonitor;)Lorg/eclipse/core/runtime/IStatus;+47
j  org.eclipse.core.internal.resources.Workspace.save(ZLorg/eclipse/core/runtime/IProgressMonitor;)Lorg/eclipse/core/runtime/IStatus;+4
j  org.eclipse.jdt.ls.core.internal.handlers.JDTLanguageServer$1.run(Lorg/eclipse/core/runtime/IProgressMonitor;)Lorg/eclipse/core/runtime/IStatus;+71
j  org.eclipse.core.internal.jobs.Worker.run()V+32
v  ~StubRoutines::call_stub
V  [libjvm.so+0x825045]  JavaCalls::call_helper(JavaValue*, methodHandle const&, JavaCallArguments*, JavaThread*)+0x315
V  [libjvm.so+0x82683b]  JavaCalls::call_virtual(JavaValue*, Handle, Klass*, Symbol*, Symbol*, JavaThread*)+0x1cb
V  [libjvm.so+0x8f14f3]  thread_entry(JavaThread*, JavaThread*)+0xa3
V  [libjvm.so+0xe62564]  JavaThread::thread_main_inner()+0x184
V  [libjvm.so+0xe65c10]  Thread::call_run()+0xc0
V  [libjvm.so+0xc1aa21]  thread_native_entry(Thread*)+0xe1

Java frames: (J=compiled Java code, j=interpreted, Vv=VM code)
j  org.eclipse.jdt.internal.core.JavaModelManager.savingTimed(Lorg/eclipse/core/resources/ISaveContext;)V+239
j  org.eclipse.jdt.internal.core.JavaModelManager.saving(Lorg/eclipse/core/resources/ISaveContext;)V+6
j  org.eclipse.core.internal.resources.SaveManager.executeLifecycle(ILorg/eclipse/core/resources/ISaveParticipant;Lorg/eclipse/core/internal/resources/SaveContext;)V+54
j  org.eclipse.core.internal.resources.SaveManager$1.run()V+16
j  org.eclipse.core.runtime.SafeRunner.run(Lorg/eclipse/core/runtime/ISafeRunnable;)V+5
j  org.eclipse.core.internal.resources.SaveManager.broadcastLifecycle(ILjava/util/Map;Lorg/eclipse/core/runtime/MultiStatus;Lorg/eclipse/core/runtime/IProgressMonitor;)V+115
j  org.eclipse.core.internal.resources.SaveManager.save(IZLorg/eclipse/core/internal/resources/Project;Lorg/eclipse/core/runtime/IProgressMonitor;)Lorg/eclipse/core/runtime/IStatus;+144
j  org.eclipse.core.internal.resources.Workspace.save(ZZLorg/eclipse/core/runtime/IProgressMonitor;)Lorg/eclipse/core/runtime/IStatus;+47
j  org.eclipse.core.internal.resources.Workspace.save(ZLorg/eclipse/core/runtime/IProgressMonitor;)Lorg/eclipse/core/runtime/IStatus;+4
j  org.eclipse.jdt.ls.core.internal.handlers.JDTLanguageServer$1.run(Lorg/eclipse/core/runtime/IProgressMonitor;)Lorg/eclipse/core/runtime/IStatus;+71
j  org.eclipse.core.internal.jobs.Worker.run()V+32
v  ~StubRoutines::call_stub

siginfo: si_signo: 11 (SIGSEGV), si_code: 128 (SI_KERNEL), si_addr: 0x0000000000000000

Register to memory mapping:

RAX=0x0100000100195488 is an unknown value
RBX=0x00007f4178687ca0 points into unknown readable memory: 0x00007f415c50a036 | 36 a0 50 5c 41 7f 00 00
RCX=0x00007f415c038a20 points into unknown readable memory: 0x00000000c025d278 | 78 d2 25 c0 00 00 00 00
RDX=0x000000000000001b is an unknown value
RSP=0x00007f41ae7ac7b0 is pointing into the stack for thread: 0x00007f415c0383a0
RBP=0x00007f41ae7ac7d0 is pointing into the stack for thread: 0x00007f415c0383a0
RSI=0x000000005c50a036 is an unknown value
RDI=0x00007f417804c880 points into unknown readable memory: 0x726f0020a036006a | 6a 00 36 a0 20 00 6f 72
R8 =0x00007f417820d3f0 points into unknown readable memory: 0x00007f41000007e1 | e1 07 00 00 41 7f 00 00
R9 =0x00007f41e483a2d0 points into unknown readable memory: 0x00007f4178876480 | 80 64 87 78 41 7f 00 00
R10=0x00007f41e40238f0 points into unknown readable memory: 0x0000000000000000 | 00 00 00 00 00 00 00 00
R11=0x00007f41ebb15500: <offset 0x00000000001bd500> in /lib/x86_64-linux-gnu/libc.so.6 at 0x00007f41eb958000
R12=0x00007f415c038a20 points into unknown readable memory: 0x00000000c025d278 | 78 d2 25 c0 00 00 00 00
R13=0x00007f415c0383a0 is a thread
R14=0x000000005c50a036 is an unknown value
R15=0x00000000c07be358 is an oop: org.eclipse.osgi.internal.loader.EquinoxClassLoader 
{0x00000000c07be358} - klass: 'org/eclipse/osgi/internal/loader/EquinoxClassLoader'
 - ---- fields (total size 14 words):
 - private 'defaultAssertionStatus' 'Z' @12  false
 - private final 'parent' 'Ljava/lang/ClassLoader;' @24  a 'jdk/internal/loader/ClassLoaders$PlatformClassLoader'{0x00000000c0402498} (c0402498)
 - private final 'name' 'Ljava/lang/String;' @28  NULL (0)
 - private final 'unnamedModule' 'Ljava/lang/Module;' @32  a 'java/lang/Module'{0x00000000c07be3c8} (c07be3c8)
 - private final 'nameAndId' 'Ljava/lang/String;' @36  "org.eclipse.osgi.internal.loader.EquinoxClassLoader @267599f7"{0x00000000c02c91e8} (c02c91e8)
 - private final 'parallelLockMap' 'Ljava/util/concurrent/ConcurrentHashMap;' @40  a 'java/util/concurrent/ConcurrentHashMap'{0x00000000c02c91a8} (c02c91a8)
 - private final 'package2certs' 'Ljava/util/concurrent/ConcurrentHashMap;' @44  a 'java/util/concurrent/ConcurrentHashMap'{0x00000000c02c90a0} (c02c90a0)
 - private final 'classes' 'Ljava/util/ArrayList;' @48  a 'java/util/ArrayList'{0x00000000c02c9088} (c02c9088)
 - private final 'defaultDomain' 'Ljava/security/ProtectionDomain;' @52  a 'java/security/ProtectionDomain'{0x00000000c02c9018} (c02c9018)
 - private final 'packages' 'Ljava/util/concurrent/ConcurrentHashMap;' @56  a 'java/util/concurrent/ConcurrentHashMap'{0x00000000c02c8ed0} (c02c8ed0)
 - private final 'libraries' 'Ljdk/internal/loader/NativeLibraries;' @60  a 'jdk/internal/loader/NativeLibraries'{0x00000000c02c8e70} (c02c8e70)
 - final 'assertionLock' 'Ljava/lang/Object;' @64  a 'java/lang/Object'{0x00000000c02c8e60} (c02c8e60)
 - private 'packageAssertionStatus' 'Ljava/util/Map;' @68  NULL (0)
 - 'classAssertionStatus' 'Ljava/util/Map;' @72  NULL (0)
 - private volatile 'classLoaderValueMap' 'Ljava/util/concurrent/ConcurrentHashMap;' @76  NULL (0)
 - private final 'classNameLocks' 'Ljava/util/Map;' @80  a 'java/util/HashMap'{0x00000000c02c8e00} (c02c8e00)
 - private final 'pkgLock' 'Ljava/lang/Object;' @84  a 'java/lang/Object'{0x00000000c02c8df0} (c02c8df0)
 - public volatile 'lombok$shadowLoader' 'Ljava/lang/ClassLoader;' @88  a 'lombok/launch/ShadowClassLoader'{0x00000000c1fab3f0} (c1fab3f0)
 - private final 'isRegisteredAsParallel' 'Z' @13  true
 - private final 'configuration' 'Lorg/eclipse/osgi/internal/framework/EquinoxConfiguration;' @92  a 'org/eclipse/osgi/internal/framework/EquinoxConfiguration'{0x00000000c042b238} (c042b238)
 - private final 'debug' 'Lorg/eclipse/osgi/internal/debug/Debug;' @96  a 'org/eclipse/osgi/internal/debug/Debug'{0x00000000c042d4b8} (c042d4b8)
 - private final 'delegate' 'Lorg/eclipse/osgi/internal/loader/BundleLoader;' @100  a 'org/eclipse/osgi/internal/loader/BundleLoader'{0x00000000c02571f8} (c02571f8)
 - private final 'generation' 'Lorg/eclipse/osgi/storage/BundleInfo$Generation;' @104  a 'org/eclipse/osgi/storage/BundleInfo$Generation'{0x00000000c052aa38} (c052aa38)
 - private final 'manager' 'Lorg/eclipse/osgi/internal/loader/classpath/ClasspathManager;' @108  a 'org/eclipse/osgi/internal/loader/classpath/ClasspathManager'{0x00000000c02c8d58} (c02c8d58)


Registers:
RAX=0x0100000100195488, RBX=0x00007f4178687ca0, RCX=0x00007f415c038a20, RDX=0x000000000000001b
RSP=0x00007f41ae7ac7b0, RBP=0x00007f41ae7ac7d0, RSI=0x000000005c50a036, RDI=0x00007f417804c880
R8 =0x00007f417820d3f0, R9 =0x00007f41e483a2d0, R10=0x00007f41e40238f0, R11=0x00007f41ebb15500
R12=0x00007f415c038a20, R13=0x00007f415c0383a0, R14=0x000000005c50a036, R15=0x00000000c07be358
RIP=0x00007f41eac9a0d1, EFLAGS=0x0000000000010246, CSGSFS=0x002b000000000033, ERR=0x0000000000000000
  TRAPNO=0x000000000000000d

Top of Stack: (sp=0x00007f41ae7ac7b0)
0x00007f41ae7ac7b0:   00007f41ae7ac7d0 00007f415c038a30
0x00007f41ae7ac7c0:   00007f417804c880 00007f415c0383a0
0x00007f41ae7ac7d0:   00007f41ae7ac900 00007f41eb428a37
0x00007f41ae7ac7e0:   00007f4100000001 00007f4178224690 

Instructions: (pc=0x00007f41eac9a0d1)
0x00007f41eac99fd1:   ab f8 12 00 48 89 c1 48 c7 40 18 00 00 00 00 31
0x00007f41eac99fe1:   d2 44 89 e0 f7 33 48 8b 43 08 48 63 d2 48 c1 e2
0x00007f41eac99ff1:   03 48 01 d0 48 8b 00 48 89 41 08 48 03 53 08 48
0x00007f41eac9a001:   89 0a 8b 43 14 48 8d 7b 18 83 c0 01 89 43 14 e8
0x00007f41eac9a011:   eb cc 79 00 80 7b 58 00 74 17 8b 03 8b 53 14 8d
0x00007f41eac9a021:   04 80 39 c2 7e 0b c6 43 59 01 c6 05 d6 70 c7 00
0x00007f41eac9a031:   01 5b 41 5c 5d c3 90 0f 1f 84 00 00 00 00 00 48
0x00007f41eac9a041:   8b 47 08 4c 63 c6 48 89 ce 4a 8d 04 c0 48 8b 00
0x00007f41eac9a051:   48 85 c0 75 13 eb 1f 0f 1f 84 00 00 00 00 00 48
0x00007f41eac9a061:   8b 40 08 48 85 c0 74 0e 3b 10 75 f3 48 8b 48 10
0x00007f41eac9a071:   48 3b 71 18 75 e9 c3 0f 1f 84 00 00 00 00 00 55
0x00007f41eac9a081:   49 89 f8 89 f0 48 89 d7 31 d2 48 89 e5 41 55 41
0x00007f41eac9a091:   54 53 48 83 ec 08 41 f7 30 49 8b 40 08 48 63 d2
0x00007f41eac9a0a1:   48 8d 04 d0 48 8b 18 48 85 db 0f 84 86 00 00 00
0x00007f41eac9a0b1:   49 89 cc eb 13 66 2e 0f 1f 84 00 00 00 00 00 48
0x00007f41eac9a0c1:   8b 5b 08 48 85 db 74 6e 3b 33 75 f3 48 8b 43 10
0x00007f41eac9a0d1:   48 3b 78 18 75 e9 4d 85 e4 74 14 49 83 3c 24 00
0x00007f41eac9a0e1:   74 0d e8 c8 63 1a 00 84 c0 75 0f 48 8b 43 10 48
0x00007f41eac9a0f1:   83 c4 08 5b 41 5c 41 5d 5d c3 48 8b 7b 10 4d 8b
0x00007f41eac9a101:   2c 24 48 8b 07 ff 90 e8 00 00 00 49 39 c5 74 db
0x00007f41eac9a111:   4c 8b 63 18 4d 85 e4 74 1d 66 0f 1f 44 00 00 4c
0x00007f41eac9a121:   89 e7 e8 88 45 5e 00 49 39 c5 74 bf 4d 8b 64 24
0x00007f41eac9a131:   08 4d 85 e4 75 e9 48 83 c4 08 31 c0 5b 41 5c 41
0x00007f41eac9a141:   5d 5d c3 66 66 2e 0f 1f 84 00 00 00 00 00 90 48
0x00007f41eac9a151:   89 d1 89 f0 31 d2 f7 37 48 8b 47 08 48 63 d2 48
0x00007f41eac9a161:   8d 04 d0 48 8b 00 48 85 c0 75 0d eb 1c 66 90 48
0x00007f41eac9a171:   8b 40 08 48 85 c0 74 17 3b 30 75 f3 48 8b 50 10
0x00007f41eac9a181:   48 3b 4a 18 75 e9 48 89 d0 c3 0f 1f 44 00 00 c3
0x00007f41eac9a191:   90 66 66 2e 0f 1f 84 00 00 00 00 00 0f 1f 00 48
0x00007f41eac9a1a1:   8b 47 08 48 63 f6 49 89 f9 48 8b 49 18 48 8d 04
0x00007f41eac9a1b1:   f0 48 8b 38 48 85 ff 75 0f eb 1b 0f 1f 40 00 48
0x00007f41eac9a1c1:   8b 7f 08 48 85 ff 74 0e 3b 17 75 f3 48 8b 47 10 


Stack slot to memory mapping:
stack at sp + 0 slots: 0x00007f41ae7ac7d0 is pointing into the stack for thread: 0x00007f415c0383a0
stack at sp + 1 slots: 0x00007f415c038a30 points into unknown readable memory: 0x00000000c07be358 | 58 e3 7b c0 00 00 00 00
stack at sp + 2 slots: 0x00007f417804c880 points into unknown readable memory: 0x726f0020a036006a | 6a 00 36 a0 20 00 6f 72
stack at sp + 3 slots: 0x00007f415c0383a0 is a thread
stack at sp + 4 slots: 0x00007f41ae7ac900 is pointing into the stack for thread: 0x00007f415c0383a0
stack at sp + 5 slots: 0x00007f41eb428a37: <offset 0x0000000000e18a37> in /usr/share/code/resources/app/extensions/redhat.java-1.21.0-linux-x64/jre/17.0.7-linux-x86_64/lib/server/libjvm.so at 0x00007f41ea610000
stack at sp + 6 slots: 0x00007f4100000001 is an unknown value
stack at sp + 7 slots: 0x00007f4178224690 points into unknown readable memory: 0x726f001a55480002 | 02 00 48 55 1a 00 6f 72


---------------  P R O C E S S  ---------------

Threads class SMR info:
_java_thread_list=0x00005603a6b99470, length=33, elements={
0x00007f41e4027580, 0x00007f41e4160f00, 0x00007f41e4162470, 0x00007f41e41898a0,
0x00007f41e418d190, 0x00007f41e418e100, 0x00007f41e418f750, 0x00007f41e4190c00,
0x00007f41e4192040, 0x00007f41e4217b80, 0x00007f41e4331e70, 0x00007f41e44199c0,
0x00007f41e45164f0, 0x00007f41e45489b0, 0x00007f41e454b3b0, 0x00007f4178033b30,
0x00007f41782764b0, 0x00007f4178348b40, 0x00007f41783561c0, 0x00007f4168000e70,
0x00007f41788f72b0, 0x00007f41e47683b0, 0x00007f41e4842b10, 0x00007f41e4843aa0,
0x00007f415c0383a0, 0x00007f416406e300, 0x00005603a6ae8f90, 0x00005603a6afef50,
0x00005603a6b45f50, 0x00007f41641e4fc0, 0x00007f414c0b9b90, 0x00007f41bc000d30,
0x00005603a6b98b60
}

Java Threads: ( => current thread )
  0x00007f41e4027580 JavaThread "main" [_thread_blocked, id=8542, stack(0x00007f41ea3af000,0x00007f41ea4b0000)]
  0x00007f41e4160f00 JavaThread "Reference Handler" daemon [_thread_blocked, id=8545, stack(0x00007f41e885e000,0x00007f41e895f000)]
  0x00007f41e4162470 JavaThread "Finalizer" daemon [_thread_blocked, id=8546, stack(0x00007f41e875d000,0x00007f41e885e000)]
  0x00007f41e41898a0 JavaThread "Signal Dispatcher" daemon [_thread_blocked, id=8547, stack(0x00007f41e80e7000,0x00007f41e81e8000)]
  0x00007f41e418d190 JavaThread "Service Thread" daemon [_thread_blocked, id=8548, stack(0x00007f41d02e7000,0x00007f41d03e8000)]
  0x00007f41e418e100 JavaThread "Monitor Deflation Thread" daemon [_thread_blocked, id=8549, stack(0x00007f41d01e6000,0x00007f41d02e7000)]
  0x00007f41e418f750 JavaThread "C2 CompilerThread0" daemon [_thread_blocked, id=8550, stack(0x00007f41d00e5000,0x00007f41d01e6000)]
  0x00007f41e4190c00 JavaThread "C1 CompilerThread0" daemon [_thread_blocked, id=8551, stack(0x00007f41afeff000,0x00007f41b0000000)]
  0x00007f41e4192040 JavaThread "Sweeper thread" daemon [_thread_blocked, id=8552, stack(0x00007f41afdfe000,0x00007f41afeff000)]
  0x00007f41e4217b80 JavaThread "Common-Cleaner" daemon [_thread_blocked, id=8553, stack(0x00007f41afcfd000,0x00007f41afdfe000)]
  0x00007f41e4331e70 JavaThread "Notification Thread" daemon [_thread_blocked, id=8554, stack(0x00007f41afbfc000,0x00007f41afcfd000)]
  0x00007f41e44199c0 JavaThread "process reaper" daemon [_thread_blocked, id=8567, stack(0x00007f41e8056000,0x00007f41e8078000)]
  0x00007f41e45164f0 JavaThread "Active Thread: Equinox Container: 2e515360-92bb-4181-8749-5c72109d3613" [_thread_blocked, id=8594, stack(0x00007f41af5f2000,0x00007f41af6f3000)]
  0x00007f41e45489b0 JavaThread "Framework Event Dispatcher: Equinox Container: 2e515360-92bb-4181-8749-5c72109d3613" daemon [_thread_blocked, id=8605, stack(0x00007f41af4f1000,0x00007f41af5f2000)]
  0x00007f41e454b3b0 JavaThread "Start Level: Equinox Container: 2e515360-92bb-4181-8749-5c72109d3613" daemon [_thread_blocked, id=8606, stack(0x00007f41af3f0000,0x00007f41af4f1000)]
  0x00007f4178033b30 JavaThread "SCR Component Actor" daemon [_thread_blocked, id=8607, stack(0x00007f41af9f9000,0x00007f41afafa000)]
  0x00007f41782764b0 JavaThread "Worker-JM" [_thread_blocked, id=8610, stack(0x00007f41aefd6000,0x00007f41af0d7000)]
  0x00007f4178348b40 JavaThread "Worker-0" [_thread_blocked, id=8611, stack(0x00007f41aeed5000,0x00007f41aefd6000)]
  0x00007f41783561c0 JavaThread "Worker-1" [_thread_blocked, id=8612, stack(0x00007f41aedd4000,0x00007f41aeed5000)]
  0x00007f4168000e70 JavaThread "Worker-2" [_thread_blocked, id=8613, stack(0x00007f41aecd3000,0x00007f41aedd4000)]
  0x00007f41788f72b0 JavaThread "Java indexing" daemon [_thread_blocked, id=8623, stack(0x00007f41aead1000,0x00007f41aebd2000)]
  0x00007f41e47683b0 JavaThread "pool-2-thread-1" [_thread_blocked, id=8624, stack(0x00007f41ae7af000,0x00007f41ae8b0000)]
  0x00007f41e4842b10 JavaThread "WorkspaceEventsHandler" [_thread_blocked, id=8627, stack(0x00007f41ae9d0000,0x00007f41aead1000)]
  0x00007f41e4843aa0 JavaThread "pool-1-thread-1" [_thread_blocked, id=8628, stack(0x00007f41ae8cf000,0x00007f41ae9d0000)]
=>0x00007f415c0383a0 JavaThread "Worker-3: Shutdown..." [_thread_in_vm, id=8630, stack(0x00007f41ae6ae000,0x00007f41ae7af000)]
  0x00007f416406e300 JavaThread "Worker-4" [_thread_blocked, id=8651, stack(0x00007f41af0d7000,0x00007f41af1d8000)]
  0x00005603a6ae8f90 JavaThread "ForkJoinPool.commonPool-worker-1" daemon [_thread_blocked, id=8652, stack(0x00007f41ae5ad000,0x00007f41ae6ae000)]
  0x00005603a6afef50 JavaThread "ForkJoinPool.commonPool-worker-2" daemon [_thread_blocked, id=8653, stack(0x00007f41ae4ac000,0x00007f41ae5ad000)]
  0x00005603a6b45f50 JavaThread "ForkJoinPool.commonPool-worker-3" daemon [_thread_blocked, id=8663, stack(0x00007f41ae3ab000,0x00007f41ae4ac000)]
  0x00007f41641e4fc0 JavaThread "Worker-5" [_thread_blocked, id=8698, stack(0x00007f41ae0a8000,0x00007f41ae1a9000)]
  0x00007f414c0b9b90 JavaThread "Bundle File Closer" daemon [_thread_blocked, id=8700, stack(0x00007f41ae1a9000,0x00007f41ae2aa000)]
  0x00007f41bc000d30 JavaThread "Attach Listener" daemon [_thread_blocked, id=8767, stack(0x00007f41aebd2000,0x00007f41aecd3000)]
  0x00005603a6b98b60 JavaThread "pool-4-thread-1" [_thread_blocked, id=8840, stack(0x00007f41ae2aa000,0x00007f41ae3ab000)]

Other Threads:
  0x00007f41e4150d80 VMThread "VM Thread" [stack: 0x00007f41e8961000,0x00007f41e8a61000] [id=8544]
  0x00007f41e4070310 WatcherThread [stack: 0x00007f41afafc000,0x00007f41afbfc000] [id=8555]
  0x00007f41e403dd80 GCTaskThread "GC Thread#0" [stack: 0x00007f41e9e09000,0x00007f41e9f09000] [id=8543]
  0x00007f41c00010b0 GCTaskThread "GC Thread#1" [stack: 0x00007f41af8f9000,0x00007f41af9f9000] [id=8573]
  0x00007f41c0002ad0 GCTaskThread "GC Thread#2" [stack: 0x00007f41af7f7000,0x00007f41af8f7000] [id=8579]
  0x00007f41c00034d0 GCTaskThread "GC Thread#3" [stack: 0x00007f41af6f5000,0x00007f41af7f5000] [id=8580]

Threads with active compile tasks:

VM state: not at safepoint (normal execution)

VM Mutex/Monitor currently owned by a thread: None

Heap address: 0x00000000c0000000, size: 1024 MB, Compressed Oops mode: 32-bit

CDS archive(s) not mapped
Compressed class space mapped at: 0x0000000100000000-0x0000000140000000, reserved size: 1073741824
Narrow klass base: 0x0000000000000000, Narrow klass shift: 3, Narrow klass range: 0x140000000

GC Precious Log:
 CPUs: 4 total, 4 available
 Memory: 7372M
 Large Page Support: Disabled
 NUMA Support: Disabled
 Compressed Oops: Enabled (32-bit)
 Alignments: Space 512K, Generation 512K, Heap 2M
 Heap Min Capacity: 100M
 Heap Initial Capacity: 100M
 Heap Max Capacity: 1G
 Pre-touch: Disabled
 Parallel Workers: 4

Heap:
 PSYoungGen      total 20992K, used 17020K [0x00000000eab00000, 0x00000000ec380000, 0x0000000100000000)
  eden space 19968K, 80% used [0x00000000eab00000,0x00000000ebaa1e30,0x00000000ebe80000)
  from space 1024K, 98% used [0x00000000ebe80000,0x00000000ebf7d418,0x00000000ebf80000)
  to   space 2560K, 0% used [0x00000000ec100000,0x00000000ec100000,0x00000000ec380000)
 ParOldGen       total 68608K, used 36048K [0x00000000c0000000, 0x00000000c4300000, 0x00000000eab00000)
  object space 68608K, 52% used [0x00000000c0000000,0x00000000c23340a0,0x00000000c4300000)
 Metaspace       used 66709K, committed 67968K, reserved 1114112K
  class space    used 7212K, committed 7744K, reserved 1048576K

Card table byte_map: [0x00007f41e9f09000,0x00007f41ea10a000] _byte_map_base: 0x00007f41e9909000

Marking Bits: (ParMarkBitMap*) 0x00007f41eb92eb00
 Begin Bits: [0x00007f41d03e8000, 0x00007f41d13e8000)
 End Bits:   [0x00007f41d13e8000, 0x00007f41d23e8000)

Polling page: 0x00007f41ebbd2000

Metaspace:

Usage:
  Non-class:     58,10 MB used.
      Class:      7,04 MB used.
       Both:     65,15 MB used.

Virtual space:
  Non-class space:       64,00 MB reserved,      58,81 MB ( 92%) committed,  1 nodes.
      Class space:        1,00 GB reserved,       7,56 MB ( <1%) committed,  1 nodes.
             Both:        1,06 GB reserved,      66,38 MB (  6%) committed. 

Chunk freelists:
   Non-Class:  4,80 MB
       Class:  8,43 MB
        Both:  13,23 MB

MaxMetaspaceSize: unlimited
CompressedClassSpaceSize: 1,00 GB
Initial GC threshold: 21,00 MB
Current GC threshold: 97,31 MB
CDS: off
MetaspaceReclaimPolicy: balanced
 - commit_granule_bytes: 65536.
 - commit_granule_words: 8192.
 - virtual_space_node_default_size: 8388608.
 - enlarge_chunks_in_place: 1.
 - new_chunks_are_fully_committed: 0.
 - uncommit_free_chunks: 1.
 - use_allocation_guard: 0.
 - handle_deallocations: 1.


Internal statistics:

num_allocs_failed_limit: 9.
num_arena_births: 760.
num_arena_deaths: 16.
num_vsnodes_births: 2.
num_vsnodes_deaths: 0.
num_space_committed: 1062.
num_space_uncommitted: 0.
num_chunks_returned_to_freelist: 25.
num_chunks_taken_from_freelist: 3494.
num_chunk_merges: 13.
num_chunk_splits: 2196.
num_chunks_enlarged: 1219.
num_inconsistent_stats: 0.

CodeHeap 'non-profiled nmethods': size=120032Kb used=3184Kb max_used=3184Kb free=116848Kb
 bounds [0x00007f41d9eb0000, 0x00007f41da1d0000, 0x00007f41e13e8000]
CodeHeap 'profiled nmethods': size=120028Kb used=12461Kb max_used=12461Kb free=107566Kb
 bounds [0x00007f41d23e8000, 0x00007f41d3018000, 0x00007f41d991f000]
CodeHeap 'non-nmethods': size=5700Kb used=1344Kb max_used=1399Kb free=4355Kb
 bounds [0x00007f41d991f000, 0x00007f41d9b8f000, 0x00007f41d9eb0000]
 total_blobs=7017 nmethods=6327 adapters=606
 compilation: enabled
              stopped_count=0, restarted_count=0
 full_count=0

Compilation events (20 events):
Event: 29,904 Thread 0x00007f41e4190c00 7219       1       org.eclipse.core.runtime.Path::computeSegments (163 bytes)
Event: 29,905 Thread 0x00007f41e4190c00 nmethod 7219 0x00007f41da1c8790 code [0x00007f41da1c89e0, 0x00007f41da1c9340]
Event: 29,908 Thread 0x00007f41e4190c00 7222  s    3       java.io.BufferedOutputStream::write (35 bytes)
Event: 29,908 Thread 0x00007f41e4190c00 nmethod 7222 0x00007f41d3010310 code [0x00007f41d30104e0, 0x00007f41d30108a0]
Event: 29,908 Thread 0x00007f41e4190c00 7223       3       org.eclipse.jdt.internal.core.JavaModelManager$VariablesAndContainersSaveHelper::saveNewId (40 bytes)
Event: 29,909 Thread 0x00007f41e4190c00 nmethod 7223 0x00007f41d3010a10 code [0x00007f41d3010c00, 0x00007f41d3010f50]
Event: 29,909 Thread 0x00007f41e4190c00 7224       3       org.eclipse.jdt.internal.core.JavaModelManager$VariablesAndContainersSaveHelper::saveString (21 bytes)
Event: 29,909 Thread 0x00007f41e4190c00 nmethod 7224 0x00007f41d3011110 code [0x00007f41d30112e0, 0x00007f41d3011510]
Event: 29,909 Thread 0x00007f41e418f750 nmethod 7217 0x00007f41da1c9990 code [0x00007f41da1c9b60, 0x00007f41da1ca438]
Event: 29,909 Thread 0x00007f41e418f750 7220       4       org.eclipse.core.runtime.Path::computeSegmentCount (86 bytes)
Event: 29,911 Thread 0x00007f41e4190c00 7225       3       java.io.DataOutputStream::writeBoolean (22 bytes)
Event: 29,912 Thread 0x00007f41e4190c00 nmethod 7225 0x00007f41d3011610 code [0x00007f41d30117c0, 0x00007f41d3011a80]
Event: 29,924 Thread 0x00007f41e418f750 nmethod 7220 0x00007f41da1caa10 code [0x00007f41da1caba0, 0x00007f41da1caf78]
Event: 29,924 Thread 0x00007f41e418f750 7221       4       java.lang.StringBuilder::<init> (6 bytes)
Event: 29,925 Thread 0x00007f41e4190c00 7226       3       org.eclipse.core.runtime.Path::toPortableString (162 bytes)
Event: 29,926 Thread 0x00007f41e4190c00 nmethod 7226 0x00007f41d3011b90 code [0x00007f41d3011e80, 0x00007f41d3012c10]
Event: 29,928 Thread 0x00007f41e4190c00 7227       3       java.io.FileDescriptor$1::getAppend (5 bytes)
Event: 29,928 Thread 0x00007f41e4190c00 nmethod 7227 0x00007f41d3013190 code [0x00007f41d3013320, 0x00007f41d3013430]
Event: 29,929 Thread 0x00007f41e418f750 nmethod 7221 0x00007f41da1cb590 code [0x00007f41da1cb720, 0x00007f41da1cb8b8]
Event: 29,929 Thread 0x00007f41e418f750 7218       4       org.eclipse.core.runtime.Path::computeFlags (143 bytes)

GC Heap History (20 events):
Event: 11,889 GC heap before
{Heap before GC invocations=25 (full 2):
 PSYoungGen      total 20480K, used 20256K [0x00000000eab00000, 0x00000000ec180000, 0x0000000100000000)
  eden space 19968K, 100% used [0x00000000eab00000,0x00000000ebe80000,0x00000000ebe80000)
  from space 512K, 56% used [0x00000000ec100000,0x00000000ec148000,0x00000000ec180000)
  to   space 1024K, 0% used [0x00000000ebf80000,0x00000000ebf80000,0x00000000ec080000)
 ParOldGen       total 68608K, used 33268K [0x00000000c0000000, 0x00000000c4300000, 0x00000000eab00000)
  object space 68608K, 48% used [0x00000000c0000000,0x00000000c207d230,0x00000000c4300000)
 Metaspace       used 56538K, committed 57536K, reserved 1114112K
  class space    used 6212K, committed 6592K, reserved 1048576K
}
Event: 11,893 GC heap after
{Heap after GC invocations=25 (full 2):
 PSYoungGen      total 20992K, used 1021K [0x00000000eab00000, 0x00000000ec280000, 0x0000000100000000)
  eden space 19968K, 0% used [0x00000000eab00000,0x00000000eab00000,0x00000000ebe80000)
  from space 1024K, 99% used [0x00000000ebf80000,0x00000000ec07f7b8,0x00000000ec080000)
  to   space 2048K, 0% used [0x00000000ec080000,0x00000000ec080000,0x00000000ec280000)
 ParOldGen       total 68608K, used 34028K [0x00000000c0000000, 0x00000000c4300000, 0x00000000eab00000)
  object space 68608K, 49% used [0x00000000c0000000,0x00000000c213b2f0,0x00000000c4300000)
 Metaspace       used 56538K, committed 57536K, reserved 1114112K
  class space    used 6212K, committed 6592K, reserved 1048576K
}
Event: 12,054 GC heap before
{Heap before GC invocations=26 (full 2):
 PSYoungGen      total 20992K, used 20845K [0x00000000eab00000, 0x00000000ec280000, 0x0000000100000000)
  eden space 19968K, 99% used [0x00000000eab00000,0x00000000ebe5be78,0x00000000ebe80000)
  from space 1024K, 99% used [0x00000000ebf80000,0x00000000ec07f7b8,0x00000000ec080000)
  to   space 2048K, 0% used [0x00000000ec080000,0x00000000ec080000,0x00000000ec280000)
 ParOldGen       total 68608K, used 34028K [0x00000000c0000000, 0x00000000c4300000, 0x00000000eab00000)
  object space 68608K, 49% used [0x00000000c0000000,0x00000000c213b2f0,0x00000000c4300000)
 Metaspace       used 57641K, committed 58624K, reserved 1114112K
  class space    used 6328K, committed 6720K, reserved 1048576K
}
Event: 12,060 GC heap after
{Heap after GC invocations=26 (full 2):
 PSYoungGen      total 22016K, used 1482K [0x00000000eab00000, 0x00000000ec280000, 0x0000000100000000)
  eden space 19968K, 0% used [0x00000000eab00000,0x00000000eab00000,0x00000000ebe80000)
  from space 2048K, 72% used [0x00000000ec080000,0x00000000ec1f2920,0x00000000ec280000)
  to   space 2048K, 0% used [0x00000000ebe80000,0x00000000ebe80000,0x00000000ec080000)
 ParOldGen       total 68608K, used 35061K [0x00000000c0000000, 0x00000000c4300000, 0x00000000eab00000)
  object space 68608K, 51% used [0x00000000c0000000,0x00000000c223d580,0x00000000c4300000)
 Metaspace       used 57641K, committed 58624K, reserved 1114112K
  class space    used 6328K, committed 6720K, reserved 1048576K
}
Event: 12,202 GC heap before
{Heap before GC invocations=27 (full 2):
 PSYoungGen      total 22016K, used 21450K [0x00000000eab00000, 0x00000000ec280000, 0x0000000100000000)
  eden space 19968K, 100% used [0x00000000eab00000,0x00000000ebe80000,0x00000000ebe80000)
  from space 2048K, 72% used [0x00000000ec080000,0x00000000ec1f2920,0x00000000ec280000)
  to   space 2048K, 0% used [0x00000000ebe80000,0x00000000ebe80000,0x00000000ec080000)
 ParOldGen       total 68608K, used 35061K [0x00000000c0000000, 0x00000000c4300000, 0x00000000eab00000)
  object space 68608K, 51% used [0x00000000c0000000,0x00000000c223d580,0x00000000c4300000)
 Metaspace       used 58432K, committed 59456K, reserved 1114112K
  class space    used 6395K, committed 6784K, reserved 1048576K
}
Event: 12,205 GC heap after
{Heap after GC invocations=27 (full 2):
 PSYoungGen      total 20480K, used 192K [0x00000000eab00000, 0x00000000ec100000, 0x0000000100000000)
  eden space 19968K, 0% used [0x00000000eab00000,0x00000000eab00000,0x00000000ebe80000)
  from space 512K, 37% used [0x00000000ebe80000,0x00000000ebeb0000,0x00000000ebf00000)
  to   space 1024K, 0% used [0x00000000ec000000,0x00000000ec000000,0x00000000ec100000)
 ParOldGen       total 68608K, used 35465K [0x00000000c0000000, 0x00000000c4300000, 0x00000000eab00000)
  object space 68608K, 51% used [0x00000000c0000000,0x00000000c22a26d8,0x00000000c4300000)
 Metaspace       used 58432K, committed 59456K, reserved 1114112K
  class space    used 6395K, committed 6784K, reserved 1048576K
}
Event: 12,254 GC heap before
{Heap before GC invocations=28 (full 2):
 PSYoungGen      total 20480K, used 2211K [0x00000000eab00000, 0x00000000ec100000, 0x0000000100000000)
  eden space 19968K, 10% used [0x00000000eab00000,0x00000000eacf8f78,0x00000000ebe80000)
  from space 512K, 37% used [0x00000000ebe80000,0x00000000ebeb0000,0x00000000ebf00000)
  to   space 1024K, 0% used [0x00000000ec000000,0x00000000ec000000,0x00000000ec100000)
 ParOldGen       total 68608K, used 35465K [0x00000000c0000000, 0x00000000c4300000, 0x00000000eab00000)
  object space 68608K, 51% used [0x00000000c0000000,0x00000000c22a26d8,0x00000000c4300000)
 Metaspace       used 58820K, committed 59776K, reserved 1114112K
  class space    used 6436K, committed 6784K, reserved 1048576K
}
Event: 12,256 GC heap after
{Heap after GC invocations=28 (full 2):
 PSYoungGen      total 20480K, used 96K [0x00000000eab00000, 0x00000000ec080000, 0x0000000100000000)
  eden space 19968K, 0% used [0x00000000eab00000,0x00000000eab00000,0x00000000ebe80000)
  from space 512K, 18% used [0x00000000ec000000,0x00000000ec018000,0x00000000ec080000)
  to   space 512K, 0% used [0x00000000ebe80000,0x00000000ebe80000,0x00000000ebf00000)
 ParOldGen       total 68608K, used 35604K [0x00000000c0000000, 0x00000000c4300000, 0x00000000eab00000)
  object space 68608K, 51% used [0x00000000c0000000,0x00000000c22c5248,0x00000000c4300000)
 Metaspace       used 58820K, committed 59776K, reserved 1114112K
  class space    used 6436K, committed 6784K, reserved 1048576K
}
Event: 12,257 GC heap before
{Heap before GC invocations=29 (full 3):
 PSYoungGen      total 20480K, used 96K [0x00000000eab00000, 0x00000000ec080000, 0x0000000100000000)
  eden space 19968K, 0% used [0x00000000eab00000,0x00000000eab00000,0x00000000ebe80000)
  from space 512K, 18% used [0x00000000ec000000,0x00000000ec018000,0x00000000ec080000)
  to   space 512K, 0% used [0x00000000ebe80000,0x00000000ebe80000,0x00000000ebf00000)
 ParOldGen       total 68608K, used 35604K [0x00000000c0000000, 0x00000000c4300000, 0x00000000eab00000)
  object space 68608K, 51% used [0x00000000c0000000,0x00000000c22c5248,0x00000000c4300000)
 Metaspace       used 58820K, committed 59776K, reserved 1114112K
  class space    used 6436K, committed 6784K, reserved 1048576K
}
Event: 12,401 GC heap after
{Heap after GC invocations=29 (full 3):
 PSYoungGen      total 20480K, used 0K [0x00000000eab00000, 0x00000000ec080000, 0x0000000100000000)
  eden space 19968K, 0% used [0x00000000eab00000,0x00000000eab00000,0x00000000ebe80000)
  from space 512K, 0% used [0x00000000ec000000,0x00000000ec000000,0x00000000ec080000)
  to   space 512K, 0% used [0x00000000ebe80000,0x00000000ebe80000,0x00000000ebf00000)
 ParOldGen       total 68608K, used 32890K [0x00000000c0000000, 0x00000000c4300000, 0x00000000eab00000)
  object space 68608K, 47% used [0x00000000c0000000,0x00000000c201e920,0x00000000c4300000)
 Metaspace       used 58818K, committed 59776K, reserved 1114112K
  class space    used 6436K, committed 6784K, reserved 1048576K
}
Event: 12,665 GC heap before
{Heap before GC invocations=30 (full 3):
 PSYoungGen      total 20480K, used 19967K [0x00000000eab00000, 0x00000000ec080000, 0x0000000100000000)
  eden space 19968K, 99% used [0x00000000eab00000,0x00000000ebe7fff0,0x00000000ebe80000)
  from space 512K, 0% used [0x00000000ec000000,0x00000000ec000000,0x00000000ec080000)
  to   space 512K, 0% used [0x00000000ebe80000,0x00000000ebe80000,0x00000000ebf00000)
 ParOldGen       total 68608K, used 32890K [0x00000000c0000000, 0x00000000c4300000, 0x00000000eab00000)
  object space 68608K, 47% used [0x00000000c0000000,0x00000000c201e920,0x00000000c4300000)
 Metaspace       used 60001K, committed 61056K, reserved 1114112K
  class space    used 6550K, committed 6976K, reserved 1048576K
}
Event: 12,668 GC heap after
{Heap after GC invocations=30 (full 3):
 PSYoungGen      total 20480K, used 512K [0x00000000eab00000, 0x00000000ec080000, 0x0000000100000000)
  eden space 19968K, 0% used [0x00000000eab00000,0x00000000eab00000,0x00000000ebe80000)
  from space 512K, 100% used [0x00000000ebe80000,0x00000000ebf00000,0x00000000ebf00000)
  to   space 1024K, 0% used [0x00000000ebf80000,0x00000000ebf80000,0x00000000ec080000)
 ParOldGen       total 68608K, used 33246K [0x00000000c0000000, 0x00000000c4300000, 0x00000000eab00000)
  object space 68608K, 48% used [0x00000000c0000000,0x00000000c2077b58,0x00000000c4300000)
 Metaspace       used 60001K, committed 61056K, reserved 1114112K
  class space    used 6550K, committed 6976K, reserved 1048576K
}
Event: 13,044 GC heap before
{Heap before GC invocations=31 (full 3):
 PSYoungGen      total 20480K, used 20428K [0x00000000eab00000, 0x00000000ec080000, 0x0000000100000000)
  eden space 19968K, 99% used [0x00000000eab00000,0x00000000ebe731d8,0x00000000ebe80000)
  from space 512K, 100% used [0x00000000ebe80000,0x00000000ebf00000,0x00000000ebf00000)
  to   space 1024K, 0% used [0x00000000ebf80000,0x00000000ebf80000,0x00000000ec080000)
 ParOldGen       total 68608K, used 33246K [0x00000000c0000000, 0x00000000c4300000, 0x00000000eab00000)
  object space 68608K, 48% used [0x00000000c0000000,0x00000000c2077b58,0x00000000c4300000)
 Metaspace       used 61209K, committed 62272K, reserved 1114112K
  class space    used 6680K, committed 7104K, reserved 1048576K
}
Event: 13,049 GC heap after
{Heap after GC invocations=31 (full 3):
 PSYoungGen      total 20992K, used 896K [0x00000000eab00000, 0x00000000ec080000, 0x0000000100000000)
  eden space 19968K, 0% used [0x00000000eab00000,0x00000000eab00000,0x00000000ebe80000)
  from space 1024K, 87% used [0x00000000ebf80000,0x00000000ec060000,0x00000000ec080000)
  to   space 1024K, 0% used [0x00000000ebe80000,0x00000000ebe80000,0x00000000ebf80000)
 ParOldGen       total 68608K, used 33716K [0x00000000c0000000, 0x00000000c4300000, 0x00000000eab00000)
  object space 68608K, 49% used [0x00000000c0000000,0x00000000c20ed1a8,0x00000000c4300000)
 Metaspace       used 61209K, committed 62272K, reserved 1114112K
  class space    used 6680K, committed 7104K, reserved 1048576K
}
Event: 13,185 GC heap before
{Heap before GC invocations=32 (full 3):
 PSYoungGen      total 20992K, used 20864K [0x00000000eab00000, 0x00000000ec080000, 0x0000000100000000)
  eden space 19968K, 100% used [0x00000000eab00000,0x00000000ebe80000,0x00000000ebe80000)
  from space 1024K, 87% used [0x00000000ebf80000,0x00000000ec060000,0x00000000ec080000)
  to   space 1024K, 0% used [0x00000000ebe80000,0x00000000ebe80000,0x00000000ebf80000)
 ParOldGen       total 68608K, used 33716K [0x00000000c0000000, 0x00000000c4300000, 0x00000000eab00000)
  object space 68608K, 49% used [0x00000000c0000000,0x00000000c20ed1a8,0x00000000c4300000)
 Metaspace       used 61578K, committed 62592K, reserved 1114112K
  class space    used 6712K, committed 7104K, reserved 1048576K
}
Event: 13,189 GC heap after
{Heap after GC invocations=32 (full 3):
 PSYoungGen      total 20992K, used 834K [0x00000000eab00000, 0x00000000ec080000, 0x0000000100000000)
  eden space 19968K, 0% used [0x00000000eab00000,0x00000000eab00000,0x00000000ebe80000)
  from space 1024K, 81% used [0x00000000ebe80000,0x00000000ebf50a80,0x00000000ebf80000)
  to   space 1024K, 0% used [0x00000000ebf80000,0x00000000ebf80000,0x00000000ec080000)
 ParOldGen       total 68608K, used 34571K [0x00000000c0000000, 0x00000000c4300000, 0x00000000eab00000)
  object space 68608K, 50% used [0x00000000c0000000,0x00000000c21c2d48,0x00000000c4300000)
 Metaspace       used 61578K, committed 62592K, reserved 1114112K
  class space    used 6712K, committed 7104K, reserved 1048576K
}
Event: 13,597 GC heap before
{Heap before GC invocations=33 (full 3):
 PSYoungGen      total 20992K, used 20802K [0x00000000eab00000, 0x00000000ec080000, 0x0000000100000000)
  eden space 19968K, 100% used [0x00000000eab00000,0x00000000ebe80000,0x00000000ebe80000)
  from space 1024K, 81% used [0x00000000ebe80000,0x00000000ebf50a80,0x00000000ebf80000)
  to   space 1024K, 0% used [0x00000000ebf80000,0x00000000ebf80000,0x00000000ec080000)
 ParOldGen       total 68608K, used 34571K [0x00000000c0000000, 0x00000000c4300000, 0x00000000eab00000)
  object space 68608K, 50% used [0x00000000c0000000,0x00000000c21c2d48,0x00000000c4300000)
 Metaspace       used 62787K, committed 63872K, reserved 1114112K
  class space    used 6828K, committed 7232K, reserved 1048576K
}
Event: 13,601 GC heap after
{Heap after GC invocations=33 (full 3):
 PSYoungGen      total 20992K, used 903K [0x00000000eab00000, 0x00000000ec080000, 0x0000000100000000)
  eden space 19968K, 0% used [0x00000000eab00000,0x00000000eab00000,0x00000000ebe80000)
  from space 1024K, 88% used [0x00000000ebf80000,0x00000000ec061eb0,0x00000000ec080000)
  to   space 1024K, 0% used [0x00000000ebe80000,0x00000000ebe80000,0x00000000ebf80000)
 ParOldGen       total 68608K, used 35162K [0x00000000c0000000, 0x00000000c4300000, 0x00000000eab00000)
  object space 68608K, 51% used [0x00000000c0000000,0x00000000c2256a00,0x00000000c4300000)
 Metaspace       used 62787K, committed 63872K, reserved 1114112K
  class space    used 6828K, committed 7232K, reserved 1048576K
}
Event: 14,807 GC heap before
{Heap before GC invocations=34 (full 3):
 PSYoungGen      total 20992K, used 20871K [0x00000000eab00000, 0x00000000ec080000, 0x0000000100000000)
  eden space 19968K, 100% used [0x00000000eab00000,0x00000000ebe80000,0x00000000ebe80000)
  from space 1024K, 88% used [0x00000000ebf80000,0x00000000ec061eb0,0x00000000ec080000)
  to   space 1024K, 0% used [0x00000000ebe80000,0x00000000ebe80000,0x00000000ebf80000)
 ParOldGen       total 68608K, used 35162K [0x00000000c0000000, 0x00000000c4300000, 0x00000000eab00000)
  object space 68608K, 51% used [0x00000000c0000000,0x00000000c2256a00,0x00000000c4300000)
 Metaspace       used 65652K, committed 66752K, reserved 1114112K
  class space    used 7129K, committed 7552K, reserved 1048576K
}
Event: 14,814 GC heap after
{Heap after GC invocations=34 (full 3):
 PSYoungGen      total 20992K, used 1013K [0x00000000eab00000, 0x00000000ec380000, 0x0000000100000000)
  eden space 19968K, 0% used [0x00000000eab00000,0x00000000eab00000,0x00000000ebe80000)
  from space 1024K, 98% used [0x00000000ebe80000,0x00000000ebf7d418,0x00000000ebf80000)
  to   space 2560K, 0% used [0x00000000ec100000,0x00000000ec100000,0x00000000ec380000)
 ParOldGen       total 68608K, used 36048K [0x00000000c0000000, 0x00000000c4300000, 0x00000000eab00000)
  object space 68608K, 52% used [0x00000000c0000000,0x00000000c23340a0,0x00000000c4300000)
 Metaspace       used 65652K, committed 66752K, reserved 1114112K
  class space    used 7129K, committed 7552K, reserved 1048576K
}

Dll operation events (9 events):
Event: 0,004 Loaded shared library /usr/share/code/resources/app/extensions/redhat.java-1.21.0-linux-x64/jre/17.0.7-linux-x86_64/lib/libjava.so
Event: 0,235 Loaded shared library /usr/share/code/resources/app/extensions/redhat.java-1.21.0-linux-x64/jre/17.0.7-linux-x86_64/lib/libzip.so
Event: 0,237 Loaded shared library /usr/share/code/resources/app/extensions/redhat.java-1.21.0-linux-x64/jre/17.0.7-linux-x86_64/lib/libinstrument.so
Event: 0,247 Loaded shared library /usr/share/code/resources/app/extensions/redhat.java-1.21.0-linux-x64/jre/17.0.7-linux-x86_64/lib/libnio.so
Event: 0,260 Loaded shared library /usr/share/code/resources/app/extensions/redhat.java-1.21.0-linux-x64/jre/17.0.7-linux-x86_64/lib/libzip.so
Event: 0,286 Loaded shared library /usr/share/code/resources/app/extensions/redhat.java-1.21.0-linux-x64/jre/17.0.7-linux-x86_64/lib/libjimage.so
Event: 0,341 Loaded shared library /usr/share/code/resources/app/extensions/redhat.java-1.21.0-linux-x64/jre/17.0.7-linux-x86_64/lib/libverify.so
Event: 1,511 Loaded shared library /usr/share/code/resources/app/extensions/redhat.java-1.21.0-linux-x64/jre/17.0.7-linux-x86_64/lib/libnet.so
Event: 2,446 Loaded shared library /home/erik.diniz.beserra/.config/Code/User/globalStorage/redhat.java/1.21.0/config_linux/org.eclipse.equinox.launcher/org.eclipse.equinox.launcher.gtk.linux.x86_64_1.2.700.v20221108-1024/eclipse_11801.so

Deoptimization events (20 events):
Event: 14,801 Thread 0x00005603a6afef50 DEOPT PACKING pc=0x00007f41d9f30c50 sp=0x00007f41ae5aaf70
Event: 14,801 Thread 0x00005603a6afef50 DEOPT UNPACKING pc=0x00007f41d9975399 sp=0x00007f41ae5aaf20 mode 2
Event: 14,801 Thread 0x00005603a6afef50 Uncommon trap: trap_request=0xffffffc6 fr.pc=0x00007f41d9f30c50 relative=0x0000000000000350
Event: 14,801 Thread 0x00005603a6afef50 Uncommon trap: reason=bimorphic_or_optimized_type_check action=maybe_recompile pc=0x00007f41d9f30c50 method=java.util.ArrayList$ArrayListSpliterator.tryAdvance(Ljava/util/function/Consumer;)Z @ 48 c2
Event: 14,801 Thread 0x00005603a6afef50 DEOPT PACKING pc=0x00007f41d9f30c50 sp=0x00007f41ae5aaf70
Event: 14,801 Thread 0x00005603a6afef50 DEOPT UNPACKING pc=0x00007f41d9975399 sp=0x00007f41ae5aaf20 mode 2
Event: 25,910 Thread 0x00007f41e4843aa0 DEOPT PACKING pc=0x00007f41d291f77d sp=0x00007f41ae9cca00
Event: 25,910 Thread 0x00007f41e4843aa0 DEOPT UNPACKING pc=0x00007f41d9975b2f sp=0x00007f41ae9cbeb8 mode 0
Event: 26,300 Thread 0x00005603a6b45f50 DEOPT PACKING pc=0x00007f41d2d28de4 sp=0x00007f41ae4a9310
Event: 26,300 Thread 0x00005603a6b45f50 DEOPT UNPACKING pc=0x00007f41d9975b2f sp=0x00007f41ae4a87c8 mode 0
Event: 26,389 Thread 0x00005603a6afef50 Uncommon trap: trap_request=0xffffffde fr.pc=0x00007f41da0e7a08 relative=0x0000000000000068
Event: 26,389 Thread 0x00005603a6afef50 Uncommon trap: reason=class_check action=maybe_recompile pc=0x00007f41da0e7a08 method=java.util.LinkedHashMap.afterNodeInsertion(Z)V @ 15 c2
Event: 26,389 Thread 0x00005603a6afef50 DEOPT PACKING pc=0x00007f41da0e7a08 sp=0x00007f41ae5ab1b0
Event: 26,389 Thread 0x00005603a6afef50 DEOPT UNPACKING pc=0x00007f41d9975399 sp=0x00007f41ae5ab148 mode 2
Event: 27,685 Thread 0x00005603a6ae8f90 Uncommon trap: trap_request=0xffffffde fr.pc=0x00007f41da0e7a08 relative=0x0000000000000068
Event: 27,685 Thread 0x00005603a6ae8f90 Uncommon trap: reason=class_check action=maybe_recompile pc=0x00007f41da0e7a08 method=java.util.LinkedHashMap.afterNodeInsertion(Z)V @ 15 c2
Event: 27,685 Thread 0x00005603a6ae8f90 DEOPT PACKING pc=0x00007f41da0e7a08 sp=0x00007f41ae6ac1b0
Event: 27,685 Thread 0x00005603a6ae8f90 DEOPT UNPACKING pc=0x00007f41d9975399 sp=0x00007f41ae6ac148 mode 2
Event: 28,117 Thread 0x00005603a6ae8f90 DEOPT PACKING pc=0x00007f41d286c8ee sp=0x00007f41ae6aafc0
Event: 28,117 Thread 0x00005603a6ae8f90 DEOPT UNPACKING pc=0x00007f41d9975b2f sp=0x00007f41ae6aa470 mode 0

Classes unloaded (8 events):
Event: 3,583 Thread 0x00007f41e4150d80 Unloading class 0x0000000100240000 'java/lang/invoke/LambdaForm$MH+0x0000000100240000'
Event: 3,583 Thread 0x00007f41e4150d80 Unloading class 0x000000010023fc00 'java/lang/invoke/LambdaForm$MH+0x000000010023fc00'
Event: 3,583 Thread 0x00007f41e4150d80 Unloading class 0x000000010023f800 'java/lang/invoke/LambdaForm$MH+0x000000010023f800'
Event: 3,583 Thread 0x00007f41e4150d80 Unloading class 0x000000010023f400 'java/lang/invoke/LambdaForm$MH+0x000000010023f400'
Event: 3,583 Thread 0x00007f41e4150d80 Unloading class 0x000000010023f000 'java/lang/invoke/LambdaForm$BMH+0x000000010023f000'
Event: 3,583 Thread 0x00007f41e4150d80 Unloading class 0x000000010023ec00 'java/lang/invoke/LambdaForm$DMH+0x000000010023ec00'
Event: 3,583 Thread 0x00007f41e4150d80 Unloading class 0x000000010023c000 'java/lang/invoke/LambdaForm$DMH+0x000000010023c000'
Event: 12,300 Thread 0x00007f41e4150d80 Unloading class 0x00000001005f5400 'java/lang/invoke/LambdaForm$DMH+0x00000001005f5400'

Classes redefined (0 events):
No events

Internal exceptions (20 events):
Event: 11,094 Thread 0x00007f4178348b40 Exception <a 'java/io/FileNotFoundException'{0x00000000ebe1b6b0}> (0x00000000ebe1b6b0) 
thrown [src/hotspot/share/prims/jni.cpp, line 516]
Event: 11,982 Thread 0x00007f416406e300 Exception <a 'java/io/FileNotFoundException'{0x00000000eb6fa000}> (0x00000000eb6fa000) 
thrown [src/hotspot/share/prims/jni.cpp, line 516]
Event: 12,490 Thread 0x00007f416406e300 Exception <a 'java/lang/NoSuchMethodError'{0x00000000eaeb2010}: 'void java.lang.invoke.DirectMethodHandle$Holder.invokeInterface(java.lang.Object, java.lang.Object)'> (0x00000000eaeb2010) 
thrown [src/hotspot/share/interpreter/linkResolver.cpp, line 758]
Event: 12,502 Thread 0x00007f416406e300 Exception <a 'java/lang/NoSuchMethodError'{0x00000000eafbc0c8}: 'java.lang.Object java.lang.invoke.DirectMethodHandle$Holder.newInvokeSpecial(java.lang.Object, java.lang.Object, java.lang.Object, java.lang.Object, java.lang.Object, java.lang.Object)'> (0x00000000eafbc0c8) 
thrown [src/hotspot/share/interpreter/linkResolver.cpp, line 758]
Event: 12,538 Thread 0x00007f416c078fb0 Exception <a 'java/lang/NoSuchMethodError'{0x00000000eb1b89d0}: 'java.lang.Object java.lang.invoke.Invokers$Holder.linkToTargetMethod(java.lang.Object, java.lang.Object, java.lang.Object, java.lang.Object, java.lang.Object, java.lang.Object, java.lang.Object)'> (0x00000000eb1b89d0) 
thrown [src/hotspot/share/interpreter/linkResolver.cpp, line 758]
Event: 12,720 Thread 0x00007f416406e300 Implicit null exception at 0x00007f41da10a433 to 0x00007f41da10a724
Event: 12,785 Thread 0x00007f416406e300 Exception <a 'java/lang/NoSuchMethodError'{0x00000000eb6a1df8}: 'java.lang.Object java.lang.invoke.DirectMethodHandle$Holder.invokeStatic(java.lang.Object, int, java.lang.Object, java.lang.Object)'> (0x00000000eb6a1df8) 
thrown [src/hotspot/share/interpreter/linkResolver.cpp, line 758]
Event: 12,786 Thread 0x00007f416406e300 Exception <a 'java/lang/NoSuchMethodError'{0x00000000eb6a5be0}: 'java.lang.Object java.lang.invoke.DelegatingMethodHandle$Holder.delegate(java.lang.Object, int, java.lang.Object, java.lang.Object)'> (0x00000000eb6a5be0) 
thrown [src/hotspot/share/interpreter/linkResolver.cpp, line 758]
Event: 12,805 Thread 0x00007f416406e300 Exception <a 'java/lang/NoSuchMethodError'{0x00000000eb6bae08}: 'int java.lang.invoke.Invokers$Holder.linkToTargetMethod(java.lang.Object, java.lang.Object, java.lang.Object)'> (0x00000000eb6bae08) 
thrown [src/hotspot/share/interpreter/linkResolver.cpp, line 758]
Event: 12,899 Thread 0x00007f416406e300 Exception <a 'java/lang/NoSuchMethodError'{0x00000000eba0b6d8}: 'void java.lang.invoke.DirectMethodHandle$Holder.invokeSpecial(java.lang.Object, java.lang.Object, java.lang.Object, java.lang.Object, java.lang.Object)'> (0x00000000eba0b6d8) 
thrown [src/hotspot/share/interpreter/linkResolver.cpp, line 758]
Event: 12,984 Thread 0x00005603a6afef50 Exception <a 'java/lang/NoSuchMethodError'{0x00000000ebafc318}: 'int java.lang.invoke.DirectMethodHandle$Holder.invokeSpecialIFC(java.lang.Object, java.lang.Object, java.lang.Object)'> (0x00000000ebafc318) 
thrown [src/hotspot/share/interpreter/linkResolver.cpp, line 758]
Event: 13,097 Thread 0x00005603a6afef50 Exception <a 'java/io/FileNotFoundException'{0x00000000eac3bda8}> (0x00000000eac3bda8) 
thrown [src/hotspot/share/prims/jni.cpp, line 516]
Event: 13,104 Thread 0x00007f41788f72b0 Exception <a 'sun/nio/fs/UnixException'{0x00000000eac87fb0}> (0x00000000eac87fb0) 
thrown [src/hotspot/share/prims/jni.cpp, line 516]
Event: 13,513 Thread 0x00007f415c0383a0 Exception <a 'java/lang/NoSuchMethodError'{0x00000000ebc78460}: 'int java.lang.invoke.DirectMethodHandle$Holder.invokeStatic(java.lang.Object, int, java.lang.Object)'> (0x00000000ebc78460) 
thrown [src/hotspot/share/interpreter/linkResolver.cpp, line 758]
Event: 13,514 Thread 0x00005603a6afef50 Exception <a 'java/lang/NoSuchMethodError'{0x00000000ebc8eff0}: 'int java.lang.invoke.DirectMethodHandle$Holder.invokeStatic(java.lang.Object, int, java.lang.Object)'> (0x00000000ebc8eff0) 
thrown [src/hotspot/share/interpreter/linkResolver.cpp, line 758]
Event: 13,614 Thread 0x00007f415c0383a0 Exception <a 'java/io/FileNotFoundException'{0x00000000eab49ca8}> (0x00000000eab49ca8) 
thrown [src/hotspot/share/prims/jni.cpp, line 516]
Event: 13,614 Thread 0x00007f415c0383a0 Exception <a 'java/io/FileNotFoundException'{0x00000000eab4ad20}> (0x00000000eab4ad20) 
thrown [src/hotspot/share/prims/jni.cpp, line 516]
Event: 14,675 Thread 0x00005603a6afef50 Exception <a 'java/lang/ArrayIndexOutOfBoundsException'{0x00000000ebce5a08}: Index 128 out of bounds for length 128> (0x00000000ebce5a08) 
thrown [src/hotspot/share/interpreter/interpreterRuntime.cpp, line 428]
Event: 14,838 Thread 0x00005603a6afef50 Exception <a 'java/lang/NoSuchMethodError'{0x00000000eab4c0d0}: 'java.lang.Object java.lang.invoke.DirectMethodHandle$Holder.invokeStatic(java.lang.Object, int, java.lang.Object, java.lang.Object, java.lang.Object, java.lang.Object)'> (0x00000000eab4c0d0) 
thrown [src/hotspot/share/interpreter/linkResolver.cpp, line 758]
Event: 14,969 Thread 0x00005603a6afef50 Exception <a 'java/lang/NoSuchMethodError'{0x00000000eb0030c0}: 'int java.lang.invoke.DirectMethodHandle$Holder.invokeSpecialIFC(java.lang.Object, java.lang.Object, java.lang.Object, java.lang.Object)'> (0x00000000eb0030c0) 
thrown [src/hotspot/share/interpreter/linkResolver.cpp, line 758]

VM Operations (20 events):
Event: 14,656 Executing VM operation: HandshakeAllThreads
Event: 14,656 Executing VM operation: HandshakeAllThreads done
Event: 14,665 Executing VM operation: HandshakeAllThreads
Event: 14,665 Executing VM operation: HandshakeAllThreads done
Event: 14,807 Executing VM operation: ParallelGCFailedAllocation
Event: 14,814 Executing VM operation: ParallelGCFailedAllocation done
Event: 15,814 Executing VM operation: Cleanup
Event: 15,815 Executing VM operation: Cleanup done
Event: 17,815 Executing VM operation: Cleanup
Event: 17,815 Executing VM operation: Cleanup done
Event: 26,159 Executing VM operation: HandshakeAllThreads
Event: 26,160 Executing VM operation: HandshakeAllThreads done
Event: 26,160 Executing VM operation: Cleanup
Event: 26,160 Executing VM operation: Cleanup done
Event: 26,592 Executing VM operation: HandshakeAllThreads
Event: 26,593 Executing VM operation: HandshakeAllThreads done
Event: 27,240 Executing VM operation: ICBufferFull
Event: 27,241 Executing VM operation: ICBufferFull done
Event: 28,241 Executing VM operation: Cleanup
Event: 28,241 Executing VM operation: Cleanup done

Events (20 events):
Event: 26,598 Thread 0x00007f41e4192040 flushing nmethod 0x00007f41d287c510
Event: 26,598 Thread 0x00007f41e4192040 flushing nmethod 0x00007f41d287cb10
Event: 26,598 Thread 0x00007f41e4192040 flushing nmethod 0x00007f41d2881a10
Event: 26,600 Thread 0x00007f41e4192040 flushing nmethod 0x00007f41d2afa990
Event: 26,602 Thread 0x00007f41e4192040 flushing nmethod 0x00007f41d2d71210
Event: 26,602 Thread 0x00007f41e4192040 flushing nmethod 0x00007f41d2d9e110
Event: 26,603 Thread 0x00007f41e4192040 flushing nmethod 0x00007f41d2dfc610
Event: 27,230 Thread 0x00007f41a4d8bae0 Thread exited: 0x00007f41a4d8bae0
Event: 27,242 Thread 0x00007f41a8969f80 Thread added: 0x00007f41a8969f80
Event: 27,243 Protecting memory [0x00007f41ae2aa000,0x00007f41ae2ae000] with protection modes 0
Event: 27,668 Thread 0x00007f41a8969f80 Thread exited: 0x00007f41a8969f80
Event: 27,681 Thread 0x00007f41a4683f40 Thread added: 0x00007f41a4683f40
Event: 27,684 Protecting memory [0x00007f41ae2aa000,0x00007f41ae2ae000] with protection modes 0
Event: 29,826 Thread 0x00007f41a4683f40 Thread exited: 0x00007f41a4683f40
Event: 29,833 loading class java/util/concurrent/Executors$DelegatedScheduledExecutorService
Event: 29,834 loading class java/util/concurrent/Executors$DelegatedExecutorService
Event: 29,834 loading class java/util/concurrent/Executors$DelegatedExecutorService done
Event: 29,834 loading class java/util/concurrent/Executors$DelegatedScheduledExecutorService done
Event: 29,845 Thread 0x00005603a6b98b60 Thread added: 0x00005603a6b98b60
Event: 29,845 Protecting memory [0x00007f41ae2aa000,0x00007f41ae2ae000] with protection modes 0


Dynamic libraries:
c0000000-c4300000 rw-p 00000000 00:00 0 
c4300000-eab00000 ---p 00000000 00:00 0 
eab00000-ec380000 rw-p 00000000 00:00 0 
ec380000-100000000 ---p 00000000 00:00 0 
100000000-100020000 rw-p 00000000 00:00 0 
100020000-100040000 rw-p 00000000 00:00 0 
100040000-1000c0000 rw-p 00000000 00:00 0 
1000c0000-1000e0000 rw-p 00000000 00:00 0 
1000e0000-100140000 rw-p 00000000 00:00 0 
100140000-1001c0000 rw-p 00000000 00:00 0 
1001c0000-100200000 rw-p 00000000 00:00 0 
100200000-1002c0000 rw-p 00000000 00:00 0 
1002c0000-100300000 rw-p 00000000 00:00 0 
100300000-100530000 rw-p 00000000 00:00 0 
100530000-100540000 ---p 00000000 00:00 0 
100540000-1007a0000 rw-p 00000000 00:00 0 
1007a0000-140000000 ---p 00000000 00:00 0 
5603a66ee000-5603a66ef000 r--p 00000000 08:01 1841262                    /usr/share/code/resources/app/extensions/redhat.java-1.21.0-linux-x64/jre/17.0.7-linux-x86_64/bin/java
5603a66ef000-5603a66f0000 r-xp 00001000 08:01 1841262                    /usr/share/code/resources/app/extensions/redhat.java-1.21.0-linux-x64/jre/17.0.7-linux-x86_64/bin/java
5603a66f0000-5603a66f1000 r--p 00002000 08:01 1841262                    /usr/share/code/resources/app/extensions/redhat.java-1.21.0-linux-x64/jre/17.0.7-linux-x86_64/bin/java
5603a66f1000-5603a66f2000 r--p 00002000 08:01 1841262                    /usr/share/code/resources/app/extensions/redhat.java-1.21.0-linux-x64/jre/17.0.7-linux-x86_64/bin/java
5603a66f2000-5603a66f3000 rw-p 00003000 08:01 1841262                    /usr/share/code/resources/app/extensions/redhat.java-1.21.0-linux-x64/jre/17.0.7-linux-x86_64/bin/java
5603a6a42000-5603a6bb1000 rw-p 00000000 00:00 0                          [heap]
7f41445a0000-7f414bffb000 r--s 00000000 08:01 1027                       /usr/lib/jvm/java-17-openjdk-amd64/lib/modules
7f414c000000-7f414c4c6000 rw-p 00000000 00:00 0 
7f414c4c6000-7f4150000000 ---p 00000000 00:00 0 
7f4154000000-7f4154327000 rw-p 00000000 00:00 0 
7f4154327000-7f4158000000 ---p 00000000 00:00 0 
7f4158000000-7f41581b4000 rw-p 00000000 00:00 0 
7f41581b4000-7f415c000000 ---p 00000000 00:00 0 
7f415c000000-7f415c064000 rw-p 00000000 00:00 0 
7f415c064000-7f4160000000 ---p 00000000 00:00 0 
7f4160000000-7f4161611000 rw-p 00000000 00:00 0 
7f4161611000-7f4164000000 ---p 00000000 00:00 0 
7f4164000000-7f4164522000 rw-p 00000000 00:00 0 
7f4164522000-7f4168000000 ---p 00000000 00:00 0 
7f4168000000-7f4168057000 rw-p 00000000 00:00 0 
7f4168057000-7f416c000000 ---p 00000000 00:00 0 
7f416c000000-7f416c121000 rw-p 00000000 00:00 0 
7f416c121000-7f4170000000 ---p 00000000 00:00 0 
7f4170000000-7f4170021000 rw-p 00000000 00:00 0 
7f4170021000-7f4174000000 ---p 00000000 00:00 0 
7f4174000000-7f417495c000 rw-p 00000000 00:00 0 
7f417495c000-7f4178000000 ---p 00000000 00:00 0 
7f4178000000-7f41789f8000 rw-p 00000000 00:00 0 
7f41789f8000-7f417c000000 ---p 00000000 00:00 0 
7f417c000000-7f417c0bb000 rw-p 00000000 00:00 0 
7f417c0bb000-7f4180000000 ---p 00000000 00:00 0 
7f4180000000-7f41802a8000 rw-p 00000000 00:00 0 
7f41802a8000-7f4184000000 ---p 00000000 00:00 0 
7f4184000000-7f4184021000 rw-p 00000000 00:00 0 
7f4184021000-7f4188000000 ---p 00000000 00:00 0 
7f4188000000-7f4188021000 rw-p 00000000 00:00 0 
7f4188021000-7f418c000000 ---p 00000000 00:00 0 
7f418c000000-7f418c360000 rw-p 00000000 00:00 0 
7f418c360000-7f4190000000 ---p 00000000 00:00 0 
7f4190000000-7f4190021000 rw-p 00000000 00:00 0 
7f4190021000-7f4194000000 ---p 00000000 00:00 0 
7f4194000000-7f4194021000 rw-p 00000000 00:00 0 
7f4194021000-7f4198000000 ---p 00000000 00:00 0 
7f4198000000-7f4198021000 rw-p 00000000 00:00 0 
7f4198021000-7f419c000000 ---p 00000000 00:00 0 
7f419c000000-7f419c021000 rw-p 00000000 00:00 0 
7f419c021000-7f41a0000000 ---p 00000000 00:00 0 
7f41a0000000-7f41a0021000 rw-p 00000000 00:00 0 
7f41a0021000-7f41a4000000 ---p 00000000 00:00 0 
7f41a4000000-7f41a4d92000 rw-p 00000000 00:00 0 
7f41a4d92000-7f41a8000000 ---p 00000000 00:00 0 
7f41a8000000-7f41a9996000 rw-p 00000000 00:00 0 
7f41a9996000-7f41ac000000 ---p 00000000 00:00 0 
7f41ae0a8000-7f41ae0ac000 ---p 00000000 00:00 0 
7f41ae0ac000-7f41ae1a9000 rw-p 00000000 00:00 0 
7f41ae1a9000-7f41ae1ad000 ---p 00000000 00:00 0 
7f41ae1ad000-7f41ae2aa000 rw-p 00000000 00:00 0 
7f41ae2aa000-7f41ae2ae000 ---p 00000000 00:00 0 
7f41ae2ae000-7f41ae3ab000 rw-p 00000000 00:00 0 
7f41ae3ab000-7f41ae3af000 ---p 00000000 00:00 0 
7f41ae3af000-7f41ae4ac000 rw-p 00000000 00:00 0 
7f41ae4ac000-7f41ae4b0000 ---p 00000000 00:00 0 
7f41ae4b0000-7f41ae5ad000 rw-p 00000000 00:00 0 
7f41ae5ad000-7f41ae5b1000 ---p 00000000 00:00 0 
7f41ae5b1000-7f41ae6ae000 rw-p 00000000 00:00 0 
7f41ae6ae000-7f41ae6b2000 ---p 00000000 00:00 0 
7f41ae6b2000-7f41ae7af000 rw-p 00000000 00:00 0 
7f41ae7af000-7f41ae7b3000 ---p 00000000 00:00 0 
7f41ae7b3000-7f41ae8b0000 rw-p 00000000 00:00 0 
7f41ae8cf000-7f41ae8d3000 ---p 00000000 00:00 0 
7f41ae8d3000-7f41ae9d0000 rw-p 00000000 00:00 0 
7f41ae9d0000-7f41ae9d4000 ---p 00000000 00:00 0 
7f41ae9d4000-7f41aead1000 rw-p 00000000 00:00 0 
7f41aead1000-7f41aead5000 ---p 00000000 00:00 0 
7f41aead5000-7f41aebd2000 rw-p 00000000 00:00 0 
7f41aebd2000-7f41aebd6000 ---p 00000000 00:00 0 
7f41aebd6000-7f41aecd3000 rw-p 00000000 00:00 0 
7f41aecd3000-7f41aecd7000 ---p 00000000 00:00 0 
7f41aecd7000-7f41aedd4000 rw-p 00000000 00:00 0 
7f41aedd4000-7f41aedd8000 ---p 00000000 00:00 0 
7f41aedd8000-7f41aeed5000 rw-p 00000000 00:00 0 
7f41aeed5000-7f41aeed9000 ---p 00000000 00:00 0 
7f41aeed9000-7f41aefd6000 rw-p 00000000 00:00 0 
7f41aefd6000-7f41aefda000 ---p 00000000 00:00 0 
7f41aefda000-7f41af0d7000 rw-p 00000000 00:00 0 
7f41af0d7000-7f41af0db000 ---p 00000000 00:00 0 
7f41af0db000-7f41af1d8000 rw-p 00000000 00:00 0 
7f41af1d8000-7f41af1e8000 r-xp 00000000 00:36 217848126                  /home/erik.diniz.beserra/.config/Code/User/globalStorage/redhat.java/1.21.0/config_linux/org.eclipse.equinox.launcher/org.eclipse.equinox.launcher.gtk.linux.x86_64_1.2.700.v20221108-1024/eclipse_11801.so
7f41af1e8000-7f41af3e7000 ---p 00010000 00:36 217848126                  /home/erik.diniz.beserra/.config/Code/User/globalStorage/redhat.java/1.21.0/config_linux/org.eclipse.equinox.launcher/org.eclipse.equinox.launcher.gtk.linux.x86_64_1.2.700.v20221108-1024/eclipse_11801.so
7f41af3e7000-7f41af3e8000 r--p 0000f000 00:36 217848126                  /home/erik.diniz.beserra/.config/Code/User/globalStorage/redhat.java/1.21.0/config_linux/org.eclipse.equinox.launcher/org.eclipse.equinox.launcher.gtk.linux.x86_64_1.2.700.v20221108-1024/eclipse_11801.so
7f41af3e8000-7f41af3e9000 rw-p 00010000 00:36 217848126                  /home/erik.diniz.beserra/.config/Code/User/globalStorage/redhat.java/1.21.0/config_linux/org.eclipse.equinox.launcher/org.eclipse.equinox.launcher.gtk.linux.x86_64_1.2.700.v20221108-1024/eclipse_11801.so
7f41af3e9000-7f41af3ea000 rw-p 00000000 00:00 0 
7f41af3f0000-7f41af3f4000 ---p 00000000 00:00 0 
7f41af3f4000-7f41af4f1000 rw-p 00000000 00:00 0 
7f41af4f1000-7f41af4f5000 ---p 00000000 00:00 0 
7f41af4f5000-7f41af5f2000 rw-p 00000000 00:00 0 
7f41af5f2000-7f41af5f6000 ---p 00000000 00:00 0 
7f41af5f6000-7f41af6f3000 rw-p 00000000 00:00 0 
7f41af6f3000-7f41af6f4000 ---p 00000000 00:00 0 
7f41af6f4000-7f41af7f5000 rw-p 00000000 00:00 0 
7f41af7f5000-7f41af7f6000 ---p 00000000 00:00 0 
7f41af7f6000-7f41af8f7000 rw-p 00000000 00:00 0 
7f41af8f7000-7f41af8f8000 ---p 00000000 00:00 0 
7f41af8f8000-7f41af9f9000 rw-p 00000000 00:00 0 
7f41af9f9000-7f41af9fd000 ---p 00000000 00:00 0 
7f41af9fd000-7f41afafa000 rw-p 00000000 00:00 0 
7f41afafa000-7f41afafb000 ---p 00000000 00:00 0 
7f41afafb000-7f41afbfc000 rw-p 00000000 00:00 0 
7f41afbfc000-7f41afc00000 ---p 00000000 00:00 0 
7f41afc00000-7f41afcfd000 rw-p 00000000 00:00 0 
7f41afcfd000-7f41afd01000 ---p 00000000 00:00 0 
7f41afd01000-7f41afdfe000 rw-p 00000000 00:00 0 
7f41afdfe000-7f41afe02000 ---p 00000000 00:00 0 
7f41afe02000-7f41afeff000 rw-p 00000000 00:00 0 
7f41afeff000-7f41aff03000 ---p 00000000 00:00 0 
7f41aff03000-7f41b0000000 rw-p 00000000 00:00 0 
7f41b0000000-7f41b0021000 rw-p 00000000 00:00 0 
7f41b0021000-7f41b4000000 ---p 00000000 00:00 0 
7f41b4000000-7f41b4021000 rw-p 00000000 00:00 0 
7f41b4021000-7f41b8000000 ---p 00000000 00:00 0 
7f41b8000000-7f41b8021000 rw-p 00000000 00:00 0 
7f41b8021000-7f41bc000000 ---p 00000000 00:00 0 
7f41bc000000-7f41bc021000 rw-p 00000000 00:00 0 
7f41bc021000-7f41c0000000 ---p 00000000 00:00 0 
7f41c0000000-7f41c0021000 rw-p 00000000 00:00 0 
7f41c0021000-7f41c4000000 ---p 00000000 00:00 0 
7f41c4000000-7f41c4021000 rw-p 00000000 00:00 0 
7f41c4021000-7f41c8000000 ---p 00000000 00:00 0 
7f41c8000000-7f41c8400000 rw-p 00000000 00:00 0 
7f41c8400000-7f41c8480000 rw-p 00000000 00:00 0 
7f41c8480000-7f41c8500000 rw-p 00000000 00:00 0 
7f41c8500000-7f41c8800000 rw-p 00000000 00:00 0 
7f41c8800000-7f41c88c0000 rw-p 00000000 00:00 0 
7f41c88c0000-7f41c8900000 rw-p 00000000 00:00 0 
7f41c8900000-7f41c8b00000 rw-p 00000000 00:00 0 
7f41c8b00000-7f41c8c00000 rw-p 00000000 00:00 0 
7f41c8c00000-7f41c8da0000 rw-p 00000000 00:00 0 
7f41c8da0000-7f41c8dc0000 rw-p 00000000 00:00 0 
7f41c8dc0000-7f41c8f00000 rw-p 00000000 00:00 0 
7f41c8f00000-7f41c9000000 rw-p 00000000 00:00 0 
7f41c9000000-7f41c9300000 rw-p 00000000 00:00 0 
7f41c9300000-7f41c9400000 rw-p 00000000 00:00 0 
7f41c9400000-7f41c9580000 rw-p 00000000 00:00 0 
7f41c9580000-7f41c9600000 rw-p 00000000 00:00 0 
7f41c9600000-7f41c9bc0000 rw-p 00000000 00:00 0 
7f41c9bc0000-7f41c9d00000 rw-p 00000000 00:00 0 
7f41c9d00000-7f41c9e00000 rw-p 00000000 00:00 0 
7f41c9e00000-7f41ca300000 rw-p 00000000 00:00 0 
7f41ca300000-7f41ca400000 rw-p 00000000 00:00 0 
7f41ca400000-7f41cad00000 rw-p 00000000 00:00 0 
7f41cad00000-7f41cad90000 rw-p 00000000 00:00 0 
7f41cad90000-7f41cae00000 ---p 00000000 00:00 0 
7f41cae00000-7f41cbb40000 rw-p 00000000 00:00 0 
7f41cbb40000-7f41cc000000 ---p 00000000 00:00 0 
7f41cc000000-7f41cc021000 rw-p 00000000 00:00 0 
7f41cc021000-7f41d0000000 ---p 00000000 00:00 0 
7f41d00e5000-7f41d00e9000 ---p 00000000 00:00 0 
7f41d00e9000-7f41d01e6000 rw-p 00000000 00:00 0 
7f41d01e6000-7f41d01ea000 ---p 00000000 00:00 0 
7f41d01ea000-7f41d02e7000 rw-p 00000000 00:00 0 
7f41d02e7000-7f41d02eb000 ---p 00000000 00:00 0 
7f41d02eb000-7f41d23e8000 rw-p 00000000 00:00 0 
7f41d23e8000-7f41d3018000 rwxp 00000000 00:00 0 
7f41d3018000-7f41d991f000 ---p 00000000 00:00 0 
7f41d991f000-7f41d9b8f000 rwxp 00000000 00:00 0 
7f41d9b8f000-7f41d9eb0000 ---p 00000000 00:00 0 
7f41d9eb0000-7f41da1d0000 rwxp 00000000 00:00 0 
7f41da1d0000-7f41e13e8000 ---p 00000000 00:00 0 
7f41e13e8000-7f41e3ffe000 r--s 00000000 08:01 1840883                    /usr/share/code/resources/app/extensions/redhat.java-1.21.0-linux-x64/jre/17.0.7-linux-x86_64/lib/modules
7f41e4000000-7f41e4848000 rw-p 00000000 00:00 0 
7f41e4848000-7f41e8000000 ---p 00000000 00:00 0 
7f41e8056000-7f41e805a000 ---p 00000000 00:00 0 
7f41e805a000-7f41e8078000 rw-p 00000000 00:00 0 
7f41e8078000-7f41e807f000 r--s 00000000 08:01 278010                     /usr/lib/x86_64-linux-gnu/gconv/gconv-modules.cache
7f41e8080000-7f41e80a6000 r--p 00000000 08:01 527693                     /usr/share/locale-langpack/pt_BR/LC_MESSAGES/libc.mo
7f41e80a8000-7f41e80ac000 r--p 00000000 08:01 1840873                    /usr/share/code/resources/app/extensions/redhat.java-1.21.0-linux-x64/jre/17.0.7-linux-x86_64/lib/libverify.so
7f41e80ac000-7f41e80b3000 r-xp 00004000 08:01 1840873                    /usr/share/code/resources/app/extensions/redhat.java-1.21.0-linux-x64/jre/17.0.7-linux-x86_64/lib/libverify.so
7f41e80b3000-7f41e80b5000 r--p 0000b000 08:01 1840873                    /usr/share/code/resources/app/extensions/redhat.java-1.21.0-linux-x64/jre/17.0.7-linux-x86_64/lib/libverify.so
7f41e80b5000-7f41e80b7000 r--p 0000c000 08:01 1840873                    /usr/share/code/resources/app/extensions/redhat.java-1.21.0-linux-x64/jre/17.0.7-linux-x86_64/lib/libverify.so
7f41e80b7000-7f41e80b8000 rw-p 0000e000 08:01 1840873                    /usr/share/code/resources/app/extensions/redhat.java-1.21.0-linux-x64/jre/17.0.7-linux-x86_64/lib/libverify.so
7f41e80b8000-7f41e80bc000 r--p 00000000 08:01 1840866                    /usr/share/code/resources/app/extensions/redhat.java-1.21.0-linux-x64/jre/17.0.7-linux-x86_64/lib/libnet.so
7f41e80bc000-7f41e80ca000 r-xp 00004000 08:01 1840866                    /usr/share/code/resources/app/extensions/redhat.java-1.21.0-linux-x64/jre/17.0.7-linux-x86_64/lib/libnet.so
7f41e80ca000-7f41e80ce000 r--p 00012000 08:01 1840866                    /usr/share/code/resources/app/extensions/redhat.java-1.21.0-linux-x64/jre/17.0.7-linux-x86_64/lib/libnet.so
7f41e80ce000-7f41e80cf000 r--p 00015000 08:01 1840866                    /usr/share/code/resources/app/extensions/redhat.java-1.21.0-linux-x64/jre/17.0.7-linux-x86_64/lib/libnet.so
7f41e80cf000-7f41e80d0000 rw-p 00016000 08:01 1840866                    /usr/share/code/resources/app/extensions/redhat.java-1.21.0-linux-x64/jre/17.0.7-linux-x86_64/lib/libnet.so
7f41e80d0000-7f41e80d7000 r--p 00000000 08:01 1840845                    /usr/share/code/resources/app/extensions/redhat.java-1.21.0-linux-x64/jre/17.0.7-linux-x86_64/lib/libnio.so
7f41e80d7000-7f41e80e0000 r-xp 00007000 08:01 1840845                    /usr/share/code/resources/app/extensions/redhat.java-1.21.0-linux-x64/jre/17.0.7-linux-x86_64/lib/libnio.so
7f41e80e0000-7f41e80e4000 r--p 00010000 08:01 1840845                    /usr/share/code/resources/app/extensions/redhat.java-1.21.0-linux-x64/jre/17.0.7-linux-x86_64/lib/libnio.so
7f41e80e4000-7f41e80e5000 ---p 00014000 08:01 1840845                    /usr/share/code/resources/app/extensions/redhat.java-1.21.0-linux-x64/jre/17.0.7-linux-x86_64/lib/libnio.so
7f41e80e5000-7f41e80e6000 r--p 00014000 08:01 1840845                    /usr/share/code/resources/app/extensions/redhat.java-1.21.0-linux-x64/jre/17.0.7-linux-x86_64/lib/libnio.so
7f41e80e6000-7f41e80e7000 rw-p 00015000 08:01 1840845                    /usr/share/code/resources/app/extensions/redhat.java-1.21.0-linux-x64/jre/17.0.7-linux-x86_64/lib/libnio.so
7f41e80e7000-7f41e80eb000 ---p 00000000 00:00 0 
7f41e80eb000-7f41e81e8000 rw-p 00000000 00:00 0 
7f41e81e8000-7f41e875a000 r--p 00000000 08:01 4982134                    /usr/lib/locale/locale-archive
7f41e875d000-7f41e8761000 ---p 00000000 00:00 0 
7f41e8761000-7f41e885e000 rw-p 00000000 00:00 0 
7f41e885e000-7f41e8862000 ---p 00000000 00:00 0 
7f41e8862000-7f41e895f000 rw-p 00000000 00:00 0 
7f41e895f000-7f41e8960000 ---p 00000000 00:00 0 
7f41e8960000-7f41e9970000 rw-p 00000000 00:00 0 
7f41e9970000-7f41e9972000 r--p 00000000 08:01 1840860                    /usr/share/code/resources/app/extensions/redhat.java-1.21.0-linux-x64/jre/17.0.7-linux-x86_64/lib/libzip.so
7f41e9972000-7f41e9976000 r-xp 00002000 08:01 1840860                    /usr/share/code/resources/app/extensions/redhat.java-1.21.0-linux-x64/jre/17.0.7-linux-x86_64/lib/libzip.so
7f41e9976000-7f41e9978000 r--p 00006000 08:01 1840860                    /usr/share/code/resources/app/extensions/redhat.java-1.21.0-linux-x64/jre/17.0.7-linux-x86_64/lib/libzip.so
7f41e9978000-7f41e9979000 r--p 00007000 08:01 1840860                    /usr/share/code/resources/app/extensions/redhat.java-1.21.0-linux-x64/jre/17.0.7-linux-x86_64/lib/libzip.so
7f41e9979000-7f41e997a000 rw-p 00008000 08:01 1840860                    /usr/share/code/resources/app/extensions/redhat.java-1.21.0-linux-x64/jre/17.0.7-linux-x86_64/lib/libzip.so
7f41e9980000-7f41e9cd3000 rw-p 00000000 00:00 0 
7f41e9cd3000-7f41e9e07000 ---p 00000000 00:00 0 
7f41e9e07000-7f41e9e08000 ---p 00000000 00:00 0 
7f41e9e08000-7f41e9f2b000 rw-p 00000000 00:00 0 
7f41e9f2b000-7f41ea05e000 ---p 00000000 00:00 0 
7f41ea05e000-7f41ea06b000 rw-p 00000000 00:00 0 
7f41ea06b000-7f41ea109000 ---p 00000000 00:00 0 
7f41ea109000-7f41ea111000 rw-p 00000000 00:00 0 
7f41ea111000-7f41ea1f5000 ---p 00000000 00:00 0 
7f41ea1f5000-7f41ea20e000 rw-p 00000000 00:00 0 
7f41ea20e000-7f41ea2e0000 ---p 00000000 00:00 0 
7f41ea2e0000-7f41ea2e8000 rw-s 00000000 08:04 4849666                    /tmp/hsperfdata_erik.diniz.beserra/8541
7f41ea2e8000-7f41ea354000 r--s 00000000 08:01 2099427                    /var/cache/nscd/passwd
7f41ea358000-7f41ea365000 r--p 00000000 08:01 1840855                    /usr/share/code/resources/app/extensions/redhat.java-1.21.0-linux-x64/jre/17.0.7-linux-x86_64/lib/libjava.so
7f41ea365000-7f41ea377000 r-xp 0000d000 08:01 1840855                    /usr/share/code/resources/app/extensions/redhat.java-1.21.0-linux-x64/jre/17.0.7-linux-x86_64/lib/libjava.so
7f41ea377000-7f41ea37d000 r--p 0001f000 08:01 1840855                    /usr/share/code/resources/app/extensions/redhat.java-1.21.0-linux-x64/jre/17.0.7-linux-x86_64/lib/libjava.so
7f41ea37d000-7f41ea37e000 ---p 00025000 08:01 1840855                    /usr/share/code/resources/app/extensions/redhat.java-1.21.0-linux-x64/jre/17.0.7-linux-x86_64/lib/libjava.so
7f41ea37e000-7f41ea37f000 r--p 00025000 08:01 1840855                    /usr/share/code/resources/app/extensions/redhat.java-1.21.0-linux-x64/jre/17.0.7-linux-x86_64/lib/libjava.so
7f41ea37f000-7f41ea380000 rw-p 00026000 08:01 1840855                    /usr/share/code/resources/app/extensions/redhat.java-1.21.0-linux-x64/jre/17.0.7-linux-x86_64/lib/libjava.so
7f41ea380000-7f41ea381000 rw-p 00000000 00:00 0 
7f41ea388000-7f41ea38c000 r--p 00000000 08:01 1840843                    /usr/share/code/resources/app/extensions/redhat.java-1.21.0-linux-x64/jre/17.0.7-linux-x86_64/lib/libjimage.so
7f41ea38c000-7f41ea39f000 r-xp 00004000 08:01 1840843                    /usr/share/code/resources/app/extensions/redhat.java-1.21.0-linux-x64/jre/17.0.7-linux-x86_64/lib/libjimage.so
7f41ea39f000-7f41ea3a5000 r--p 00017000 08:01 1840843                    /usr/share/code/resources/app/extensions/redhat.java-1.21.0-linux-x64/jre/17.0.7-linux-x86_64/lib/libjimage.so
7f41ea3a5000-7f41ea3a7000 r--p 0001c000 08:01 1840843                    /usr/share/code/resources/app/extensions/redhat.java-1.21.0-linux-x64/jre/17.0.7-linux-x86_64/lib/libjimage.so
7f41ea3a7000-7f41ea3a8000 rw-p 0001e000 08:01 1840843                    /usr/share/code/resources/app/extensions/redhat.java-1.21.0-linux-x64/jre/17.0.7-linux-x86_64/lib/libjimage.so
7f41ea3af000-7f41ea3b3000 ---p 00000000 00:00 0 
7f41ea3b3000-7f41ea4b0000 rw-p 00000000 00:00 0 
7f41ea4b0000-7f41ea4bd000 r--p 00000000 08:01 4992543                    /usr/lib/x86_64-linux-gnu/libm-2.31.so
7f41ea4bd000-7f41ea564000 r-xp 0000d000 08:01 4992543                    /usr/lib/x86_64-linux-gnu/libm-2.31.so
7f41ea564000-7f41ea5fd000 r--p 000b4000 08:01 4992543                    /usr/lib/x86_64-linux-gnu/libm-2.31.so
7f41ea5fd000-7f41ea5fe000 r--p 0014c000 08:01 4992543                    /usr/lib/x86_64-linux-gnu/libm-2.31.so
7f41ea5fe000-7f41ea5ff000 rw-p 0014d000 08:01 4992543                    /usr/lib/x86_64-linux-gnu/libm-2.31.so
7f41ea600000-7f41ea602000 r--p 00000000 08:01 4992556                    /usr/lib/x86_64-linux-gnu/librt-2.31.so
7f41ea602000-7f41ea606000 r-xp 00002000 08:01 4992556                    /usr/lib/x86_64-linux-gnu/librt-2.31.so
7f41ea606000-7f41ea608000 r--p 00006000 08:01 4992556                    /usr/lib/x86_64-linux-gnu/librt-2.31.so
7f41ea608000-7f41ea609000 r--p 00007000 08:01 4992556                    /usr/lib/x86_64-linux-gnu/librt-2.31.so
7f41ea609000-7f41ea60a000 rw-p 00008000 08:01 4992556                    /usr/lib/x86_64-linux-gnu/librt-2.31.so
7f41ea610000-7f41ea862000 r--p 00000000 08:01 1840847                    /usr/share/code/resources/app/extensions/redhat.java-1.21.0-linux-x64/jre/17.0.7-linux-x86_64/lib/server/libjvm.so
7f41ea862000-7f41eb582000 r-xp 00252000 08:01 1840847                    /usr/share/code/resources/app/extensions/redhat.java-1.21.0-linux-x64/jre/17.0.7-linux-x86_64/lib/server/libjvm.so
7f41eb582000-7f41eb80e000 r--p 00f72000 08:01 1840847                    /usr/share/code/resources/app/extensions/redhat.java-1.21.0-linux-x64/jre/17.0.7-linux-x86_64/lib/server/libjvm.so
7f41eb80e000-7f41eb80f000 ---p 011fe000 08:01 1840847                    /usr/share/code/resources/app/extensions/redhat.java-1.21.0-linux-x64/jre/17.0.7-linux-x86_64/lib/server/libjvm.so
7f41eb80f000-7f41eb8c8000 r--p 011fe000 08:01 1840847                    /usr/share/code/resources/app/extensions/redhat.java-1.21.0-linux-x64/jre/17.0.7-linux-x86_64/lib/server/libjvm.so
7f41eb8c8000-7f41eb8fd000 rw-p 012b7000 08:01 1840847                    /usr/share/code/resources/app/extensions/redhat.java-1.21.0-linux-x64/jre/17.0.7-linux-x86_64/lib/server/libjvm.so
7f41eb8fd000-7f41eb957000 rw-p 00000000 00:00 0 
7f41eb958000-7f41eb97a000 r--p 00000000 08:01 4992541                    /usr/lib/x86_64-linux-gnu/libc-2.31.so
7f41eb97a000-7f41ebaf2000 r-xp 00022000 08:01 4992541                    /usr/lib/x86_64-linux-gnu/libc-2.31.so
7f41ebaf2000-7f41ebb40000 r--p 0019a000 08:01 4992541                    /usr/lib/x86_64-linux-gnu/libc-2.31.so
7f41ebb40000-7f41ebb44000 r--p 001e7000 08:01 4992541                    /usr/lib/x86_64-linux-gnu/libc-2.31.so
7f41ebb44000-7f41ebb46000 rw-p 001eb000 08:01 4992541                    /usr/lib/x86_64-linux-gnu/libc-2.31.so
7f41ebb46000-7f41ebb4a000 rw-p 00000000 00:00 0 
7f41ebb50000-7f41ebb51000 r--p 00000000 08:01 4992542                    /usr/lib/x86_64-linux-gnu/libdl-2.31.so
7f41ebb51000-7f41ebb53000 r-xp 00001000 08:01 4992542                    /usr/lib/x86_64-linux-gnu/libdl-2.31.so
7f41ebb53000-7f41ebb54000 r--p 00003000 08:01 4992542                    /usr/lib/x86_64-linux-gnu/libdl-2.31.so
7f41ebb54000-7f41ebb55000 r--p 00003000 08:01 4992542                    /usr/lib/x86_64-linux-gnu/libdl-2.31.so
7f41ebb55000-7f41ebb56000 rw-p 00004000 08:01 4992542                    /usr/lib/x86_64-linux-gnu/libdl-2.31.so
7f41ebb58000-7f41ebb5e000 r--p 00000000 08:01 4992554                    /usr/lib/x86_64-linux-gnu/libpthread-2.31.so
7f41ebb5e000-7f41ebb6f000 r-xp 00006000 08:01 4992554                    /usr/lib/x86_64-linux-gnu/libpthread-2.31.so
7f41ebb6f000-7f41ebb75000 r--p 00017000 08:01 4992554                    /usr/lib/x86_64-linux-gnu/libpthread-2.31.so
7f41ebb75000-7f41ebb76000 r--p 0001c000 08:01 4992554                    /usr/lib/x86_64-linux-gnu/libpthread-2.31.so
7f41ebb76000-7f41ebb77000 rw-p 0001d000 08:01 4992554                    /usr/lib/x86_64-linux-gnu/libpthread-2.31.so
7f41ebb77000-7f41ebb7b000 rw-p 00000000 00:00 0 
7f41ebb80000-7f41ebb83000 r--p 00000000 08:01 1840886                    /usr/share/code/resources/app/extensions/redhat.java-1.21.0-linux-x64/jre/17.0.7-linux-x86_64/lib/libjli.so
7f41ebb83000-7f41ebb8d000 r-xp 00003000 08:01 1840886                    /usr/share/code/resources/app/extensions/redhat.java-1.21.0-linux-x64/jre/17.0.7-linux-x86_64/lib/libjli.so
7f41ebb8d000-7f41ebb90000 r--p 0000d000 08:01 1840886                    /usr/share/code/resources/app/extensions/redhat.java-1.21.0-linux-x64/jre/17.0.7-linux-x86_64/lib/libjli.so
7f41ebb90000-7f41ebb91000 ---p 00010000 08:01 1840886                    /usr/share/code/resources/app/extensions/redhat.java-1.21.0-linux-x64/jre/17.0.7-linux-x86_64/lib/libjli.so
7f41ebb91000-7f41ebb92000 r--p 00010000 08:01 1840886                    /usr/share/code/resources/app/extensions/redhat.java-1.21.0-linux-x64/jre/17.0.7-linux-x86_64/lib/libjli.so
7f41ebb92000-7f41ebb93000 rw-p 00011000 08:01 1840886                    /usr/share/code/resources/app/extensions/redhat.java-1.21.0-linux-x64/jre/17.0.7-linux-x86_64/lib/libjli.so
7f41ebb98000-7f41ebb9a000 r--p 00000000 08:01 4981442                    /usr/lib/x86_64-linux-gnu/libz.so.1.2.11
7f41ebb9a000-7f41ebbab000 r-xp 00002000 08:01 4981442                    /usr/lib/x86_64-linux-gnu/libz.so.1.2.11
7f41ebbab000-7f41ebbb1000 r--p 00013000 08:01 4981442                    /usr/lib/x86_64-linux-gnu/libz.so.1.2.11
7f41ebbb1000-7f41ebbb2000 ---p 00019000 08:01 4981442                    /usr/lib/x86_64-linux-gnu/libz.so.1.2.11
7f41ebbb2000-7f41ebbb3000 r--p 00019000 08:01 4981442                    /usr/lib/x86_64-linux-gnu/libz.so.1.2.11
7f41ebbb3000-7f41ebbb4000 rw-p 0001a000 08:01 4981442                    /usr/lib/x86_64-linux-gnu/libz.so.1.2.11
7f41ebbb4000-7f41ebbb9000 rw-p 00000000 00:00 0 
7f41ebbb9000-7f41ebbc0000 ---p 00000000 00:00 0 
7f41ebbc0000-7f41ebbc2000 r--p 00000000 08:01 1840839                    /usr/share/code/resources/app/extensions/redhat.java-1.21.0-linux-x64/jre/17.0.7-linux-x86_64/lib/libinstrument.so
7f41ebbc2000-7f41ebbc8000 r-xp 00002000 08:01 1840839                    /usr/share/code/resources/app/extensions/redhat.java-1.21.0-linux-x64/jre/17.0.7-linux-x86_64/lib/libinstrument.so
7f41ebbc8000-7f41ebbcb000 r--p 00008000 08:01 1840839                    /usr/share/code/resources/app/extensions/redhat.java-1.21.0-linux-x64/jre/17.0.7-linux-x86_64/lib/libinstrument.so
7f41ebbcb000-7f41ebbcc000 r--p 0000a000 08:01 1840839                    /usr/share/code/resources/app/extensions/redhat.java-1.21.0-linux-x64/jre/17.0.7-linux-x86_64/lib/libinstrument.so
7f41ebbcc000-7f41ebbcd000 rw-p 0000b000 08:01 1840839                    /usr/share/code/resources/app/extensions/redhat.java-1.21.0-linux-x64/jre/17.0.7-linux-x86_64/lib/libinstrument.so
7f41ebbd2000-7f41ebbd3000 ---p 00000000 00:00 0 
7f41ebbd3000-7f41ebbd4000 r--p 00000000 00:00 0 
7f41ebbd4000-7f41ebbd8000 rw-p 00000000 00:00 0 
7f41ebbd8000-7f41ebbd9000 r--p 00000000 08:01 4992537                    /usr/lib/x86_64-linux-gnu/ld-2.31.so
7f41ebbd9000-7f41ebbfc000 r-xp 00001000 08:01 4992537                    /usr/lib/x86_64-linux-gnu/ld-2.31.so
7f41ebbfc000-7f41ebc04000 r--p 00024000 08:01 4992537                    /usr/lib/x86_64-linux-gnu/ld-2.31.so
7f41ebc04000-7f41ebc05000 ---p 00000000 00:00 0 
7f41ebc05000-7f41ebc06000 r--p 0002c000 08:01 4992537                    /usr/lib/x86_64-linux-gnu/ld-2.31.so
7f41ebc06000-7f41ebc07000 rw-p 0002d000 08:01 4992537                    /usr/lib/x86_64-linux-gnu/ld-2.31.so
7f41ebc07000-7f41ebc08000 rw-p 00000000 00:00 0 
7ffd131af000-7ffd131d1000 rw-p 00000000 00:00 0                          [stack]
7ffd131f8000-7ffd131fb000 r--p 00000000 00:00 0                          [vvar]
7ffd131fb000-7ffd131fc000 r-xp 00000000 00:00 0                          [vdso]
ffffffffff600000-ffffffffff601000 --xp 00000000 00:00 0                  [vsyscall]


VM Arguments:
jvm_args: --add-modules=ALL-SYSTEM --add-opens=java.base/java.util=ALL-UNNAMED --add-opens=java.base/java.lang=ALL-UNNAMED --add-opens=java.base/sun.nio.fs=ALL-UNNAMED -Declipse.application=org.eclipse.jdt.ls.core.id1 -Dosgi.bundles.defaultStartLevel=4 -Declipse.product=org.eclipse.jdt.ls.core.product -Djava.import.generatesMetadataFilesAtProjectRoot=false -Dfile.encoding=utf8 -XX:+UseParallelGC -XX:GCTimeRatio=4 -XX:AdaptiveSizePolicyWeight=90 -Dsun.zip.disableMemoryMapping=true -Xmx1G -Xms100m -Xlog:disable -javaagent:/usr/share/code/resources/app/extensions/redhat.java-1.21.0-linux-x64/lombok/lombok-1.18.28.jar -XX:+HeapDumpOnOutOfMemoryError -XX:HeapDumpPath=/home/erik.diniz.beserra/.config/Code/User/workspaceStorage/744e26f223d76c117024e576e025b18d/redhat.java -Daether.dependencyCollector.impl=bf 
java_command: /usr/share/code/resources/app/extensions/redhat.java-1.21.0-linux-x64/server/plugins/org.eclipse.equinox.launcher_1.6.500.v20230717-2134.jar -configuration /home/erik.diniz.beserra/.config/Code/User/globalStorage/redhat.java/1.21.0/config_linux -data /home/erik.diniz.beserra/.config/Code/User/workspaceStorage/744e26f223d76c117024e576e025b18d/redhat.java/jdt_ws
java_class_path (initial): /usr/share/code/resources/app/extensions/redhat.java-1.21.0-linux-x64/server/plugins/org.eclipse.equinox.launcher_1.6.500.v20230717-2134.jar
Launcher Type: SUN_STANDARD

[Global flags]
    uintx AdaptiveSizePolicyWeight                 = 90                                        {product} {command line}
     intx CICompilerCount                          = 3                                         {product} {ergonomic}
    uintx GCTimeRatio                              = 4                                         {product} {command line}
     bool HeapDumpOnOutOfMemoryError               = true                                   {manageable} {command line}
    ccstr HeapDumpPath                             = /home/erik.diniz.beserra/.config/Code/User/workspaceStorage/744e26f223d76c117024e576e025b18d/redhat.java         {manageable} {command line}
   size_t InitialHeapSize                          = 104857600                                 {product} {command line}
   size_t MaxHeapSize                              = 1073741824                                {product} {command line}
   size_t MaxNewSize                               = 357564416                                 {product} {ergonomic}
   size_t MinHeapDeltaBytes                        = 524288                                    {product} {ergonomic}
   size_t MinHeapSize                              = 104857600                                 {product} {command line}
   size_t NewSize                                  = 34603008                                  {product} {ergonomic}
    uintx NonNMethodCodeHeapSize                   = 5832780                                {pd product} {ergonomic}
    uintx NonProfiledCodeHeapSize                  = 122912730                              {pd product} {ergonomic}
   size_t OldSize                                  = 70254592                                  {product} {ergonomic}
    uintx ProfiledCodeHeapSize                     = 122912730                              {pd product} {ergonomic}
    uintx ReservedCodeCacheSize                    = 251658240                              {pd product} {ergonomic}
     bool SegmentedCodeCache                       = true                                      {product} {ergonomic}
   size_t SoftMaxHeapSize                          = 1073741824                             {manageable} {ergonomic}
     bool UseCompressedClassPointers               = true                           {product lp64_product} {ergonomic}
     bool UseCompressedOops                        = true                           {product lp64_product} {ergonomic}
     bool UseParallelGC                            = true                                      {product} {command line}

Logging:
Log output configuration:
 #0: stdout all=off uptime,level,tags
 #1: stderr all=off uptime,level,tags

Environment Variables:
JAVA_HOME=/usr/lib/jvm/java-17-openjdk-amd64/
PATH=/usr/local/sbin:/usr/local/bin:/usr/sbin:/usr/bin:/sbin:/bin:/usr/games:/usr/local/games:/snap/bin:/opt/puppetlabs/bin:/home/erik.diniz.beserra/.local/bin:/home/erik.diniz.beserra/bin:/usr/local/go/bin:/home/erik.diniz.beserra/.local/bin:/home/erik.diniz.beserra/bin:/usr/local/go/bin
SHELL=/bin/bash
DISPLAY=:0
LANG=pt_BR.UTF-8

Active Locale:
LC_ALL=pt_BR.UTF-8
LC_COLLATE=pt_BR.UTF-8
LC_CTYPE=pt_BR.UTF-8
LC_MESSAGES=pt_BR.UTF-8
LC_MONETARY=pt_BR.UTF-8
LC_NUMERIC=pt_BR.UTF-8
LC_TIME=pt_BR.UTF-8

Signal Handlers:
   SIGSEGV: crash_handler in libjvm.so, mask=11100100010111111101111111111110, flags=SA_RESTART|SA_SIGINFO, unblocked
    SIGBUS: crash_handler in libjvm.so, mask=11100100010111111101111111111110, flags=SA_RESTART|SA_SIGINFO, unblocked
    SIGFPE: crash_handler in libjvm.so, mask=11100100010111111101111111111110, flags=SA_RESTART|SA_SIGINFO, unblocked
   SIGPIPE: javaSignalHandler in libjvm.so, mask=11100100010111111101111111111110, flags=SA_RESTART|SA_SIGINFO, blocked
   SIGXFSZ: javaSignalHandler in libjvm.so, mask=11100100010111111101111111111110, flags=SA_RESTART|SA_SIGINFO, blocked
    SIGILL: crash_handler in libjvm.so, mask=11100100010111111101111111111110, flags=SA_RESTART|SA_SIGINFO, unblocked
   SIGUSR2: SR_handler in libjvm.so, mask=00000000000000000000000000000000, flags=SA_RESTART|SA_SIGINFO, blocked
    SIGHUP: UserHandler in libjvm.so, mask=11100100010111111101111111111110, flags=SA_RESTART|SA_SIGINFO, blocked
    SIGINT: UserHandler in libjvm.so, mask=11100100010111111101111111111110, flags=SA_RESTART|SA_SIGINFO, blocked
   SIGTERM: UserHandler in libjvm.so, mask=11100100010111111101111111111110, flags=SA_RESTART|SA_SIGINFO, blocked
   SIGQUIT: UserHandler in libjvm.so, mask=11100100010111111101111111111110, flags=SA_RESTART|SA_SIGINFO, blocked
   SIGTRAP: crash_handler in libjvm.so, mask=11100100010111111101111111111110, flags=SA_RESTART|SA_SIGINFO, unblocked


---------------  S Y S T E M  ---------------

OS:
DISTRIB_ID=LinuxMint
DISTRIB_RELEASE=20.3
DISTRIB_CODENAME=una
DISTRIB_DESCRIPTION="Linux Mint 20.3 Una"
uname: Linux 5.4.0-156-generic #173-Ubuntu SMP Tue Jul 11 07:25:22 UTC 2023 x86_64
OS uptime: 0 days 3:12 hours
libc: glibc 2.31 NPTL 2.31 
rlimit (soft/hard): STACK 8192k/infinity , CORE 0k/infinity , NPROC 3000/3000 , NOFILE 1048576/1048576 , AS infinity/infinity , CPU infinity/infinity , DATA infinity/infinity , FSIZE infinity/infinity , MEMLOCK 65536k/65536k
load average: 5,88 3,39 1,41

/proc/meminfo:
MemTotal:        7549120 kB
MemFree:         1741572 kB
MemAvailable:    5517008 kB
Buffers:          319428 kB
Cached:          3524536 kB
SwapCached:            0 kB
Active:          2811232 kB
Inactive:        2368640 kB
Active(anon):    1345188 kB
Inactive(anon):   114960 kB
Active(file):    1466044 kB
Inactive(file):  2253680 kB
Unevictable:          64 kB
Mlocked:              64 kB
SwapTotal:       7810044 kB
SwapFree:        7810044 kB
Dirty:            502292 kB
Writeback:             8 kB
AnonPages:       1335880 kB
Mapped:           713004 kB
Shmem:            124228 kB
KReclaimable:     357812 kB
Slab:             469660 kB
SReclaimable:     357812 kB
SUnreclaim:       111848 kB
KernelStack:       12024 kB
PageTables:        24568 kB
NFS_Unstable:          0 kB
Bounce:                0 kB
WritebackTmp:          0 kB
CommitLimit:    11584604 kB
Committed_AS:    6417176 kB
VmallocTotal:   34359738367 kB
VmallocUsed:       30160 kB
VmallocChunk:          0 kB
Percpu:             3056 kB
HardwareCorrupted:     0 kB
AnonHugePages:         0 kB
ShmemHugePages:        0 kB
ShmemPmdMapped:        0 kB
FileHugePages:         0 kB
FilePmdMapped:         0 kB
CmaTotal:              0 kB
CmaFree:               0 kB
HugePages_Total:       0
HugePages_Free:        0
HugePages_Rsvd:        0
HugePages_Surp:        0
Hugepagesize:       2048 kB
Hugetlb:               0 kB
DirectMap4k:      346944 kB
DirectMap2M:     7446528 kB
DirectMap1G:     1048576 kB

/sys/kernel/mm/transparent_hugepage/enabled: always [madvise] never
/sys/kernel/mm/transparent_hugepage/defrag (defrag/compaction efforts parameter): always defer defer+madvise [madvise] never

Process Memory:
Virtual Size: 4740824K (peak: 4746496K)
Resident Set Size: 288204K (peak: 288204K) (anon: 256100K, file: 32104K, shmem: 0K)
Swapped out: 0K
C-Heap outstanding allocations: 74362K, retained: 54445K
glibc malloc tunables: (default)

/proc/sys/kernel/threads-max (system-wide limit on the number of threads): 58225
/proc/sys/vm/max_map_count (maximum number of memory map areas a process may have): 65530
/proc/sys/kernel/pid_max (system-wide limit on number of process identifiers): 4194304

container (cgroup) information:
container_type: cgroupv1
cpu_cpuset_cpus: 0-3
cpu_memory_nodes: 0
active_processor_count: 4
cpu_quota: no quota
cpu_period: 100000
cpu_shares: no shares
memory_limit_in_bytes: unlimited
memory_and_swap_limit_in_bytes: not supported
memory_soft_limit_in_bytes: unlimited
memory_usage_in_bytes: 2332136 k
memory_max_usage_in_bytes: 2962984 k
kernel_memory_usage_in_bytes: 65376 k
kernel_memory_max_usage_in_bytes: unlimited
kernel_memory_limit_in_bytes: 69892 k
maximum number of tasks: unlimited
current number of tasks: 423

Steal ticks since vm start: 0
Steal ticks percentage since vm start:  0,000

CPU: total 4 (initial active 4) (4 cores per cpu, 1 threads per core) family 21 model 101 stepping 1 microcode 0x600611a, cx8, cmov, fxsr, mmx, 3dnowpref, sse, sse2, sse3, ssse3, sse4a, sse4.1, sse4.2, popcnt, lzcnt, tsc, tscinvbit, avx, avx2, aes, clmul, bmi1, bmi2, fma, vzeroupper, clflush
CPU Model and flags from /proc/cpuinfo:
model name	: AMD PRO A10-8770E R7, 10 COMPUTE CORES 4C+6G
flags		: fpu vme de pse tsc msr pae mce cx8 apic sep mtrr pge mca cmov pat pse36 clflush mmx fxsr sse sse2 ht syscall nx mmxext fxsr_opt pdpe1gb rdtscp lm constant_tsc rep_good acc_power nopl nonstop_tsc cpuid extd_apicid aperfmperf pni pclmulqdq monitor ssse3 fma cx16 sse4_1 sse4_2 movbe popcnt aes xsave avx f16c lahf_lm cmp_legacy svm extapic cr8_legacy abm sse4a misalignsse 3dnowprefetch osvw ibs xop skinit wdt lwp fma4 tce nodeid_msr tbm topoext perfctr_core perfctr_nb bpext ptsc mwaitx cpb hw_pstate ssbd ibpb vmmcall fsgsbase bmi1 avx2 smep bmi2 xsaveopt arat npt lbrv svm_lock nrip_save tsc_scale vmcb_clean flushbyasid decodeassists pausefilter pfthreshold avic vgif overflow_recov

Online cpus: 0-3
Offline cpus: 
BIOS frequency limitation: 2800000
Frequency switch latency (ns): 4000
Available cpu frequencies: 2800000 2600000 2100000 1300000 800000 
Current governor: ondemand
Core performance/turbo boost: 1

Memory: 4k page, physical 7549120k(1741372k free), swap 7810044k(7810044k free)
Page Sizes: 4k

vm_info: OpenJDK 64-Bit Server VM (17.0.7+7) for linux-amd64 JRE (17.0.7+7), built on Apr 18 2023 00:00:00 by "temurin" with gcc 10.3.0

END.
